SF:lib\core\homes\models.dart
DA:12,1
DA:19,1
DA:20,2
DA:21,2
DA:23,1
DA:24,1
DA:27,1
DA:28,1
DA:29,1
DA:31,1
DA:32,1
DA:33,1
DA:34,1
DA:36,1
DA:40,1
DA:52,3
DA:59,0
DA:60,0
DA:61,0
DA:62,0
DA:63,0
DA:64,0
DA:65,0
DA:78,2
DA:87,0
DA:88,0
DA:89,0
DA:90,0
DA:91,0
DA:93,0
DA:94,0
DA:95,0
DA:96,0
DA:100,4
DA:106,1
DA:108,1
DA:109,2
DA:110,1
DA:111,1
DA:124,1
DA:134,0
DA:136,0
DA:137,0
DA:138,0
DA:139,0
DA:140,0
DA:141,0
DA:143,0
DA:144,0
DA:145,0
DA:146,0
LF:51
LH:24
end_of_record
SF:lib\core\mood\enums\mood_scale.dart
DA:11,0
DA:12,0
DA:13,0
DA:14,0
LF:4
LH:0
end_of_record
SF:lib\core\mood\models.dart
DA:9,0
DA:11,0
DA:12,0
DA:13,0
DA:16,0
DA:17,0
DA:24,1
DA:26,1
DA:27,1
DA:28,1
DA:29,1
DA:33,1
DA:34,3
DA:46,1
DA:56,0
DA:57,0
DA:58,0
DA:59,0
DA:60,0
DA:61,0
DA:62,0
DA:63,0
DA:64,0
DA:68,1
DA:69,1
DA:70,1
DA:71,1
DA:72,1
DA:73,1
DA:74,1
DA:75,1
DA:76,1
DA:85,1
DA:91,0
DA:92,0
DA:93,0
DA:94,0
DA:95,0
DA:96,0
DA:97,0
DA:101,0
DA:102,0
DA:109,2
DA:111,0
DA:112,0
DA:113,0
DA:114,0
DA:118,1
DA:119,3
DA:127,2
DA:133,0
DA:134,0
DA:135,0
DA:136,0
DA:137,0
DA:141,0
DA:142,0
LF:57
LH:22
end_of_record
SF:lib\core\time\timezone.dart
DA:10,0
DA:12,0
DA:13,0
DA:15,0
DA:16,0
DA:19,0
DA:21,0
DA:22,0
DA:25,0
DA:28,0
DA:29,0
DA:32,0
DA:33,0
DA:36,0
DA:38,0
DA:39,0
DA:40,0
DA:41,0
LF:18
LH:0
end_of_record
SF:lib\core\mood\supabase_mood_repository.dart
DA:18,1
DA:19,0
DA:22,0
DA:23,0
DA:25,0
DA:27,0
DA:29,0
DA:31,0
DA:32,0
DA:33,0
DA:34,0
DA:39,1
DA:47,2
DA:49,1
DA:50,1
DA:51,2
DA:52,1
DA:53,1
DA:56,1
DA:57,0
DA:59,1
DA:60,0
DA:63,2
DA:64,1
DA:65,1
DA:66,1
DA:68,0
DA:69,0
DA:77,0
DA:78,0
DA:82,0
DA:89,0
DA:91,0
DA:92,0
DA:93,0
DA:95,0
DA:96,0
DA:99,0
DA:101,0
DA:102,0
DA:103,0
DA:106,0
DA:109,0
DA:110,0
DA:111,0
DA:112,0
DA:114,0
DA:126,0
DA:128,0
DA:130,0
DA:133,0
DA:134,0
DA:135,0
DA:137,0
DA:138,0
DA:140,0
DA:141,0
DA:151,0
DA:153,0
DA:155,0
DA:159,0
DA:161,0
DA:163,0
DA:167,0
DA:168,0
DA:169,0
DA:173,0
DA:174,0
DA:176,0
DA:177,0
DA:185,0
DA:187,0
DA:189,0
DA:191,0
DA:195,0
DA:198,0
DA:200,0
DA:203,0
LF:78
LH:14
end_of_record
SF:lib\core\supabase\supabase_error_mapper.dart
DA:22,2
DA:24,0
DA:25,0
DA:33,0
DA:35,0
DA:36,0
DA:40,0
DA:43,0
DA:45,0
DA:46,0
DA:49,0
DA:52,0
DA:55,0
DA:56,0
DA:57,0
DA:58,0
DA:59,0
DA:60,0
DA:66,0
DA:67,0
DA:68,0
DA:73,0
DA:74,0
DA:79,0
DA:80,0
DA:85,0
DA:86,0
DA:91,0
DA:92,0
DA:97,0
DA:98,0
DA:104,0
DA:113,0
DA:117,0
DA:118,0
DA:119,0
DA:121,0
DA:125,0
DA:126,0
DA:127,0
DA:128,0
DA:129,0
DA:131,0
DA:132,0
DA:134,0
DA:135,0
DA:137,0
DA:138,0
DA:140,0
DA:141,0
DA:143,0
DA:144,0
DA:147,0
DA:149,0
DA:150,0
DA:155,0
DA:159,0
DA:160,0
DA:161,0
DA:163,0
DA:164,0
DA:165,0
DA:166,0
DA:167,0
DA:169,0
DA:170,0
DA:172,0
DA:173,0
DA:175,0
DA:176,0
DA:179,0
DA:181,0
DA:182,0
DA:186,0
DA:190,0
DA:191,0
DA:192,0
DA:194,0
DA:195,0
DA:196,0
DA:197,0
DA:198,0
DA:200,0
DA:201,0
DA:203,0
DA:204,0
DA:206,0
DA:207,0
DA:210,0
DA:212,0
DA:213,0
DA:217,0
DA:221,0
DA:222,0
DA:223,0
DA:225,0
DA:228,0
DA:229,0
DA:230,0
DA:231,0
DA:232,0
DA:233,0
DA:235,0
DA:236,0
DA:238,0
DA:239,0
DA:241,0
DA:242,0
DA:245,0
DA:246,0
DA:248,0
DA:249,0
DA:252,0
DA:254,0
DA:255,0
DA:259,0
DA:261,0
DA:266,0
DA:267,0
DA:268,0
DA:270,0
DA:273,0
DA:274,0
DA:275,0
DA:276,0
DA:277,0
DA:279,0
DA:280,0
DA:282,0
DA:283,0
DA:285,0
DA:286,0
DA:288,0
DA:289,0
DA:291,0
DA:292,0
DA:294,0
DA:295,0
DA:297,0
DA:298,0
DA:300,0
DA:301,0
DA:303,0
DA:304,0
DA:307,0
DA:309,0
DA:310,0
DA:314,0
DA:318,0
DA:319,0
DA:320,0
DA:322,0
DA:323,0
DA:324,0
DA:325,0
DA:326,0
DA:328,0
DA:329,0
DA:331,0
DA:332,0
DA:334,0
DA:335,0
DA:337,0
DA:338,0
DA:340,0
DA:341,0
DA:343,0
DA:344,0
DA:346,0
DA:347,0
DA:349,0
DA:350,0
DA:352,0
DA:353,0
DA:356,0
DA:358,0
DA:359,0
DA:363,0
DA:367,0
DA:368,0
DA:369,0
DA:371,0
DA:374,0
DA:375,0
DA:376,0
DA:377,0
DA:378,0
DA:380,0
DA:381,0
DA:383,0
DA:384,0
DA:386,0
DA:387,0
DA:389,0
DA:390,0
DA:392,0
DA:393,0
DA:395,0
DA:396,0
DA:397,0
DA:399,0
DA:400,0
DA:402,0
DA:403,0
DA:405,0
DA:406,0
DA:408,0
DA:409,0
DA:411,0
DA:412,0
DA:415,0
DA:417,0
DA:418,0
DA:422,0
DA:424,0
DA:429,0
DA:430,0
DA:431,0
DA:433,0
DA:436,0
DA:437,0
DA:438,0
DA:439,0
DA:440,0
DA:442,0
DA:443,0
DA:445,0
DA:446,0
DA:448,0
DA:449,0
DA:451,0
DA:452,0
DA:454,0
DA:455,0
DA:457,0
DA:458,0
DA:460,0
DA:461,0
DA:463,0
DA:464,0
DA:466,0
DA:467,0
DA:470,0
DA:472,0
DA:473,0
DA:477,0
DA:481,0
DA:482,0
DA:483,0
DA:485,0
DA:486,0
DA:487,0
DA:488,0
DA:489,0
DA:491,0
DA:492,0
DA:494,0
DA:495,0
DA:497,0
DA:498,0
DA:500,0
DA:501,0
DA:503,0
DA:504,0
DA:506,0
DA:507,0
DA:509,0
DA:510,0
DA:512,0
DA:513,0
DA:515,0
DA:516,0
DA:519,0
DA:521,0
DA:522,0
DA:526,0
DA:530,0
DA:532,0
DA:533,0
DA:534,0
DA:535,0
DA:536,0
DA:538,0
DA:539,0
DA:544,0
DA:548,0
DA:549,0
DA:550,0
DA:552,0
DA:553,0
DA:554,0
DA:555,0
DA:556,0
DA:557,0
DA:559,0
DA:560,0
DA:562,0
DA:563,0
DA:565,0
DA:566,0
DA:568,0
DA:569,0
DA:571,0
DA:572,0
DA:574,0
DA:575,0
DA:577,0
DA:578,0
DA:580,0
DA:581,0
DA:583,0
DA:584,0
DA:586,0
DA:587,0
DA:589,0
DA:590,0
DA:592,0
DA:593,0
DA:595,0
DA:596,0
DA:598,0
DA:599,0
DA:601,0
DA:602,0
DA:604,0
DA:605,0
DA:606,0
DA:608,0
DA:609,0
DA:611,0
DA:612,0
DA:614,0
DA:615,0
DA:617,0
DA:618,0
DA:620,0
DA:621,0
DA:623,0
DA:624,0
DA:626,0
DA:627,0
DA:630,0
DA:632,0
DA:633,0
DA:637,0
DA:641,0
DA:642,0
DA:643,0
DA:645,0
DA:646,0
DA:647,0
DA:648,0
DA:649,0
DA:651,0
DA:652,0
DA:654,0
DA:655,0
DA:657,0
DA:658,0
DA:660,0
DA:661,0
DA:663,0
DA:664,0
DA:666,0
DA:667,0
DA:669,0
DA:670,0
DA:672,0
DA:673,0
DA:675,0
DA:676,0
DA:678,0
DA:679,0
DA:681,0
DA:682,0
DA:684,0
DA:685,0
DA:687,0
DA:688,0
DA:690,0
DA:691,0
DA:693,0
DA:694,0
DA:696,0
DA:697,0
DA:699,0
DA:700,0
DA:702,0
DA:703,0
DA:705,0
DA:706,0
DA:708,0
DA:709,0
DA:711,0
DA:712,0
DA:714,0
DA:715,0
DA:717,0
DA:718,0
DA:720,0
DA:721,0
DA:723,0
DA:724,0
DA:726,0
DA:727,0
DA:729,0
DA:730,0
DA:732,0
DA:733,0
DA:735,0
DA:736,0
DA:738,0
DA:739,0
DA:741,0
DA:742,0
DA:744,0
DA:745,0
DA:747,0
DA:748,0
DA:750,0
DA:751,0
DA:753,0
DA:754,0
DA:756,0
DA:757,0
DA:759,0
DA:760,0
DA:763,0
DA:765,0
DA:766,0
DA:770,0
DA:778,0
DA:785,0
DA:786,0
DA:787,0
DA:794,0
DA:795,0
DA:796,0
DA:803,0
DA:804,0
DA:805,0
DA:812,0
DA:813,0
DA:814,0
DA:821,0
DA:822,0
DA:823,0
DA:830,0
DA:831,0
DA:832,0
DA:839,0
DA:841,0
DA:842,0
DA:850,0
DA:852,0
DA:853,0
LF:456
LH:1
end_of_record
SF:lib\core\supabase\enums\mood_error_code.dart
DA:15,2
DA:17,0
DA:18,0
LF:3
LH:1
end_of_record
SF:lib\core\supabase\enums\nps_submit_error_code.dart
DA:15,0
DA:17,0
DA:18,0
LF:3
LH:0
end_of_record
SF:lib\data\repositories\auth_repository.dart
DA:12,0
LF:1
LH:0
end_of_record
SF:lib\features\auth\bloc\auth_state.dart
DA:8,3
DA:24,6
DA:25,0
DA:26,0
DA:28,2
DA:36,2
DA:37,1
DA:38,3
DA:39,1
DA:41,3
DA:42,1
DA:44,2
DA:45,1
DA:52,2
DA:53,2
DA:54,2
DA:55,2
DA:56,2
DA:57,2
DA:58,2
DA:59,2
LF:21
LH:19
end_of_record
SF:lib\features\auth\bloc\auth_event.dart
DA:4,2
DA:6,0
DA:7,0
DA:11,0
DA:15,0
DA:19,0
DA:23,0
DA:27,0
DA:31,2
DA:35,0
DA:36,0
LF:11
LH:2
end_of_record
SF:lib\features\auth\bloc\auth_bloc.dart
DA:16,2
DA:21,2
DA:22,4
DA:23,4
DA:24,4
DA:25,4
DA:26,4
DA:27,4
DA:29,8
DA:30,3
DA:32,8
DA:39,2
DA:43,2
DA:45,2
DA:46,4
DA:58,1
DA:59,2
DA:61,1
DA:68,1
DA:71,1
DA:75,3
DA:78,1
DA:82,3
DA:85,1
DA:89,3
DA:92,1
DA:96,3
DA:98,1
DA:100,4
DA:104,0
DA:105,0
DA:106,0
DA:110,1
DA:114,2
DA:115,1
DA:118,1
DA:119,3
DA:121,2
DA:122,1
DA:123,2
DA:132,1
DA:133,2
DA:142,2
DA:144,4
DA:145,2
LF:45
LH:42
end_of_record
SF:lib\core\dopamine\dopamine_models.dart
DA:14,3
DA:23,3
DA:31,3
DA:32,3
DA:33,3
DA:34,3
DA:35,3
DA:36,0
DA:37,3
LF:9
LH:8
end_of_record
SF:lib\core\dopamine\dopamine_overlay.dart
DA:15,3
DA:26,0
DA:27,0
DA:30,3
DA:31,3
DA:45,3
DA:46,9
DA:47,7
DA:49,4
DA:53,2
DA:54,2
DA:57,1
DA:60,3
DA:61,3
DA:64,9
DA:66,6
DA:68,5
DA:70,3
DA:71,2
DA:73,6
DA:82,6
DA:84,6
DA:85,3
DA:86,3
DA:91,9
DA:93,3
DA:94,6
DA:95,6
DA:96,4
DA:98,2
DA:100,12
DA:104,6
DA:105,6
DA:106,3
DA:108,9
DA:111,3
DA:112,6
DA:113,6
DA:114,9
DA:117,3
DA:118,6
DA:119,3
DA:120,6
DA:121,3
DA:122,6
DA:123,3
DA:126,3
DA:127,2
DA:128,1
DA:129,1
DA:130,0
DA:131,1
DA:133,0
DA:134,0
DA:136,0
DA:137,0
DA:142,2
DA:145,6
DA:146,8
DA:147,2
DA:150,3
DA:152,3
DA:153,3
DA:156,3
DA:158,6
DA:163,3
DA:173,3
DA:175,9
DA:176,3
DA:177,3
DA:178,3
DA:179,3
DA:180,9
DA:181,6
DA:183,8
DA:186,6
DA:188,8
DA:190,8
DA:191,9
DA:193,3
DA:194,3
DA:196,3
DA:197,6
DA:198,6
DA:199,3
DA:202,3
DA:204,3
DA:205,6
DA:206,6
DA:207,3
DA:208,3
DA:209,3
DA:216,3
DA:217,12
DA:218,12
DA:219,3
DA:221,3
DA:223,3
DA:226,6
DA:238,3
DA:239,6
DA:241,3
DA:242,5
DA:243,2
DA:244,5
DA:245,0
DA:246,0
DA:247,0
DA:248,0
DA:254,3
DA:264,3
DA:266,6
DA:267,6
DA:274,3
DA:277,3
DA:279,3
DA:280,3
DA:281,6
DA:282,6
DA:286,3
DA:287,3
DA:288,6
DA:297,3
DA:298,3
DA:299,3
DA:301,6
DA:308,3
DA:310,3
DA:312,2
DA:314,0
DA:316,0
LF:131
LH:118
end_of_record
SF:lib\core\time\clock.dart
DA:9,2
DA:11,2
DA:12,2
LF:3
LH:3
end_of_record
SF:lib\core\telemetry\telemetry.dart
DA:8,2
DA:10,1
LF:2
LH:2
end_of_record
SF:lib\core\theme\color_tokens.dart
DA:6,12
DA:58,0
DA:85,0
DA:86,0
DA:87,0
DA:88,0
DA:89,0
DA:90,0
DA:91,0
DA:92,0
DA:93,0
DA:94,0
DA:95,0
DA:96,0
DA:97,0
DA:98,0
DA:99,0
DA:100,0
DA:101,0
DA:102,0
DA:103,0
DA:104,0
DA:105,0
DA:106,0
DA:107,0
DA:108,0
DA:109,0
DA:113,1
DA:115,1
DA:117,2
DA:119,1
DA:120,3
DA:121,3
DA:122,3
DA:124,3
DA:125,3
DA:126,3
DA:128,3
DA:130,3
DA:131,3
DA:132,3
DA:133,3
DA:134,3
DA:135,3
DA:137,3
DA:138,3
DA:139,3
DA:140,3
DA:141,3
DA:142,3
DA:143,3
DA:144,3
DA:145,3
DA:146,3
DA:147,3
LF:55
LH:29
end_of_record
SF:lib\core\theme\elevation.dart
DA:7,3
DA:34,0
DA:43,0
DA:44,0
DA:45,0
DA:46,0
DA:47,0
DA:48,0
DA:49,0
DA:53,1
DA:55,1
DA:57,4
DA:59,1
DA:60,3
DA:61,3
DA:62,3
DA:63,3
DA:64,3
DA:65,3
LF:19
LH:11
end_of_record
SF:lib\core\theme\radius.dart
DA:7,3
DA:35,0
DA:36,12
DA:37,2
DA:38,6
DA:40,0
DA:49,0
DA:50,0
DA:51,0
DA:52,0
DA:53,0
DA:54,0
DA:55,0
DA:59,1
DA:61,1
DA:63,4
DA:65,1
DA:66,3
DA:67,3
DA:68,3
DA:69,3
DA:70,3
DA:71,3
LF:23
LH:14
end_of_record
SF:lib\core\theme\spacing.dart
DA:9,3
DA:45,22
DA:46,16
DA:47,22
DA:49,0
DA:60,0
DA:61,0
DA:62,0
DA:63,0
DA:64,0
DA:65,0
DA:66,0
DA:67,0
DA:68,0
DA:72,1
DA:74,1
DA:76,4
DA:78,1
DA:79,3
DA:80,3
DA:81,3
DA:82,3
DA:83,3
DA:84,3
DA:85,3
DA:86,3
LF:26
LH:16
end_of_record
SF:lib\core\theme\typography_tokens.dart
DA:7,11
DA:35,11
DA:37,11
DA:39,11
DA:40,11
DA:41,11
DA:42,11
DA:44,11
DA:45,11
DA:46,11
DA:47,11
DA:48,11
DA:49,11
DA:50,11
DA:51,11
DA:52,11
DA:53,11
DA:54,11
DA:55,11
DA:56,11
DA:60,0
DA:75,0
DA:76,0
DA:77,0
DA:78,0
DA:79,0
DA:80,0
DA:81,0
DA:82,0
DA:83,0
DA:84,0
DA:85,0
DA:86,0
DA:87,0
DA:91,1
DA:93,1
DA:94,1
DA:95,3
DA:96,3
DA:97,3
DA:98,3
DA:99,3
DA:100,3
DA:101,3
DA:102,3
DA:103,3
DA:104,3
DA:105,3
DA:106,3
LF:49
LH:35
end_of_record
SF:lib\core\ui\buttons\kinly_filled_button.dart
DA:15,8
DA:27,1
DA:37,1
DA:40,1
DA:50,0
DA:59,0
DA:72,7
DA:81,7
DA:94,0
DA:102,0
DA:121,8
DA:123,31
DA:125,8
DA:126,8
DA:127,16
DA:128,8
DA:129,8
DA:130,8
DA:131,8
DA:133,16
DA:134,16
DA:137,8
DA:138,1
DA:141,1
DA:142,1
DA:143,2
DA:144,3
DA:147,14
DA:153,8
DA:154,0
DA:155,0
DA:158,0
DA:159,0
DA:162,8
DA:163,8
DA:166,8
DA:170,11
DA:171,8
DA:172,8
DA:173,14
DA:177,12
DA:178,4
DA:179,4
DA:181,0
DA:182,0
DA:187,8
DA:188,8
DA:189,8
DA:194,14
DA:196,8
DA:198,8
DA:199,15
LF:52
LH:42
end_of_record
SF:lib\core\ui\buttons\kinly_outlined_button.dart
DA:16,2
DA:27,0
DA:36,0
DA:39,0
DA:48,2
DA:56,2
DA:74,2
DA:76,7
DA:78,2
DA:79,2
DA:80,2
DA:81,2
DA:82,2
DA:84,2
DA:85,4
DA:97,0
DA:98,0
DA:100,2
DA:104,4
DA:105,4
DA:107,2
DA:108,0
DA:110,0
DA:111,0
DA:112,0
DA:113,0
DA:114,0
DA:115,0
DA:121,2
DA:122,2
DA:127,2
DA:129,2
DA:130,2
DA:133,2
DA:134,4
DA:136,1
DA:137,3
DA:140,2
DA:141,0
DA:142,0
DA:144,0
DA:145,0
DA:150,2
DA:151,2
DA:152,2
DA:157,2
DA:159,2
DA:162,3
LF:48
LH:32
end_of_record
SF:lib\core\ui\dialogs\kinly_alert_dialog.dart
DA:12,1
DA:31,0
DA:37,0
DA:46,1
DA:55,1
DA:66,1
DA:68,1
DA:69,1
DA:70,1
DA:71,1
DA:72,1
DA:73,1
DA:74,1
DA:77,0
DA:78,3
DA:81,0
DA:82,3
DA:83,1
DA:87,1
DA:88,0
DA:89,0
DA:90,0
DA:92,1
DA:93,1
DA:94,1
DA:98,1
DA:99,1
DA:101,1
DA:102,1
DA:108,1
DA:109,1
DA:110,1
DA:111,2
DA:113,1
DA:114,2
DA:115,1
DA:116,2
DA:117,2
DA:119,1
DA:120,1
DA:121,1
DA:122,1
DA:125,3
LF:43
LH:36
end_of_record
SF:lib\core\theme\app_sizes.dart
DA:7,3
DA:38,0
DA:48,0
DA:49,0
DA:50,0
DA:51,0
DA:52,0
DA:53,0
DA:54,0
DA:55,0
DA:59,1
DA:61,1
DA:63,4
DA:65,1
DA:66,3
DA:67,3
DA:68,3
DA:69,3
DA:70,3
DA:71,3
DA:72,3
LF:21
LH:12
end_of_record
SF:lib\core\theme\kinly_palette.dart
DA:33,12
DA:34,12
DA:37,12
DA:73,12
DA:74,12
DA:84,12
DA:85,12
DA:141,12
DA:142,12
DA:144,2
DA:145,2
DA:146,2
DA:148,12
DA:151,12
DA:157,12
DA:158,12
DA:159,12
DA:160,12
DA:161,12
DA:162,12
DA:163,12
DA:164,12
DA:165,12
DA:166,12
DA:167,12
DA:168,12
DA:169,12
DA:170,12
DA:171,12
DA:172,12
DA:173,12
DA:174,12
DA:175,12
DA:176,12
DA:181,12
DA:182,12
DA:186,12
DA:187,12
DA:188,12
DA:190,12
DA:191,12
DA:192,12
DA:193,12
DA:200,12
DA:220,13
DA:222,0
DA:224,0
DA:227,1
DA:229,1
DA:230,1
DA:231,3
DA:232,3
DA:243,3
DA:249,0
DA:255,0
DA:256,0
DA:257,0
DA:258,0
DA:262,1
DA:267,1
DA:268,1
DA:269,3
DA:270,3
DA:271,3
LF:64
LH:57
end_of_record
SF:lib\core\theme\kinly_sections.dart
DA:10,5
DA:17,0
DA:23,0
DA:24,0
DA:25,0
DA:26,0
DA:27,0
DA:31,1
DA:32,2
DA:33,1
DA:34,3
DA:35,3
DA:36,3
DA:37,3
DA:49,5
DA:56,0
DA:63,0
DA:64,0
DA:65,0
DA:66,0
DA:67,0
DA:71,1
DA:73,1
DA:74,1
DA:75,3
DA:76,3
DA:77,3
DA:78,3
LF:28
LH:16
end_of_record
SF:lib\core\theme\kinly_theme.dart
DA:14,11
DA:15,11
DA:16,11
DA:19,11
DA:20,11
DA:21,11
DA:22,11
DA:23,11
DA:24,11
DA:25,11
DA:26,11
DA:27,11
DA:28,11
DA:29,11
DA:30,11
DA:31,11
DA:32,11
DA:33,11
DA:37,11
DA:38,11
DA:40,11
DA:41,11
DA:42,22
DA:43,11
DA:47,11
DA:48,11
DA:50,11
DA:51,11
DA:52,22
DA:53,11
DA:57,11
DA:58,11
DA:61,23
DA:62,11
DA:63,11
DA:64,1
DA:65,11
DA:67,22
DA:68,11
DA:72,11
DA:74,11
DA:75,22
DA:98,11
DA:118,11
DA:123,11
DA:128,11
DA:133,11
DA:136,11
DA:137,11
DA:138,11
LF:50
LH:50
end_of_record
SF:lib\core\theme\motion.dart
DA:8,13
DA:29,0
DA:40,0
DA:41,0
DA:42,0
DA:43,0
DA:44,0
DA:45,0
DA:46,0
DA:47,0
DA:48,0
DA:52,1
DA:54,1
DA:56,2
DA:58,4
DA:60,1
DA:61,1
DA:62,1
DA:63,2
DA:64,2
DA:65,1
DA:67,1
DA:68,1
DA:69,2
DA:70,2
DA:71,1
DA:73,1
DA:74,1
DA:75,2
DA:76,2
DA:77,1
DA:79,1
DA:80,1
DA:81,2
DA:82,2
DA:83,1
DA:85,3
DA:86,3
DA:87,3
DA:88,3
LF:40
LH:30
end_of_record
SF:lib\core\ui\buttons\kinly_add_tile_button.dart
DA:6,1
DA:23,1
DA:25,1
DA:26,1
DA:27,1
DA:28,2
DA:32,1
DA:34,1
DA:36,1
DA:38,1
DA:40,1
DA:43,1
DA:44,1
DA:45,1
DA:46,2
DA:47,1
DA:49,1
DA:51,1
DA:52,1
DA:53,1
DA:54,1
DA:55,1
DA:57,2
DA:59,2
DA:62,2
DA:63,2
DA:64,1
DA:65,2
DA:66,1
DA:67,1
DA:68,3
LF:31
LH:31
end_of_record
SF:lib\core\ui\buttons\kinly_option_selector_row.dart
DA:10,1
DA:45,1
DA:47,1
DA:48,1
DA:51,1
DA:52,1
DA:53,1
DA:54,1
DA:55,1
DA:56,2
DA:57,1
DA:59,1
DA:60,0
DA:61,1
DA:62,1
DA:63,1
DA:69,1
DA:76,0
DA:78,0
DA:80,0
DA:81,0
DA:82,0
DA:83,0
DA:85,0
DA:86,0
DA:88,0
DA:94,1
DA:95,1
DA:96,3
DA:99,0
DA:103,0
DA:104,0
DA:107,0
DA:108,0
DA:110,0
DA:112,0
DA:113,0
DA:114,0
DA:115,0
DA:116,0
DA:118,0
DA:119,0
DA:120,0
DA:121,0
DA:124,0
DA:137,0
DA:140,0
DA:141,0
DA:143,0
DA:146,0
DA:147,0
DA:148,0
DA:149,0
DA:156,0
DA:158,0
DA:159,0
DA:160,0
DA:161,0
DA:162,0
DA:163,0
DA:164,0
DA:165,0
DA:166,0
DA:167,0
DA:168,0
DA:169,0
DA:170,0
DA:171,0
DA:172,0
DA:173,0
DA:177,0
DA:178,0
DA:180,0
DA:181,0
DA:186,0
DA:188,0
DA:189,0
DA:191,0
DA:193,0
DA:200,0
DA:202,0
DA:203,0
DA:205,0
DA:207,0
DA:217,0
DA:233,1
DA:250,1
DA:252,1
DA:253,1
DA:254,1
DA:256,2
DA:258,1
DA:259,1
DA:260,1
DA:262,3
DA:263,4
DA:265,1
DA:269,1
DA:270,1
DA:271,1
DA:273,1
DA:274,1
DA:275,2
DA:276,1
DA:278,1
DA:279,1
DA:281,1
DA:283,1
DA:284,1
DA:285,2
DA:286,2
DA:287,1
DA:288,2
DA:291,3
DA:303,1
DA:304,1
DA:305,1
DA:307,3
DA:308,2
DA:312,2
DA:313,0
DA:314,2
DA:315,0
DA:323,0
DA:324,0
DA:325,0
DA:328,0
DA:330,0
DA:331,0
DA:332,0
LF:130
LH:55
end_of_record
SF:lib\core\ui\kinly_circle_avatar.dart
DA:12,5
DA:20,5
DA:22,10
DA:23,5
DA:24,5
DA:27,5
DA:29,5
DA:32,10
DA:33,5
DA:35,5
DA:36,0
DA:38,5
DA:39,5
DA:40,0
DA:41,0
DA:42,0
DA:43,0
DA:47,0
DA:48,0
DA:49,0
DA:50,0
DA:53,0
DA:54,0
DA:56,0
DA:66,5
DA:67,10
DA:69,5
DA:70,5
DA:73,5
DA:74,5
DA:76,5
DA:78,5
DA:83,5
DA:84,5
DA:85,5
DA:86,5
DA:89,5
DA:90,5
DA:91,5
DA:97,5
DA:100,5
DA:101,5
DA:102,25
LF:43
LH:31
end_of_record
SF:lib\core\ui\kinly_loader.dart
DA:8,2
DA:19,2
DA:20,2
DA:29,2
DA:31,2
DA:32,4
DA:35,2
DA:36,4
DA:39,6
DA:42,2
DA:44,4
DA:45,2
DA:48,2
DA:50,2
DA:51,2
DA:52,2
DA:54,4
DA:55,4
DA:56,0
DA:57,2
DA:59,2
DA:61,4
DA:62,4
DA:63,4
DA:64,2
DA:67,2
DA:71,2
LF:27
LH:26
end_of_record
SF:lib\core\ui\kinly_list_tile.dart
DA:10,1
DA:29,1
DA:32,4
DA:35,1
DA:36,1
DA:37,1
DA:38,1
DA:39,1
DA:40,1
DA:43,1
DA:44,1
DA:45,1
DA:46,1
DA:47,1
DA:48,1
DA:51,1
DA:53,1
DA:55,1
DA:56,1
DA:57,1
DA:58,2
DA:59,1
DA:63,1
DA:65,1
DA:66,1
DA:67,1
DA:68,2
DA:70,1
DA:71,1
DA:72,1
DA:73,2
DA:75,1
DA:80,1
DA:81,4
DA:84,2
DA:86,1
DA:87,1
DA:88,1
LF:38
LH:38
end_of_record
SF:lib\core\ui\kinly_motion_aware.dart
DA:9,3
DA:23,0
DA:28,0
DA:29,0
DA:41,0
DA:43,0
DA:44,0
DA:46,0
DA:50,0
DA:55,3
DA:56,3
DA:58,6
DA:60,6
DA:61,0
DA:62,3
DA:80,1
DA:81,1
DA:85,4
DA:87,0
DA:89,0
LF:20
LH:9
end_of_record
SF:lib\core\ui\kinly_selection_card.dart
DA:14,1
DA:31,1
DA:33,1
DA:34,1
DA:35,1
DA:37,1
DA:40,3
DA:41,1
DA:43,1
DA:44,2
DA:45,1
DA:46,1
DA:48,1
DA:50,2
DA:51,1
DA:52,2
DA:53,2
DA:55,1
DA:56,1
DA:57,1
DA:60,1
DA:61,3
DA:62,2
DA:64,1
DA:65,1
DA:68,2
DA:69,1
DA:70,1
DA:72,1
DA:73,1
DA:74,1
DA:75,3
DA:76,2
DA:79,2
DA:80,1
DA:81,1
DA:82,3
DA:83,2
DA:89,3
LF:39
LH:39
end_of_record
SF:lib\core\ui\media\kinly_photo_capture.dart
DA:11,1
DA:28,1
DA:30,1
DA:31,1
DA:32,1
DA:33,1
DA:34,1
DA:35,1
DA:37,2
DA:39,1
DA:40,1
DA:41,1
DA:42,2
DA:44,1
DA:45,1
DA:46,1
DA:48,0
DA:49,0
DA:50,0
DA:51,0
DA:53,0
DA:54,0
DA:57,0
DA:58,0
DA:59,0
DA:60,0
DA:61,0
DA:62,0
DA:68,1
DA:69,1
DA:71,1
DA:72,1
DA:75,1
DA:77,2
DA:78,1
DA:79,1
DA:80,1
DA:81,0
DA:82,2
DA:89,1
DA:90,0
DA:91,0
DA:92,0
DA:93,0
DA:101,1
DA:103,1
DA:104,3
DA:105,2
DA:106,1
DA:108,1
DA:109,1
DA:110,1
DA:111,2
DA:112,1
DA:114,2
LF:55
LH:38
end_of_record
SF:lib\core\ui\members\kinly_member_avatar_chip.dart
DA:7,1
DA:22,1
DA:24,1
DA:25,1
DA:26,1
DA:27,1
DA:30,1
DA:31,0
DA:32,2
DA:35,1
DA:36,0
DA:39,1
DA:41,1
DA:43,1
DA:44,1
DA:46,1
DA:47,1
DA:49,1
DA:50,1
DA:51,1
DA:52,1
DA:53,1
DA:55,1
DA:56,1
DA:59,2
DA:60,1
DA:61,1
DA:62,1
DA:64,1
DA:68,1
DA:69,1
DA:71,1
DA:78,2
DA:79,1
DA:80,1
DA:81,3
DA:83,1
DA:84,0
DA:85,2
DA:86,1
LF:40
LH:37
end_of_record
SF:lib\core\ui\profile\kinly_profile_header.dart
DA:6,1
DA:23,1
DA:25,1
DA:26,1
DA:27,1
DA:29,1
DA:30,1
DA:31,1
DA:32,1
DA:33,1
DA:34,1
DA:35,1
DA:37,1
DA:38,1
DA:39,1
DA:40,1
DA:42,1
DA:44,1
DA:45,1
DA:46,1
DA:48,1
DA:50,1
DA:51,0
DA:54,0
DA:57,0
DA:58,0
DA:61,0
DA:64,0
DA:74,2
DA:75,1
DA:76,1
DA:77,3
DA:82,2
DA:83,1
DA:84,1
DA:85,3
DA:86,2
LF:37
LH:31
end_of_record
SF:lib\core\ui\section_list_card.dart
DA:22,4
DA:32,4
DA:34,8
DA:36,4
DA:37,4
DA:38,10
DA:39,6
DA:40,4
DA:42,4
DA:43,8
DA:44,4
DA:45,4
DA:46,4
DA:48,4
DA:49,4
DA:50,4
DA:51,4
DA:53,4
DA:54,4
DA:55,4
DA:56,4
DA:58,4
DA:59,8
DA:60,4
DA:62,4
DA:63,4
DA:64,6
DA:65,8
DA:66,4
DA:68,4
DA:69,4
DA:70,4
DA:71,4
DA:73,20
DA:76,4
DA:77,3
DA:78,6
DA:79,3
DA:80,3
DA:81,3
DA:84,3
DA:85,9
DA:86,3
DA:88,3
DA:89,3
DA:90,12
DA:91,6
DA:97,5
DA:98,2
DA:99,1
DA:100,1
DA:101,4
DA:102,2
DA:107,12
LF:54
LH:54
end_of_record
SF:lib\core\ui\toggles\kinly_checkbox.dart
DA:7,3
DA:18,3
DA:20,3
DA:21,3
DA:23,9
DA:29,0
DA:30,0
DA:32,3
DA:33,3
DA:36,3
DA:37,3
DA:38,3
LF:12
LH:10
end_of_record
SF:lib\core\ui\toggles\kinly_toggle.dart
DA:9,1
DA:30,1
DA:32,1
DA:34,1
DA:35,1
DA:37,3
DA:38,1
DA:41,3
DA:42,1
DA:45,1
DA:46,0
DA:47,1
DA:48,1
DA:50,1
DA:52,1
DA:53,1
DA:54,1
DA:55,1
DA:56,1
DA:59,1
DA:60,1
DA:62,1
DA:63,2
DA:64,1
DA:73,1
DA:77,1
DA:78,1
LF:27
LH:26
end_of_record
SF:lib\core\supabase\storage_path_resolver.dart
DA:8,2
DA:10,1
DA:11,1
DA:12,2
DA:16,1
DA:20,2
DA:21,1
DA:22,2
DA:26,1
DA:36,1
DA:37,3
LF:11
LH:11
end_of_record
SF:lib\features\home_membership\join\bloc\join_home_event.dart
DA:4,2
DA:6,0
DA:7,0
DA:11,1
DA:15,0
DA:16,0
DA:20,1
DA:24,0
LF:8
LH:3
end_of_record
SF:lib\features\home_membership\join\bloc\join_home_state.dart
DA:16,3
DA:28,6
DA:30,2
DA:36,2
DA:37,2
DA:38,0
DA:40,2
DA:42,2
DA:43,0
DA:50,2
DA:51,10
LF:11
LH:9
end_of_record
SF:lib\features\home_membership\join\bloc\join_home_bloc.dart
DA:11,2
DA:13,2
DA:14,4
DA:15,4
DA:16,4
DA:21,2
DA:22,2
DA:23,4
DA:24,4
DA:32,2
DA:36,10
DA:38,2
DA:39,4
DA:46,8
DA:47,2
DA:48,4
DA:55,2
DA:56,2
DA:57,4
DA:59,2
DA:60,2
DA:66,0
DA:67,0
DA:70,2
DA:71,2
DA:72,2
DA:73,4
DA:74,2
DA:77,1
DA:79,1
DA:83,2
DA:85,2
DA:87,1
DA:89,1
DA:91,1
DA:93,1
DA:95,1
DA:97,0
DA:104,2
LF:39
LH:36
end_of_record
SF:lib\features\harmony\bloc\harmony_state.dart
DA:12,2
DA:22,1
DA:32,1
DA:33,1
DA:34,1
DA:35,1
DA:36,1
DA:37,1
DA:39,1
DA:43,1
DA:44,1
DA:45,1
DA:46,1
DA:47,1
DA:48,1
DA:49,1
DA:50,1
DA:51,1
LF:18
LH:18
end_of_record
SF:lib\features\harmony\bloc\harmony_cubit.dart
DA:12,1
DA:17,1
DA:22,1
DA:24,3
DA:25,4
DA:26,1
DA:27,2
DA:29,1
DA:31,2
DA:32,2
DA:40,1
DA:42,6
DA:43,4
DA:44,1
DA:45,2
DA:47,1
DA:48,2
DA:50,2
DA:58,1
DA:59,6
DA:60,3
DA:63,1
DA:64,2
DA:65,2
DA:66,3
DA:68,2
DA:69,1
DA:71,2
DA:73,6
DA:75,1
DA:76,2
DA:78,3
DA:83,0
DA:84,0
DA:86,0
DA:92,1
DA:93,2
DA:95,1
DA:96,2
DA:98,1
DA:105,1
DA:106,1
DA:116,0
DA:117,0
DA:118,0
DA:119,0
DA:121,0
DA:122,0
DA:124,0
DA:125,0
DA:127,0
LF:51
LH:39
end_of_record
SF:lib\features\harmony\bloc\gratitude_wall_state.dart
DA:14,1
DA:26,1
DA:37,1
DA:49,1
DA:50,1
DA:51,0
DA:52,1
DA:53,1
DA:54,1
DA:55,1
DA:56,1
DA:57,1
DA:58,1
DA:62,1
DA:63,1
DA:64,1
DA:65,1
DA:66,1
DA:67,1
DA:68,1
DA:69,1
DA:70,1
DA:71,1
DA:72,1
LF:24
LH:23
end_of_record
SF:lib\features\harmony\bloc\gratitude_wall_cubit.dart
DA:10,1
DA:15,1
DA:20,1
DA:21,2
DA:22,3
DA:24,3
DA:25,3
DA:30,4
DA:31,1
DA:32,2
DA:34,1
DA:35,1
DA:36,1
DA:39,1
DA:42,3
DA:44,0
DA:48,0
DA:49,0
DA:50,0
DA:52,0
DA:53,0
DA:54,0
DA:55,0
DA:57,0
DA:58,0
DA:59,0
DA:61,0
DA:62,0
DA:63,0
DA:64,0
DA:67,0
DA:68,0
DA:75,0
LF:33
LH:15
end_of_record
SF:lib\features\flow\ui\flow_chore_detail\widgets\flow_chore_expectation_photo_viewer.dart
DA:6,0
DA:17,0
DA:19,0
DA:21,0
DA:23,0
DA:29,0
DA:30,0
DA:31,0
DA:32,0
DA:38,0
DA:39,0
DA:40,0
DA:41,0
DA:42,0
DA:46,0
DA:56,0
DA:60,0
DA:62,0
DA:63,0
DA:65,0
DA:69,0
LF:21
LH:0
end_of_record
SF:lib\features\flow\ui\flow_chore_detail\widgets\flow_chore_extras_section.dart
DA:10,2
DA:29,2
DA:31,2
DA:32,2
DA:33,2
DA:35,2
DA:37,2
DA:39,4
DA:41,2
DA:43,4
DA:44,2
DA:45,2
DA:46,2
DA:48,2
DA:50,2
DA:51,4
DA:52,2
DA:53,2
DA:54,4
DA:56,4
DA:57,2
DA:58,2
DA:59,2
DA:62,4
DA:63,2
DA:64,2
DA:65,2
DA:66,2
DA:69,0
DA:70,0
DA:71,0
DA:72,0
DA:73,0
DA:83,2
DA:95,2
DA:97,2
DA:98,2
DA:99,2
DA:100,2
DA:102,2
DA:104,2
DA:105,2
DA:106,6
DA:115,1
DA:116,1
DA:117,1
DA:119,1
DA:120,1
DA:122,3
DA:128,2
DA:130,4
DA:131,2
DA:132,2
DA:133,2
DA:135,2
DA:137,2
DA:138,2
DA:139,2
DA:140,6
DA:141,2
DA:144,4
DA:153,0
DA:158,0
DA:160,0
DA:161,0
DA:162,0
DA:164,0
DA:166,0
DA:167,0
DA:168,0
DA:169,0
DA:170,0
DA:174,0
DA:176,0
DA:177,0
DA:179,0
DA:180,0
DA:182,0
DA:186,0
DA:188,0
DA:189,0
DA:190,0
DA:191,0
DA:192,0
LF:84
LH:56
end_of_record
SF:lib\generated\l10n.dart
DA:16,15
DA:20,4
DA:22,4
DA:30,15
DA:31,15
DA:32,0
DA:33,15
DA:34,15
DA:35,45
DA:36,15
DA:37,15
DA:44,14
DA:45,14
DA:47,14
DA:53,14
DA:54,14
DA:58,3
DA:59,6
DA:63,0
DA:64,0
DA:65,0
DA:68,0
DA:73,2
DA:74,2
DA:78,2
DA:83,2
DA:84,2
DA:88,2
DA:93,2
DA:94,2
DA:98,2
DA:103,0
DA:104,0
DA:108,0
DA:113,2
DA:114,2
DA:118,2
DA:123,0
DA:124,0
DA:128,0
DA:133,0
DA:134,0
DA:138,0
DA:143,0
DA:144,0
DA:148,0
DA:153,1
DA:154,2
DA:158,1
DA:159,1
DA:163,1
DA:168,1
DA:169,2
DA:173,1
DA:174,1
DA:175,1
DA:178,1
DA:183,0
DA:184,0
DA:188,0
DA:193,1
DA:194,1
DA:198,1
DA:203,0
DA:204,0
DA:208,0
DA:213,0
DA:214,0
DA:218,0
DA:223,0
DA:224,0
DA:228,0
DA:233,0
DA:234,0
DA:238,0
DA:243,0
DA:244,0
DA:248,0
DA:253,0
DA:254,0
DA:258,0
DA:259,0
DA:263,0
DA:268,0
DA:269,0
DA:273,0
DA:278,0
DA:279,0
DA:283,0
DA:288,0
DA:289,0
DA:293,0
DA:298,0
DA:299,0
DA:303,0
DA:308,0
DA:309,0
DA:313,0
DA:318,0
DA:319,0
DA:323,0
DA:328,0
DA:329,0
DA:333,0
DA:338,0
DA:339,0
DA:343,0
DA:348,0
DA:349,0
DA:353,0
DA:358,0
DA:359,0
DA:363,0
DA:368,0
DA:369,0
DA:373,0
DA:378,2
DA:379,2
DA:383,2
DA:388,2
DA:389,2
DA:393,2
DA:398,0
DA:399,0
DA:403,0
DA:408,2
DA:409,2
DA:413,2
DA:418,2
DA:419,2
DA:423,2
DA:428,2
DA:429,2
DA:433,2
DA:438,2
DA:439,2
DA:443,2
DA:448,1
DA:449,2
DA:453,1
DA:454,1
DA:458,1
DA:463,2
DA:464,2
DA:468,2
DA:473,1
DA:474,1
DA:478,1
DA:483,0
DA:484,0
DA:488,0
DA:493,0
DA:494,0
DA:498,0
DA:503,0
DA:504,0
DA:505,0
DA:508,0
DA:513,1
DA:514,1
DA:518,1
DA:523,1
DA:524,1
DA:528,1
DA:533,1
DA:534,2
DA:538,0
DA:539,0
DA:543,0
DA:548,0
DA:549,0
DA:553,0
DA:558,0
DA:559,0
DA:563,0
DA:568,0
DA:569,0
DA:573,0
DA:578,0
DA:579,0
DA:580,0
DA:583,0
DA:588,3
DA:589,6
DA:593,3
DA:594,6
DA:598,3
DA:599,6
DA:603,0
DA:604,0
DA:608,0
DA:613,0
DA:614,0
DA:618,0
DA:623,0
DA:624,0
DA:628,0
DA:633,0
DA:634,0
DA:638,0
DA:639,0
DA:643,0
DA:648,0
DA:649,0
DA:653,0
DA:658,0
DA:659,0
DA:660,0
DA:663,0
DA:668,0
DA:669,0
DA:673,0
DA:678,0
DA:679,0
DA:680,0
DA:683,0
DA:688,0
DA:689,0
DA:693,0
DA:698,0
DA:699,0
DA:703,0
DA:708,0
DA:709,0
DA:713,0
DA:718,0
DA:719,0
DA:723,0
DA:728,0
DA:729,0
DA:733,0
DA:738,0
DA:739,0
DA:743,0
DA:748,0
DA:749,0
DA:753,0
DA:758,0
DA:759,0
DA:763,0
DA:768,0
DA:769,0
DA:773,0
DA:778,0
DA:779,0
DA:783,0
DA:788,0
DA:789,0
DA:793,0
DA:798,0
DA:799,0
DA:803,0
DA:808,0
DA:809,0
DA:813,0
DA:818,0
DA:819,0
DA:823,0
DA:828,0
DA:829,0
DA:833,0
DA:838,0
DA:839,0
DA:843,0
DA:848,0
DA:849,0
DA:853,0
DA:858,0
DA:859,0
DA:863,2
DA:864,2
DA:868,2
DA:873,2
DA:874,2
DA:878,2
DA:883,2
DA:884,2
DA:888,2
DA:893,4
DA:894,4
DA:898,4
DA:903,0
DA:904,0
DA:908,3
DA:909,3
DA:910,3
DA:913,3
DA:918,0
DA:919,0
DA:923,0
DA:928,0
DA:929,0
DA:933,0
DA:938,0
DA:939,0
DA:943,0
DA:948,0
DA:949,0
DA:953,0
DA:958,0
DA:959,0
DA:963,0
DA:968,3
DA:969,3
DA:973,3
DA:978,2
DA:979,2
DA:983,2
DA:988,0
DA:989,0
DA:993,0
DA:998,0
DA:999,0
DA:1003,0
DA:1008,0
DA:1009,0
DA:1010,0
DA:1013,0
DA:1018,0
DA:1019,0
DA:1023,0
DA:1028,0
DA:1029,0
DA:1033,0
DA:1038,0
DA:1039,0
DA:1043,0
DA:1048,0
DA:1049,0
DA:1053,0
DA:1058,0
DA:1059,0
DA:1063,0
DA:1068,0
DA:1069,0
DA:1073,0
DA:1078,0
DA:1079,0
DA:1083,0
DA:1088,0
DA:1089,0
DA:1093,0
DA:1098,0
DA:1099,0
DA:1103,0
DA:1108,0
DA:1109,0
DA:1113,0
DA:1118,0
DA:1119,0
DA:1123,0
DA:1128,0
DA:1129,0
DA:1131,0
DA:1132,0
DA:1135,0
DA:1140,0
DA:1141,0
DA:1145,0
DA:1150,0
DA:1151,0
DA:1155,0
DA:1160,0
DA:1161,0
DA:1165,0
DA:1170,0
DA:1171,0
DA:1175,0
DA:1180,1
DA:1181,1
DA:1185,1
DA:1190,0
DA:1191,0
DA:1195,0
DA:1200,0
DA:1201,0
DA:1205,0
DA:1210,0
DA:1211,0
DA:1215,0
DA:1220,1
DA:1221,1
DA:1225,1
DA:1230,0
DA:1231,0
DA:1235,0
DA:1240,1
DA:1241,1
DA:1245,1
DA:1250,0
DA:1251,0
DA:1255,0
DA:1260,0
DA:1261,0
DA:1265,0
DA:1266,0
DA:1270,0
DA:1275,0
DA:1276,0
DA:1280,0
DA:1285,0
DA:1286,0
DA:1290,0
DA:1295,0
DA:1296,0
DA:1300,0
DA:1305,0
DA:1306,0
DA:1310,0
DA:1311,0
DA:1315,0
DA:1320,0
DA:1321,0
DA:1325,0
DA:1330,0
DA:1331,0
DA:1335,0
DA:1340,0
DA:1341,0
DA:1345,0
DA:1350,0
DA:1351,0
DA:1355,0
DA:1360,0
DA:1361,0
DA:1365,0
DA:1370,0
DA:1371,0
DA:1375,0
DA:1380,0
DA:1381,0
DA:1385,0
DA:1386,0
DA:1390,0
DA:1395,0
DA:1396,0
DA:1400,0
DA:1405,0
DA:1406,0
DA:1410,0
DA:1415,0
DA:1416,0
DA:1420,0
DA:1425,0
DA:1426,0
DA:1430,0
DA:1435,0
DA:1436,0
DA:1440,0
DA:1445,0
DA:1446,0
DA:1450,0
DA:1455,0
DA:1456,0
DA:1460,0
DA:1465,0
DA:1466,0
DA:1470,0
DA:1475,0
DA:1476,0
DA:1480,0
DA:1485,0
DA:1486,0
DA:1490,0
DA:1495,0
DA:1496,0
DA:1500,0
DA:1505,0
DA:1506,0
DA:1510,0
DA:1515,0
DA:1516,0
DA:1520,0
DA:1525,0
DA:1526,0
DA:1530,0
DA:1535,0
DA:1536,0
DA:1540,0
DA:1545,0
DA:1546,0
DA:1550,0
DA:1555,0
DA:1556,0
DA:1560,0
DA:1565,0
DA:1566,0
DA:1570,0
DA:1575,0
DA:1576,0
DA:1580,0
DA:1585,0
DA:1586,0
DA:1590,0
DA:1595,0
DA:1596,0
DA:1600,0
DA:1605,0
DA:1606,0
DA:1610,0
DA:1615,0
DA:1616,0
DA:1620,0
DA:1625,0
DA:1626,0
DA:1630,0
DA:1635,0
DA:1636,0
DA:1640,0
DA:1645,0
DA:1646,0
DA:1650,0
DA:1655,0
DA:1656,0
DA:1660,0
DA:1665,0
DA:1666,0
DA:1670,0
DA:1675,0
DA:1676,0
DA:1680,0
DA:1685,0
DA:1686,0
DA:1690,0
DA:1695,0
DA:1696,0
DA:1700,0
DA:1705,0
DA:1706,0
DA:1710,0
DA:1715,1
DA:1716,1
DA:1720,1
DA:1725,0
DA:1726,0
DA:1730,0
DA:1735,0
DA:1736,0
DA:1740,0
DA:1745,1
DA:1746,1
DA:1750,1
DA:1755,0
DA:1756,0
DA:1760,0
DA:1765,1
DA:1766,1
DA:1770,1
DA:1775,1
DA:1776,1
DA:1780,1
DA:1785,0
DA:1786,0
DA:1790,0
DA:1795,0
DA:1796,0
DA:1800,0
DA:1805,0
DA:1806,0
DA:1810,0
DA:1815,0
DA:1816,0
DA:1820,0
DA:1825,0
DA:1826,0
DA:1830,0
DA:1835,0
DA:1836,0
DA:1840,0
DA:1845,1
DA:1846,1
DA:1850,1
DA:1855,0
DA:1856,0
DA:1860,0
DA:1865,1
DA:1866,1
DA:1870,1
DA:1875,0
DA:1876,0
DA:1880,0
DA:1885,0
DA:1886,0
DA:1890,0
DA:1895,0
DA:1896,0
DA:1900,0
DA:1905,0
DA:1906,0
DA:1910,0
DA:1915,0
DA:1916,0
DA:1920,0
DA:1925,0
DA:1926,0
DA:1930,0
DA:1935,0
DA:1936,0
DA:1940,0
DA:1945,0
DA:1946,0
DA:1950,0
DA:1955,0
DA:1956,0
DA:1960,0
DA:1965,0
DA:1966,0
DA:1970,0
DA:1975,0
DA:1976,0
DA:1980,0
DA:1985,0
DA:1986,0
DA:1990,0
DA:1995,0
DA:1996,0
DA:2000,0
DA:2005,0
DA:2006,0
DA:2010,0
DA:2015,0
DA:2016,0
DA:2020,0
DA:2025,0
DA:2026,0
DA:2030,0
DA:2035,0
DA:2036,0
DA:2040,0
DA:2045,0
DA:2046,0
DA:2050,0
DA:2055,0
DA:2056,0
DA:2060,0
DA:2061,0
DA:2065,0
DA:2070,0
DA:2071,0
DA:2075,0
DA:2080,0
DA:2081,0
DA:2085,0
DA:2090,0
DA:2091,0
DA:2095,0
DA:2100,0
DA:2101,0
DA:2105,0
DA:2110,0
DA:2111,0
DA:2115,0
DA:2120,0
DA:2121,0
DA:2125,0
DA:2130,0
DA:2131,0
DA:2135,0
DA:2140,1
DA:2141,1
DA:2145,1
DA:2150,0
DA:2151,0
DA:2155,0
DA:2160,1
DA:2161,1
DA:2165,1
DA:2170,1
DA:2171,1
DA:2175,1
DA:2180,1
DA:2181,1
DA:2185,1
DA:2190,1
DA:2191,1
DA:2195,1
DA:2200,0
DA:2201,0
DA:2205,0
DA:2210,2
DA:2211,2
DA:2215,2
DA:2220,1
DA:2221,1
DA:2225,1
DA:2230,0
DA:2231,0
DA:2235,0
DA:2240,0
DA:2241,0
DA:2245,0
DA:2250,0
DA:2251,0
DA:2255,0
DA:2260,0
DA:2261,0
DA:2265,0
DA:2270,0
DA:2271,0
DA:2275,0
DA:2280,0
DA:2281,0
DA:2285,0
DA:2290,0
DA:2291,0
DA:2295,0
DA:2300,0
DA:2301,0
DA:2305,0
DA:2310,0
DA:2311,0
DA:2315,0
DA:2320,0
DA:2321,0
DA:2325,0
DA:2330,0
DA:2331,0
DA:2335,0
DA:2340,0
DA:2341,0
DA:2345,0
DA:2350,0
DA:2351,0
DA:2355,0
DA:2360,0
DA:2361,0
DA:2365,0
DA:2370,0
DA:2371,0
DA:2372,0
DA:2375,0
DA:2380,0
DA:2381,0
DA:2382,0
DA:2385,0
DA:2390,0
DA:2391,0
DA:2395,0
DA:2400,0
DA:2401,0
DA:2405,0
DA:2410,0
DA:2411,0
DA:2415,0
DA:2420,0
DA:2421,0
DA:2425,0
DA:2430,0
DA:2431,0
DA:2435,0
DA:2440,0
DA:2441,0
DA:2445,0
DA:2450,0
DA:2451,0
DA:2455,0
DA:2460,0
DA:2461,0
DA:2465,0
DA:2470,0
DA:2471,0
DA:2475,0
DA:2480,0
DA:2481,0
DA:2485,0
DA:2490,0
DA:2491,0
DA:2495,0
DA:2500,0
DA:2501,0
DA:2505,0
DA:2510,0
DA:2511,0
DA:2515,0
DA:2520,0
DA:2521,0
DA:2525,0
DA:2530,0
DA:2531,0
DA:2535,0
DA:2540,0
DA:2541,0
DA:2545,0
DA:2550,0
DA:2551,0
DA:2555,0
DA:2560,0
DA:2561,0
DA:2565,0
DA:2570,0
DA:2571,0
DA:2575,0
DA:2580,0
DA:2581,0
DA:2585,0
DA:2590,0
DA:2591,0
DA:2595,0
DA:2600,0
DA:2601,0
DA:2605,0
DA:2610,0
DA:2611,0
DA:2615,0
DA:2620,0
DA:2621,0
DA:2625,0
DA:2630,0
DA:2631,0
DA:2635,0
DA:2640,0
DA:2641,0
DA:2645,0
DA:2650,0
DA:2651,0
DA:2655,0
DA:2660,0
DA:2661,0
DA:2665,0
DA:2670,0
DA:2671,0
DA:2675,0
DA:2680,0
DA:2681,0
DA:2685,0
DA:2690,0
DA:2691,0
DA:2695,0
DA:2700,0
DA:2701,0
DA:2705,0
DA:2710,0
DA:2711,0
DA:2715,0
DA:2720,0
DA:2721,0
DA:2725,0
DA:2730,0
DA:2731,0
DA:2735,0
DA:2740,0
DA:2741,0
DA:2745,0
DA:2750,0
DA:2751,0
DA:2755,0
DA:2760,0
DA:2761,0
DA:2765,0
DA:2770,0
DA:2771,0
DA:2775,0
DA:2780,0
DA:2781,0
DA:2785,0
DA:2790,0
DA:2791,0
DA:2795,0
DA:2800,0
DA:2801,0
DA:2805,0
DA:2810,0
DA:2811,0
DA:2815,0
DA:2820,0
DA:2821,0
DA:2825,0
DA:2830,0
DA:2831,0
DA:2835,0
DA:2840,0
DA:2841,0
DA:2845,0
DA:2850,0
DA:2851,0
DA:2855,0
DA:2860,0
DA:2861,0
DA:2865,0
DA:2870,0
DA:2871,0
DA:2875,0
DA:2880,0
DA:2881,0
DA:2885,0
DA:2890,0
DA:2891,0
DA:2895,0
DA:2900,0
DA:2901,0
DA:2905,0
DA:2910,0
DA:2911,0
DA:2915,0
DA:2920,0
DA:2921,0
DA:2925,0
DA:2930,0
DA:2931,0
DA:2932,0
DA:2935,0
DA:2940,0
DA:2941,0
DA:2945,0
DA:2950,0
DA:2951,0
DA:2955,0
DA:2960,0
DA:2961,0
DA:2965,0
DA:2970,0
DA:2971,0
DA:2975,0
DA:2980,0
DA:2981,0
DA:2985,0
DA:2990,0
DA:2991,0
DA:2995,0
DA:3000,0
DA:3001,0
DA:3005,0
DA:3010,0
DA:3011,0
DA:3015,0
DA:3020,0
DA:3021,0
DA:3025,0
DA:3030,0
DA:3031,0
DA:3035,0
DA:3040,0
DA:3041,0
DA:3045,0
DA:3050,0
DA:3051,0
DA:3055,0
DA:3060,0
DA:3061,0
DA:3065,0
DA:3070,0
DA:3071,0
DA:3075,0
DA:3080,0
DA:3081,0
DA:3085,0
DA:3090,0
DA:3091,0
DA:3095,0
DA:3100,0
DA:3101,0
DA:3105,0
DA:3110,0
DA:3111,0
DA:3115,0
DA:3120,0
DA:3121,0
DA:3125,0
DA:3130,0
DA:3131,0
DA:3135,0
DA:3140,0
DA:3141,0
DA:3145,0
DA:3150,0
DA:3151,0
DA:3155,0
DA:3160,0
DA:3161,0
DA:3165,0
DA:3166,0
DA:3170,0
DA:3175,0
DA:3176,0
DA:3180,0
DA:3185,0
DA:3186,0
DA:3190,0
DA:3191,0
DA:3195,0
DA:3200,0
DA:3201,0
DA:3205,0
DA:3210,0
DA:3211,0
DA:3215,0
DA:3220,0
DA:3221,0
DA:3225,0
DA:3230,0
DA:3231,0
DA:3235,0
DA:3240,0
DA:3241,0
DA:3245,0
DA:3250,0
DA:3251,0
DA:3255,0
DA:3260,0
DA:3261,0
DA:3265,0
DA:3270,0
DA:3271,0
DA:3275,0
DA:3280,0
DA:3281,0
DA:3285,0
DA:3290,0
DA:3291,0
DA:3295,0
DA:3300,0
DA:3301,0
DA:3305,0
DA:3310,0
DA:3311,0
DA:3315,0
DA:3320,0
DA:3321,0
DA:3325,0
DA:3330,0
DA:3331,0
DA:3332,0
DA:3335,0
DA:3340,0
DA:3341,0
DA:3345,0
DA:3350,0
DA:3351,0
DA:3355,0
DA:3360,0
DA:3361,0
DA:3365,0
DA:3370,0
DA:3371,0
DA:3375,0
DA:3380,0
DA:3381,0
DA:3385,0
DA:3390,0
DA:3391,0
DA:3392,0
DA:3395,0
DA:3400,0
DA:3401,0
DA:3405,0
DA:3410,0
DA:3411,0
DA:3415,0
DA:3420,0
DA:3421,0
DA:3425,0
DA:3430,0
DA:3431,0
DA:3435,0
DA:3440,0
DA:3441,0
DA:3442,0
DA:3445,0
DA:3450,0
DA:3451,0
DA:3455,0
DA:3458,0
DA:3463,0
DA:3464,0
DA:3465,0
DA:3468,0
DA:3473,0
DA:3474,0
DA:3478,0
DA:3483,0
DA:3484,0
DA:3488,0
DA:3493,0
DA:3494,0
DA:3498,0
DA:3503,0
DA:3504,0
DA:3508,0
DA:3513,0
DA:3514,0
DA:3518,0
DA:3523,0
DA:3524,0
DA:3528,0
DA:3533,0
DA:3534,0
DA:3538,0
DA:3543,0
DA:3544,0
DA:3548,0
DA:3553,0
DA:3554,0
DA:3558,0
DA:3563,0
DA:3564,0
DA:3568,0
DA:3573,0
DA:3574,0
DA:3578,0
DA:3584,1
DA:3586,15
DA:3594,15
DA:3595,15
DA:3596,15
DA:3597,15
DA:3598,0
DA:3601,15
DA:3602,30
DA:3603,45
LF:1109
LH:165
end_of_record
SF:lib\features\flow\bloc\flow_chore_detail_event.dart
DA:4,1
DA:6,0
DA:7,0
DA:11,1
DA:15,1
LF:5
LH:3
end_of_record
SF:lib\features\flow\bloc\flow_chore_detail_state.dart
DA:12,3
DA:22,1
DA:23,1
DA:25,2
DA:38,2
DA:39,1
DA:40,2
DA:41,2
DA:43,2
DA:47,2
DA:51,2
DA:52,2
DA:56,1
DA:57,5
DA:59,1
DA:60,1
DA:61,1
DA:62,1
DA:63,1
DA:64,1
DA:65,1
DA:66,1
DA:67,1
LF:23
LH:23
end_of_record
SF:lib\features\flow\bloc\flow_chore_detail_bloc.dart
DA:13,1
DA:20,1
DA:21,2
DA:22,2
DA:29,1
DA:33,3
DA:35,2
DA:36,1
DA:37,1
DA:39,1
DA:40,2
DA:47,1
DA:48,3
DA:53,1
DA:57,2
DA:58,1
DA:59,2
DA:66,3
DA:67,1
DA:68,2
DA:74,1
DA:75,1
DA:76,2
DA:78,1
DA:79,3
DA:84,0
DA:85,0
DA:87,0
DA:88,0
LF:29
LH:25
end_of_record
SF:lib\core\chores\models.dart
DA:32,4
DA:51,0
DA:52,0
DA:53,0
DA:54,0
DA:55,0
DA:56,0
DA:57,0
DA:58,0
DA:59,0
DA:60,0
DA:61,0
DA:62,0
DA:63,0
DA:64,0
DA:65,0
DA:66,0
DA:67,0
DA:68,0
DA:86,0
DA:96,0
DA:97,0
DA:98,0
DA:99,0
DA:100,0
DA:101,0
DA:102,0
DA:103,0
DA:105,0
DA:109,0
DA:114,0
DA:115,0
DA:116,0
DA:117,0
DA:118,0
DA:119,0
DA:120,0
DA:122,0
DA:138,0
DA:146,0
DA:147,0
DA:148,0
DA:149,0
DA:150,0
DA:151,0
DA:152,0
DA:156,0
DA:157,0
DA:174,1
DA:181,0
DA:182,0
DA:184,0
DA:185,0
DA:186,0
DA:187,0
DA:191,0
DA:196,0
DA:197,0
DA:198,0
DA:199,0
DA:200,0
DA:214,2
DA:216,0
DA:217,0
DA:218,0
DA:220,0
DA:221,0
DA:224,0
DA:225,0
DA:227,0
DA:247,2
DA:258,0
DA:259,0
DA:260,0
DA:261,0
DA:262,0
DA:263,0
DA:264,0
DA:266,0
DA:267,0
DA:269,0
DA:270,0
DA:271,0
DA:281,0
DA:284,0
LF:85
LH:4
end_of_record
SF:lib\core\ui\snackbars\kinly_snackbar.dart
DA:9,1
DA:15,1
DA:18,2
DA:19,0
DA:20,2
DA:21,0
DA:27,2
DA:33,2
DA:36,3
DA:37,3
DA:38,3
DA:39,3
DA:45,0
DA:51,0
DA:54,0
DA:55,0
DA:56,0
DA:57,0
DA:63,0
DA:69,0
DA:72,0
DA:73,0
DA:74,0
DA:75,0
DA:81,2
DA:89,2
DA:90,2
DA:91,2
DA:92,2
DA:93,2
DA:95,2
DA:97,2
DA:98,2
DA:99,2
DA:101,5
DA:107,2
DA:108,1
DA:109,1
DA:111,2
DA:112,3
DA:117,0
DA:127,2
DA:128,4
LF:43
LH:28
end_of_record
SF:lib\features\auth\widgets\auth_error_listener.dart
DA:10,5
DA:14,6
DA:16,6
DA:18,8
DA:19,1
DA:20,1
DA:21,1
DA:24,1
DA:25,1
DA:26,2
DA:28,6
DA:32,1
DA:33,1
DA:34,1
DA:35,0
LF:15
LH:14
end_of_record
SF:lib\generated\intl\messages_all.dart
DA:24,45
DA:25,2
DA:26,28
DA:27,0
DA:30,15
DA:32,15
DA:33,1
DA:34,14
DA:35,14
DA:36,0
DA:37,0
DA:44,15
DA:45,15
DA:47,45
DA:48,0
DA:51,0
DA:53,30
DA:54,15
DA:55,45
DA:56,30
DA:57,15
DA:60,15
DA:62,15
DA:68,15
DA:69,15
DA:72,0
DA:75,15
LF:27
LH:21
end_of_record
SF:lib\generated\intl\messages_ar.dart
DA:16,3
DA:21,0
DA:23,0
DA:25,0
DA:27,0
DA:28,0
DA:30,0
DA:32,0
DA:34,0
DA:35,0
DA:37,0
DA:39,0
DA:40,0
DA:42,0
DA:44,0
DA:46,0
DA:47,0
DA:49,0
DA:50,0
DA:53,2
DA:54,1
DA:55,1
DA:60,1
DA:63,1
DA:68,1
DA:70,1
DA:71,1
DA:74,1
DA:77,1
DA:80,1
DA:83,1
DA:86,1
DA:87,1
DA:90,1
DA:93,1
DA:94,1
DA:97,1
DA:100,1
DA:103,1
DA:106,1
DA:109,1
DA:110,1
DA:113,1
DA:116,1
DA:117,1
DA:118,1
DA:119,1
DA:122,1
DA:125,1
DA:128,1
DA:131,1
DA:134,1
DA:137,1
DA:140,1
DA:143,1
DA:146,1
DA:149,1
DA:152,1
DA:155,1
DA:158,1
DA:161,1
DA:164,1
DA:167,1
DA:170,1
DA:173,1
DA:176,1
DA:179,1
DA:182,1
DA:185,1
DA:188,1
DA:191,1
DA:192,1
DA:195,1
DA:196,1
DA:199,1
DA:202,1
DA:205,1
DA:209,1
DA:210,1
DA:213,1
DA:216,1
DA:217,1
DA:218,1
DA:221,1
DA:224,1
DA:225,1
DA:228,1
DA:231,1
DA:234,1
DA:235,1
DA:236,1
DA:239,1
DA:242,1
DA:245,1
DA:248,1
DA:251,1
DA:254,1
DA:255,1
DA:258,1
DA:261,1
DA:264,1
DA:265,1
DA:268,1
DA:269,1
DA:272,1
DA:274,1
DA:275,1
DA:276,1
DA:277,1
DA:279,1
DA:280,1
DA:283,1
DA:286,1
DA:287,1
DA:288,1
DA:291,1
DA:292,1
DA:295,1
DA:298,1
DA:301,1
DA:302,1
DA:305,1
DA:306,1
DA:307,1
DA:310,1
DA:311,1
DA:315,1
DA:316,1
DA:320,1
DA:323,1
DA:326,1
DA:329,1
DA:332,1
DA:335,1
DA:338,1
DA:341,1
DA:344,1
DA:345,1
DA:347,1
DA:348,1
DA:349,1
DA:352,1
DA:353,1
DA:356,1
DA:357,1
DA:360,1
DA:363,1
DA:364,1
DA:367,1
DA:370,1
DA:373,1
DA:374,1
DA:375,1
DA:376,1
DA:379,1
DA:380,1
DA:381,1
DA:382,1
DA:383,1
DA:386,1
DA:389,1
DA:392,1
DA:395,1
DA:398,1
DA:401,1
DA:404,1
DA:407,1
DA:410,1
DA:411,1
DA:414,1
DA:417,1
DA:420,1
DA:423,1
DA:427,1
DA:430,1
DA:433,1
DA:436,1
DA:439,1
DA:442,1
DA:445,1
DA:448,1
DA:451,1
DA:454,1
DA:457,1
DA:460,1
DA:464,1
DA:465,1
DA:468,1
DA:471,1
DA:474,1
DA:477,1
DA:480,1
DA:483,1
DA:484,1
DA:487,1
DA:490,1
DA:493,1
DA:494,1
DA:497,1
DA:500,1
DA:503,1
DA:506,1
DA:509,1
DA:512,1
DA:515,1
DA:518,1
DA:521,1
DA:524,1
DA:527,1
DA:530,1
DA:533,1
DA:536,1
DA:539,1
DA:542,1
DA:543,1
DA:546,1
DA:549,1
DA:552,1
DA:555,1
DA:558,1
DA:561,1
DA:562,1
DA:565,1
DA:566,1
DA:569,1
DA:570,1
DA:571,1
DA:572,1
DA:573,1
DA:576,1
DA:579,1
DA:582,1
DA:585,1
DA:588,1
DA:591,1
DA:594,1
DA:597,1
DA:600,1
DA:601,1
DA:604,1
DA:607,1
DA:608,1
DA:611,1
DA:614,1
DA:617,1
DA:618,1
DA:621,1
DA:622,1
DA:625,1
DA:629,1
DA:633,1
DA:636,1
DA:639,1
DA:643,1
DA:646,1
DA:651,1
DA:654,1
DA:657,1
DA:660,1
DA:663,1
DA:666,1
DA:669,1
DA:672,1
DA:673,1
DA:674,1
DA:675,1
DA:676,1
DA:677,1
DA:680,1
DA:683,1
DA:686,1
DA:689,1
DA:692,1
DA:695,1
DA:698,1
DA:699,1
DA:702,1
DA:703,1
DA:706,1
DA:709,1
DA:710,1
DA:713,1
DA:716,1
DA:719,1
DA:720,1
DA:723,1
DA:726,1
DA:727,1
DA:730,1
DA:733,1
DA:736,1
DA:739,1
DA:742,1
DA:743,1
DA:745,1
DA:748,1
DA:749,1
DA:750,1
DA:751,1
DA:754,1
DA:757,1
DA:760,1
DA:763,1
DA:764,1
DA:766,1
DA:767,1
DA:770,1
DA:773,1
DA:776,1
DA:779,1
DA:782,1
DA:785,1
DA:786,1
DA:787,1
DA:788,1
DA:790,1
DA:793,1
DA:794,1
DA:795,1
DA:796,1
DA:797,1
LF:321
LH:303
end_of_record
SF:lib\generated\intl\messages_en.dart
DA:16,42
DA:21,0
DA:23,0
DA:25,0
DA:27,0
DA:28,0
DA:30,0
DA:32,0
DA:33,0
DA:35,0
DA:37,0
DA:39,0
DA:40,0
DA:42,6
DA:44,0
DA:46,0
DA:47,0
DA:49,2
DA:51,0
DA:52,0
DA:54,0
DA:56,0
DA:58,0
DA:59,0
DA:61,0
DA:64,28
DA:65,14
DA:66,14
DA:71,14
DA:74,14
DA:79,14
DA:83,14
DA:84,14
DA:87,14
DA:90,14
DA:93,14
DA:96,14
DA:99,14
DA:100,14
DA:103,14
DA:104,14
DA:105,14
DA:108,14
DA:111,14
DA:114,14
DA:117,14
DA:120,14
DA:121,14
DA:124,14
DA:125,14
DA:128,14
DA:129,14
DA:130,14
DA:133,14
DA:136,14
DA:139,14
DA:142,14
DA:145,14
DA:148,14
DA:151,14
DA:154,14
DA:157,14
DA:158,14
DA:161,14
DA:164,14
DA:167,14
DA:170,14
DA:173,14
DA:176,14
DA:179,14
DA:182,14
DA:185,14
DA:188,14
DA:189,14
DA:192,14
DA:195,14
DA:198,14
DA:199,14
DA:202,14
DA:203,14
DA:206,14
DA:209,14
DA:212,14
DA:216,14
DA:217,14
DA:220,14
DA:223,14
DA:224,14
DA:225,14
DA:228,14
DA:231,14
DA:234,14
DA:237,14
DA:238,14
DA:239,14
DA:240,14
DA:241,14
DA:242,14
DA:243,14
DA:246,14
DA:249,14
DA:252,14
DA:255,14
DA:256,14
DA:259,14
DA:262,14
DA:265,14
DA:266,14
DA:269,14
DA:270,14
DA:273,14
DA:277,14
DA:278,14
DA:281,14
DA:285,14
DA:288,14
DA:291,14
DA:292,14
DA:295,14
DA:299,14
DA:302,14
DA:306,14
DA:311,14
DA:312,14
DA:313,14
DA:315,14
DA:316,14
DA:319,14
DA:322,14
DA:325,14
DA:328,14
DA:331,14
DA:334,14
DA:337,14
DA:340,14
DA:343,14
DA:344,14
DA:347,14
DA:348,14
DA:349,14
DA:352,14
DA:355,14
DA:358,14
DA:361,14
DA:362,14
DA:365,14
DA:368,14
DA:371,14
DA:374,14
DA:377,14
DA:378,14
DA:379,14
DA:382,14
DA:383,14
DA:386,14
DA:389,14
DA:392,14
DA:393,14
DA:396,14
DA:397,14
DA:398,14
DA:401,14
DA:402,14
DA:404,14
DA:405,14
DA:409,14
DA:412,14
DA:415,14
DA:418,14
DA:421,14
DA:424,14
DA:427,14
DA:430,14
DA:433,14
DA:434,14
DA:436,14
DA:437,14
DA:438,14
DA:441,14
DA:442,14
DA:445,14
DA:446,14
DA:449,14
DA:452,14
DA:453,14
DA:456,14
DA:459,14
DA:462,14
DA:463,14
DA:464,14
DA:465,14
DA:468,14
DA:471,14
DA:474,14
DA:477,14
DA:480,14
DA:481,14
DA:484,14
DA:487,14
DA:490,14
DA:493,14
DA:496,14
DA:499,14
DA:500,14
DA:501,14
DA:502,14
DA:503,14
DA:506,14
DA:509,14
DA:512,14
DA:515,14
DA:518,14
DA:521,14
DA:524,14
DA:527,14
DA:530,14
DA:533,14
DA:534,14
DA:537,14
DA:540,14
DA:543,14
DA:546,14
DA:550,14
DA:553,14
DA:556,14
DA:559,14
DA:560,14
DA:563,14
DA:566,14
DA:569,14
DA:572,14
DA:575,14
DA:578,14
DA:581,14
DA:585,14
DA:586,14
DA:589,14
DA:592,14
DA:595,14
DA:596,14
DA:599,14
DA:602,14
DA:605,14
DA:608,14
DA:611,14
DA:614,14
DA:617,14
DA:620,14
DA:623,14
DA:626,14
DA:629,14
DA:632,14
DA:635,14
DA:636,14
DA:639,14
DA:642,14
DA:645,14
DA:648,14
DA:651,14
DA:654,14
DA:657,14
DA:660,14
DA:663,14
DA:664,14
DA:667,14
DA:670,14
DA:673,14
DA:676,14
DA:679,14
DA:682,14
DA:683,14
DA:686,14
DA:687,14
DA:690,14
DA:691,14
DA:692,14
DA:693,14
DA:694,14
DA:697,14
DA:700,14
DA:703,14
DA:706,14
DA:709,14
DA:712,14
DA:715,14
DA:718,14
DA:721,14
DA:722,14
DA:725,14
DA:728,14
DA:729,14
DA:732,14
DA:735,14
DA:736,14
DA:737,14
DA:740,14
DA:741,14
DA:744,14
DA:748,14
DA:752,14
DA:755,14
DA:758,14
DA:762,14
DA:765,14
DA:770,14
DA:773,14
DA:776,14
DA:779,14
DA:782,14
DA:785,14
DA:788,14
DA:789,14
DA:790,14
DA:791,14
DA:792,14
DA:793,14
DA:794,14
DA:797,14
DA:800,14
DA:803,14
DA:806,14
DA:809,14
DA:812,14
DA:815,14
DA:816,14
DA:817,14
DA:818,14
DA:821,14
DA:824,14
DA:825,14
DA:828,14
DA:831,14
DA:834,14
DA:837,14
DA:838,14
DA:839,14
DA:842,14
DA:845,14
DA:848,14
DA:851,14
DA:854,14
DA:857,14
DA:858,14
DA:860,14
DA:863,14
DA:864,14
DA:865,14
DA:866,14
DA:869,14
DA:872,14
DA:875,14
DA:878,14
DA:879,14
DA:881,14
DA:882,14
DA:885,14
DA:888,14
DA:891,14
DA:894,14
DA:897,14
DA:900,14
DA:901,14
DA:902,14
DA:903,14
DA:905,14
DA:908,14
DA:909,14
DA:910,14
DA:911,14
DA:912,14
LF:370
LH:348
end_of_record
SF:lib\generated\intl\messages_es.dart
DA:16,0
DA:21,0
DA:23,0
DA:25,0
DA:27,0
DA:28,0
DA:30,0
DA:31,0
DA:33,0
DA:34,0
DA:36,0
DA:38,0
DA:40,0
DA:41,0
DA:43,0
DA:45,0
DA:46,0
DA:48,0
DA:49,0
DA:51,0
DA:53,0
DA:54,0
DA:56,0
DA:58,0
DA:60,0
DA:61,0
DA:63,0
DA:64,0
DA:67,0
DA:68,0
DA:69,0
DA:74,0
DA:77,0
DA:82,0
DA:86,0
DA:89,0
DA:92,0
DA:95,0
DA:98,0
DA:101,0
DA:104,0
DA:105,0
DA:108,0
DA:109,0
DA:110,0
DA:113,0
DA:116,0
DA:119,0
DA:122,0
DA:125,0
DA:126,0
DA:129,0
DA:132,0
DA:135,0
DA:136,0
DA:137,0
DA:140,0
DA:143,0
DA:146,0
DA:149,0
DA:152,0
DA:155,0
DA:158,0
DA:161,0
DA:164,0
DA:167,0
DA:170,0
DA:173,0
DA:176,0
DA:179,0
DA:182,0
DA:185,0
DA:188,0
DA:191,0
DA:194,0
DA:197,0
DA:200,0
DA:203,0
DA:206,0
DA:209,0
DA:212,0
DA:215,0
DA:216,0
DA:219,0
DA:222,0
DA:225,0
DA:229,0
DA:230,0
DA:233,0
DA:236,0
DA:237,0
DA:238,0
DA:241,0
DA:244,0
DA:247,0
DA:250,0
DA:251,0
DA:254,0
DA:255,0
DA:258,0
DA:261,0
DA:264,0
DA:267,0
DA:270,0
DA:273,0
DA:276,0
DA:277,0
DA:280,0
DA:283,0
DA:286,0
DA:287,0
DA:290,0
DA:293,0
DA:296,0
DA:300,0
DA:301,0
DA:304,0
DA:308,0
DA:311,0
DA:314,0
DA:317,0
DA:320,0
DA:324,0
DA:327,0
DA:331,0
DA:336,0
DA:337,0
DA:338,0
DA:340,0
DA:341,0
DA:344,0
DA:347,0
DA:350,0
DA:353,0
DA:356,0
DA:359,0
DA:362,0
DA:365,0
DA:368,0
DA:369,0
DA:372,0
DA:373,0
DA:374,0
DA:375,0
DA:378,0
DA:381,0
DA:384,0
DA:387,0
DA:390,0
DA:393,0
DA:396,0
DA:399,0
DA:402,0
DA:403,0
DA:406,0
DA:409,0
DA:410,0
DA:413,0
DA:416,0
DA:419,0
DA:422,0
DA:425,0
DA:426,0
DA:427,0
DA:430,0
DA:433,0
DA:437,0
DA:438,0
DA:442,0
DA:445,0
DA:448,0
DA:451,0
DA:454,0
DA:457,0
DA:460,0
DA:463,0
DA:466,0
DA:469,0
DA:471,0
DA:472,0
DA:473,0
DA:476,0
DA:479,0
DA:482,0
DA:485,0
DA:488,0
DA:491,0
DA:492,0
DA:495,0
DA:498,0
DA:501,0
DA:502,0
DA:503,0
DA:504,0
DA:507,0
DA:510,0
DA:513,0
DA:516,0
DA:519,0
DA:520,0
DA:523,0
DA:526,0
DA:529,0
DA:532,0
DA:535,0
DA:538,0
DA:539,0
DA:540,0
DA:541,0
DA:542,0
DA:545,0
DA:548,0
DA:551,0
DA:554,0
DA:557,0
DA:560,0
DA:563,0
DA:566,0
DA:569,0
DA:572,0
DA:575,0
DA:578,0
DA:581,0
DA:584,0
DA:588,0
DA:591,0
DA:594,0
DA:597,0
DA:598,0
DA:601,0
DA:604,0
DA:607,0
DA:610,0
DA:613,0
DA:616,0
DA:619,0
DA:623,0
DA:624,0
DA:627,0
DA:630,0
DA:633,0
DA:634,0
DA:637,0
DA:640,0
DA:643,0
DA:646,0
DA:649,0
DA:652,0
DA:655,0
DA:658,0
DA:661,0
DA:664,0
DA:667,0
DA:670,0
DA:673,0
DA:676,0
DA:679,0
DA:682,0
DA:685,0
DA:688,0
DA:691,0
DA:694,0
DA:697,0
DA:700,0
DA:703,0
DA:706,0
DA:709,0
DA:712,0
DA:715,0
DA:718,0
DA:721,0
DA:724,0
DA:725,0
DA:728,0
DA:729,0
DA:732,0
DA:733,0
DA:736,0
DA:737,0
DA:738,0
DA:741,0
DA:744,0
DA:747,0
DA:750,0
DA:753,0
DA:756,0
DA:759,0
DA:762,0
DA:765,0
DA:766,0
DA:769,0
DA:772,0
DA:775,0
DA:778,0
DA:781,0
DA:784,0
DA:785,0
DA:786,0
DA:789,0
DA:792,0
DA:796,0
DA:799,0
DA:802,0
DA:805,0
DA:809,0
DA:812,0
DA:817,0
DA:820,0
DA:823,0
DA:826,0
DA:829,0
DA:832,0
DA:833,0
DA:836,0
DA:839,0
DA:840,0
DA:841,0
DA:842,0
DA:843,0
DA:846,0
DA:849,0
DA:852,0
DA:855,0
DA:858,0
DA:861,0
DA:864,0
DA:865,0
DA:868,0
DA:869,0
DA:872,0
DA:875,0
DA:878,0
DA:881,0
DA:884,0
DA:887,0
DA:890,0
DA:893,0
DA:896,0
DA:899,0
DA:902,0
DA:905,0
DA:908,0
DA:911,0
DA:914,0
DA:915,0
DA:917,0
DA:920,0
DA:921,0
DA:922,0
DA:923,0
DA:926,0
DA:929,0
DA:932,0
DA:935,0
DA:936,0
DA:940,0
DA:943,0
DA:946,0
DA:949,0
DA:952,0
DA:955,0
DA:958,0
DA:961,0
DA:962,0
DA:965,0
DA:966,0
DA:968,0
DA:971,0
DA:972,0
DA:973,0
DA:974,0
DA:975,0
LF:372
LH:0
end_of_record
SF:lib\core\utils\url_validator.dart
DA:1,2
DA:2,2
DA:3,2
DA:5,2
DA:8,4
DA:9,4
DA:10,4
DA:13,3
DA:14,3
DA:15,3
DA:16,2
LF:11
LH:11
end_of_record
SF:lib\core\chores\enums\chore_completion_status.dart
DA:11,0
DA:13,0
DA:14,0
DA:15,0
LF:4
LH:0
end_of_record
SF:lib\core\chores\enums\chore_recurrence.dart
DA:16,0
DA:18,0
DA:19,0
DA:20,0
LF:4
LH:0
end_of_record
SF:lib\core\chores\enums\chore_state.dart
DA:5,0
DA:7,0
DA:9,0
DA:10,0
DA:11,0
LF:5
LH:0
end_of_record
SF:lib\core\media\expectation_photo_service.dart
DA:9,1
DA:17,0
DA:20,0
DA:26,0
DA:30,0
DA:32,0
DA:35,0
DA:43,0
DA:46,0
DA:47,0
DA:50,0
DA:54,0
DA:55,0
DA:56,0
DA:57,0
DA:58,0
DA:60,0
DA:61,0
DA:62,0
DA:63,0
LF:20
LH:1
end_of_record
SF:lib\core\media\media_repository.dart
DA:6,0
LF:1
LH:0
end_of_record
SF:lib\core\media\supabase_media_repository.dart
DA:9,0
DA:10,0
DA:15,0
DA:23,0
DA:28,0
DA:29,0
DA:30,0
DA:39,0
DA:41,0
DA:48,0
DA:52,0
DA:53,0
DA:54,0
DA:55,0
DA:58,0
DA:59,0
DA:60,0
DA:63,0
DA:64,0
DA:65,0
DA:68,0
LF:21
LH:0
end_of_record
SF:lib\features\flow\bloc\flow_chore_event.dart
DA:4,1
DA:6,0
DA:7,0
DA:11,1
DA:16,0
DA:18,0
DA:19,0
DA:24,1
DA:26,0
DA:27,0
DA:32,0
DA:34,0
DA:35,0
DA:40,0
DA:42,0
DA:43,0
DA:48,0
DA:50,0
DA:51,0
DA:56,0
DA:58,0
DA:59,0
DA:64,0
DA:66,0
DA:67,0
DA:71,1
DA:75,1
DA:79,1
LF:28
LH:6
end_of_record
SF:lib\features\flow\bloc\flow_chore_bloc.dart
DA:16,2
DA:28,0
DA:29,2
DA:30,2
DA:32,2
DA:35,4
DA:36,4
DA:37,4
DA:38,4
DA:39,4
DA:40,4
DA:41,4
DA:42,4
DA:43,4
DA:44,4
DA:45,4
DA:54,1
DA:58,3
DA:60,2
DA:61,1
DA:65,1
DA:67,0
DA:68,0
DA:69,0
DA:71,0
DA:73,3
DA:75,1
DA:76,0
DA:77,0
DA:80,1
DA:81,2
DA:83,1
DA:84,0
DA:85,0
DA:86,0
DA:88,0
DA:91,1
DA:92,2
DA:101,0
DA:102,0
DA:107,2
DA:111,14
DA:114,0
DA:118,0
DA:119,0
DA:120,0
DA:125,0
DA:129,0
DA:132,0
DA:136,0
DA:137,0
DA:141,0
DA:145,0
DA:148,1
DA:152,7
DA:155,1
DA:159,1
DA:160,2
DA:161,4
DA:166,1
DA:170,2
DA:171,1
DA:172,2
DA:180,2
DA:181,1
DA:182,1
DA:184,1
DA:185,2
DA:187,4
DA:191,1
DA:192,1
DA:193,2
DA:195,1
DA:197,3
DA:200,1
DA:201,0
DA:203,1
DA:204,2
DA:206,1
DA:207,3
DA:213,2
DA:217,4
DA:218,2
DA:219,0
DA:220,4
DA:221,2
DA:222,2
DA:226,3
DA:230,2
DA:231,4
DA:240,4
DA:241,2
DA:242,4
DA:245,2
DA:246,4
DA:247,2
DA:248,4
DA:249,2
DA:250,2
DA:251,2
DA:256,0
DA:257,0
DA:258,0
DA:259,0
DA:260,0
DA:261,0
DA:267,2
DA:268,4
DA:270,4
DA:271,2
DA:276,0
DA:277,0
DA:278,0
DA:282,0
DA:283,0
DA:284,0
DA:288,0
DA:289,0
DA:294,0
DA:295,0
DA:301,2
DA:302,2
DA:303,2
DA:307,0
DA:311,0
DA:312,0
DA:313,0
DA:322,0
DA:323,0
DA:324,0
DA:326,0
DA:330,0
DA:331,0
DA:332,0
DA:335,0
DA:336,0
DA:337,0
DA:341,0
DA:342,0
DA:346,0
DA:347,0
LF:141
LH:81
end_of_record
SF:lib\features\flow\bloc\flow_chore_state.dart
DA:23,2
DA:44,2
DA:48,2
DA:49,2
DA:50,2
DA:70,2
DA:94,2
DA:95,2
DA:96,2
DA:97,2
DA:98,2
DA:99,2
DA:100,2
DA:101,2
DA:102,2
DA:104,2
DA:106,2
DA:108,2
DA:112,2
DA:116,2
DA:117,2
DA:118,2
DA:120,2
DA:121,2
DA:124,2
DA:128,0
DA:129,0
DA:130,0
DA:132,2
DA:133,2
DA:134,2
DA:135,2
DA:136,2
DA:137,2
DA:138,2
DA:139,2
DA:140,2
DA:141,2
DA:142,2
DA:143,2
DA:144,2
DA:145,2
DA:146,2
DA:147,2
DA:148,2
DA:149,2
DA:150,2
DA:151,2
LF:48
LH:45
end_of_record
SF:lib\features\flow\domain\flow_chore_form.dart
DA:15,2
DA:25,2
DA:26,2
DA:29,0
DA:37,0
DA:38,0
DA:39,0
DA:40,0
DA:41,0
DA:42,0
DA:43,0
DA:44,0
DA:45,0
DA:49,2
DA:58,2
DA:59,2
DA:62,2
DA:64,2
DA:65,2
DA:66,2
DA:67,2
DA:68,2
DA:72,8
DA:73,2
DA:74,6
DA:75,2
DA:76,6
DA:78,0
DA:79,0
DA:80,0
DA:81,0
DA:82,0
DA:83,0
DA:84,0
DA:85,0
DA:88,2
DA:89,8
DA:90,10
DA:91,14
DA:92,2
DA:95,2
DA:98,2
DA:99,6
DA:100,6
DA:101,6
DA:102,6
DA:103,6
DA:104,6
DA:105,6
DA:107,0
DA:108,0
DA:109,0
DA:110,0
DA:111,0
DA:112,0
DA:113,0
DA:114,0
DA:115,0
LF:58
LH:31
end_of_record
SF:lib\core\account\supabase_account_repository.dart
DA:6,0
DA:7,0
DA:11,0
DA:15,0
LF:4
LH:0
end_of_record
SF:lib\core\app_version\supabase_app_version_repository.dart
DA:7,0
DA:8,0
DA:12,0
DA:16,0
DA:18,0
DA:20,0
DA:21,0
DA:23,0
DA:25,0
DA:27,0
DA:28,0
DA:29,0
DA:30,0
DA:31,0
LF:14
LH:0
end_of_record
SF:lib\data\repositories\app_version_repository.dart
DA:2,1
LF:1
LH:1
end_of_record
SF:lib\core\auth\supabase_auth_repository.dart
DA:15,0
DA:16,0
DA:17,0
DA:18,0
DA:20,0
DA:21,0
DA:22,0
DA:24,0
DA:25,0
DA:26,0
DA:27,0
DA:37,0
DA:38,0
DA:40,0
DA:42,0
DA:43,0
DA:44,0
DA:47,0
DA:50,0
DA:51,0
DA:53,0
DA:55,0
DA:56,0
DA:58,0
DA:63,0
DA:66,0
DA:70,0
DA:72,0
DA:73,0
DA:75,0
DA:76,0
DA:79,0
DA:80,0
DA:85,0
DA:87,0
DA:89,0
DA:91,0
DA:98,0
DA:100,0
DA:103,0
DA:104,0
DA:105,0
DA:108,0
DA:110,0
DA:112,0
DA:113,0
DA:116,0
DA:120,0
DA:123,0
DA:124,0
DA:126,0
DA:127,0
DA:130,0
DA:131,0
DA:132,0
DA:133,0
LF:56
LH:0
end_of_record
SF:lib\core\config\app_config.dart
DA:15,0
DA:16,0
DA:17,0
DA:18,0
DA:19,0
DA:20,0
DA:21,0
DA:22,0
DA:23,0
LF:9
LH:0
end_of_record
SF:lib\core\chores\supabase_chores_repository.dart
DA:13,0
DA:14,0
DA:20,0
DA:33,0
DA:34,0
DA:36,0
DA:37,0
DA:38,0
DA:39,0
DA:40,0
DA:41,0
DA:42,0
DA:43,0
DA:45,0
DA:48,0
DA:50,0
DA:58,0
DA:71,0
DA:72,0
DA:74,0
DA:75,0
DA:76,0
DA:77,0
DA:78,0
DA:79,0
DA:80,0
DA:81,0
DA:83,0
DA:86,0
DA:88,0
DA:96,0
DA:99,0
DA:101,0
DA:104,0
DA:106,0
DA:114,0
DA:122,0
DA:125,0
DA:127,0
DA:129,0
DA:131,0
DA:139,0
DA:142,0
DA:144,0
DA:147,0
DA:149,0
DA:150,0
DA:151,0
DA:153,0
DA:154,0
DA:155,0
DA:157,0
DA:159,0
DA:162,0
DA:170,0
DA:174,0
DA:180,0
DA:182,0
DA:185,0
DA:187,0
DA:188,0
DA:189,0
DA:191,0
DA:199,0
DA:207,0
DA:213,0
DA:215,0
DA:218,0
DA:220,0
DA:228,0
DA:236,0
DA:239,0
DA:241,0
DA:244,0
DA:246,0
DA:247,0
DA:248,0
DA:250,0
DA:251,0
DA:252,0
DA:254,0
DA:255,0
DA:258,0
DA:266,0
DA:274,0
DA:275,0
DA:277,0
DA:278,0
DA:279,0
DA:281,0
DA:286,0
DA:289,0
DA:290,0
DA:299,0
DA:300,0
DA:301,0
DA:302,0
LF:97
LH:0
end_of_record
SF:lib\core\di\locator.dart
DA:30,15
DA:32,0
DA:33,0
DA:34,0
DA:36,0
DA:37,0
DA:39,0
DA:41,0
DA:43,0
DA:44,0
DA:45,0
DA:48,0
DA:49,0
DA:50,0
DA:53,0
DA:54,0
DA:55,0
DA:58,0
DA:59,0
DA:60,0
DA:63,0
DA:64,0
DA:65,0
DA:68,0
DA:69,0
DA:70,0
DA:73,0
DA:74,0
DA:75,0
DA:78,0
DA:79,0
DA:81,0
DA:82,0
DA:84,0
DA:85,0
DA:86,0
DA:89,0
DA:90,0
DA:91,0
DA:94,0
DA:95,0
LF:41
LH:1
end_of_record
SF:lib\data\repositories\expenses_repository.dart
DA:48,0
DA:56,0
DA:57,0
DA:58,0
LF:4
LH:0
end_of_record
SF:lib\core\expenses\supabase_expenses_repository.dart
DA:8,0
DA:9,0
DA:13,0
DA:24,0
DA:26,0
DA:27,0
DA:28,0
DA:29,0
DA:30,0
DA:31,0
DA:32,0
DA:33,0
DA:34,0
DA:35,0
DA:39,0
DA:41,0
DA:49,0
DA:53,0
DA:64,0
DA:66,0
DA:67,0
DA:68,0
DA:69,0
DA:70,0
DA:71,0
DA:72,0
DA:73,0
DA:74,0
DA:75,0
DA:79,0
DA:81,0
DA:89,0
DA:93,0
DA:98,0
DA:100,0
DA:102,0
DA:105,0
DA:106,0
DA:108,0
DA:112,0
DA:117,0
DA:119,0
DA:121,0
DA:124,0
DA:125,0
DA:127,0
DA:131,0
DA:134,0
DA:136,0
DA:138,0
DA:145,0
DA:147,0
DA:151,0
DA:154,0
DA:156,0
DA:159,0
DA:163,0
DA:166,0
DA:168,0
DA:170,0
DA:177,0
DA:179,0
DA:183,0
DA:184,0
DA:185,0
DA:189,0
DA:190,0
DA:193,0
DA:195,0
DA:196,0
DA:197,0
DA:199,0
DA:201,0
DA:202,0
DA:204,0
DA:205,0
DA:206,0
LF:77
LH:0
end_of_record
SF:lib\core\homes\supabase_home_repository.dart
DA:9,0
DA:10,0
DA:12,0
DA:14,0
DA:15,0
DA:22,0
DA:24,0
DA:28,0
DA:31,0
DA:32,0
DA:33,0
DA:35,0
DA:36,0
DA:38,0
DA:43,0
DA:44,0
DA:48,0
DA:51,0
DA:53,0
DA:57,0
DA:60,0
DA:62,0
DA:64,0
DA:65,0
DA:68,0
DA:73,0
DA:74,0
DA:78,0
DA:81,0
DA:83,0
DA:85,0
DA:86,0
DA:88,0
DA:89,0
DA:91,0
DA:96,0
DA:97,0
DA:101,0
DA:104,0
DA:106,0
DA:108,0
DA:109,0
DA:111,0
DA:112,0
DA:114,0
DA:119,0
DA:120,0
DA:124,0
DA:127,0
DA:129,0
DA:132,0
DA:136,0
DA:142,0
DA:144,0
DA:146,0
DA:148,0
DA:149,0
DA:150,0
DA:153,0
DA:155,0
DA:157,0
DA:161,0
DA:164,0
DA:166,0
DA:168,0
DA:169,0
DA:171,0
DA:172,0
DA:174,0
DA:176,0
DA:177,0
DA:181,0
DA:184,0
DA:186,0
DA:189,0
DA:193,0
DA:196,0
DA:197,0
DA:198,0
DA:200,0
DA:201,0
DA:203,0
DA:204,0
DA:207,0
DA:208,0
DA:210,0
DA:211,0
DA:221,0
DA:227,0
DA:229,0
LF:90
LH:0
end_of_record
SF:lib\core\profile\supabase_profile_repository.dart
DA:10,0
DA:11,0
DA:15,0
DA:17,0
DA:18,0
DA:22,0
DA:24,0
DA:26,0
DA:27,0
DA:30,0
DA:37,0
DA:39,0
DA:41,0
DA:43,0
DA:46,0
DA:47,0
DA:48,0
DA:50,0
DA:53,0
DA:56,0
DA:62,0
DA:64,0
DA:66,0
DA:68,0
DA:70,0
DA:72,0
DA:73,0
DA:77,0
DA:79,0
DA:81,0
DA:83,0
DA:84,0
DA:90,0
DA:91,0
DA:95,0
DA:96,0
DA:97,0
DA:98,0
DA:99,0
DA:100,0
DA:102,0
DA:103,0
DA:111,0
DA:112,0
DA:114,0
DA:115,0
DA:116,0
DA:117,0
DA:118,0
DA:120,0
LF:50
LH:0
end_of_record
SF:lib\core\network\connectivity_monitor.dart
DA:10,0
DA:11,0
DA:22,0
DA:23,0
DA:25,0
DA:26,0
DA:27,0
DA:28,0
DA:29,0
DA:31,0
DA:34,0
DA:35,0
DA:36,0
DA:42,0
DA:43,0
DA:44,0
DA:47,0
DA:51,0
DA:52,0
DA:53,0
DA:54,0
DA:60,0
DA:61,0
LF:23
LH:0
end_of_record
SF:lib\core\logging\logger.dart
DA:16,0
DA:17,0
DA:19,0
DA:20,0
DA:22,0
DA:27,0
DA:35,0
DA:40,0
LF:8
LH:0
end_of_record
SF:lib\core\logging\debug_logger.dart
DA:8,1
DA:12,2
DA:14,2
DA:16,3
DA:18,3
DA:20,1
DA:26,1
DA:34,2
DA:40,2
DA:48,4
DA:56,4
DA:58,4
DA:59,0
DA:67,4
DA:68,4
DA:69,4
DA:70,2
DA:71,2
LF:18
LH:17
end_of_record
SF:lib\core\profile\profile_update_notifier.dart
DA:10,6
DA:12,0
DA:13,0
DA:14,0
DA:17,2
DA:18,4
LF:6
LH:3
end_of_record
SF:lib\core\notifications\supabase_notifications_repository.dart
DA:10,0
DA:13,0
DA:19,0
DA:29,0
DA:34,0
DA:44,0
DA:45,0
DA:58,0
DA:66,0
DA:77,0
DA:82,0
DA:84,0
DA:89,0
DA:94,0
DA:96,0
DA:101,0
DA:103,0
DA:104,0
DA:105,0
DA:106,0
DA:107,0
DA:110,0
DA:119,0
DA:121,0
DA:131,0
LF:25
LH:0
end_of_record
SF:lib\core\notifications\notification_sync_state.dart
DA:7,0
DA:9,0
DA:10,0
LF:3
LH:0
end_of_record
SF:lib\data\repositories\onboarding_repository.dart
DA:9,1
DA:21,0
DA:22,0
DA:23,0
DA:25,0
DA:27,0
DA:28,0
LF:7
LH:1
end_of_record
SF:lib\core\onboarding\supabase_onboarding_repository.dart
DA:7,0
DA:8,0
DA:12,0
DA:14,0
DA:15,0
DA:16,0
DA:18,0
DA:19,0
LF:8
LH:0
end_of_record
SF:lib\core\telemetry\logger_telemetry.dart
DA:6,0
DA:10,0
DA:12,0
DA:13,0
LF:4
LH:0
end_of_record
SF:lib\core\expenses\enums\expense_share_status.dart
DA:5,0
DA:7,0
DA:9,0
DA:10,0
DA:11,0
LF:5
LH:0
end_of_record
SF:lib\core\expenses\enums\expense_split_type.dart
DA:5,0
DA:7,0
DA:9,0
DA:10,0
DA:11,0
LF:5
LH:0
end_of_record
SF:lib\core\expenses\enums\expense_status.dart
DA:5,0
DA:7,0
DA:9,0
DA:10,0
DA:11,0
LF:5
LH:0
end_of_record
SF:lib\core\expenses\models.dart
DA:12,1
DA:36,0
DA:37,0
DA:38,0
DA:39,0
DA:40,0
DA:41,0
DA:42,0
DA:43,0
DA:44,0
DA:45,0
DA:46,0
DA:47,0
DA:54,0
DA:68,0
DA:69,0
DA:70,0
DA:71,0
DA:72,0
DA:73,0
DA:74,0
DA:81,0
DA:91,0
DA:92,0
DA:94,0
DA:96,0
DA:97,0
DA:98,0
DA:101,0
DA:103,0
DA:104,0
DA:106,0
DA:113,0
DA:125,0
DA:126,0
DA:127,0
DA:128,0
DA:129,0
DA:130,0
DA:136,0
DA:150,0
DA:151,0
DA:153,0
DA:155,0
DA:156,0
DA:157,0
DA:160,0
DA:162,0
DA:163,0
DA:164,0
DA:165,0
DA:166,0
DA:174,0
DA:204,0
DA:206,0
DA:207,0
DA:208,0
DA:209,0
DA:210,0
DA:211,0
DA:212,0
DA:213,0
DA:214,0
DA:215,0
DA:216,0
DA:217,0
DA:218,0
DA:219,0
DA:220,0
LF:69
LH:1
end_of_record
SF:lib\core\logging\enums\log_level.dart
DA:5,0
DA:6,0
DA:7,0
DA:8,0
DA:9,0
LF:5
LH:0
end_of_record
SF:lib\core\notifications\notification_permission_service.dart
DA:6,1
DA:13,1
DA:21,0
DA:29,0
DA:32,0
DA:43,0
DA:47,0
DA:48,0
DA:49,0
DA:50,0
DA:51,0
DA:53,0
DA:54,0
DA:55,0
DA:56,0
LF:15
LH:2
end_of_record
SF:lib\core\notifications\notification_preferences.dart
DA:2,0
DA:12,0
DA:13,0
DA:14,0
DA:15,0
DA:16,0
LF:6
LH:0
end_of_record
SF:lib\core\notifications\notification_token_bootstrap.dart
DA:9,0
DA:30,0
DA:41,0
DA:43,0
DA:46,0
DA:47,0
DA:48,0
DA:52,0
DA:53,0
DA:56,0
DA:57,0
DA:58,0
DA:59,0
DA:60,0
DA:61,0
DA:63,0
DA:67,0
DA:68,0
LF:18
LH:0
end_of_record
SF:lib\core\profile\avatar_cache_buster.dart
DA:7,0
DA:8,0
DA:12,0
DA:13,0
DA:15,0
DA:17,0
DA:18,0
LF:7
LH:0
end_of_record
SF:lib\core\profile\models.dart
DA:11,0
DA:20,0
DA:25,0
DA:26,0
DA:27,0
DA:28,0
DA:29,0
DA:35,0
DA:43,0
DA:44,0
DA:45,0
DA:46,0
DA:47,0
DA:48,0
DA:49,0
DA:55,1
DA:67,0
DA:68,0
DA:69,0
DA:70,0
DA:71,0
DA:72,0
DA:76,0
DA:80,0
DA:81,0
DA:82,0
DA:83,0
DA:88,1
DA:89,5
LF:29
LH:3
end_of_record
SF:lib\core\profile\profile_error_mapper.dart
DA:12,0
DA:14,0
DA:15,0
DA:19,0
DA:22,0
DA:23,0
DA:25,0
DA:26,0
DA:28,0
DA:32,0
DA:33,0
DA:34,0
DA:35,0
DA:36,0
DA:38,0
DA:39,0
DA:41,0
DA:42,0
DA:44,0
DA:45,0
DA:47,0
DA:48,0
DA:50,0
DA:51,0
DA:53,0
DA:54,0
DA:56,0
DA:57,0
DA:59,0
DA:60,0
DA:62,0
DA:63,0
DA:65,0
DA:66,0
DA:68,0
DA:69,0
DA:71,0
DA:72,0
DA:74,0
DA:75,0
DA:77,0
DA:78,0
DA:80,0
DA:81,0
DA:84,0
DA:86,0
DA:87,0
DA:92,0
DA:95,0
DA:97,0
DA:98,0
DA:99,0
DA:100,0
DA:101,0
DA:103,0
DA:104,0
DA:109,0
DA:118,0
LF:58
LH:0
end_of_record
SF:lib\core\router\app_router.dart
DA:64,0
DA:65,0
DA:66,0
DA:67,0
DA:68,0
DA:71,1
DA:76,1
DA:79,1
DA:80,1
DA:81,1
DA:82,1
DA:83,1
DA:84,1
DA:85,1
DA:87,3
DA:94,1
DA:95,1
DA:97,1
DA:102,1
DA:103,3
DA:104,0
DA:111,0
DA:112,0
DA:116,0
DA:126,0
DA:130,0
DA:136,1
DA:137,1
DA:140,0
DA:142,1
DA:145,1
DA:147,1
DA:150,1
DA:152,1
DA:155,0
DA:157,1
DA:160,0
DA:162,1
DA:166,0
DA:167,0
DA:169,1
DA:172,0
DA:173,0
DA:174,0
DA:176,0
DA:177,0
DA:178,0
DA:179,0
DA:180,0
DA:181,0
DA:182,0
DA:186,1
DA:189,0
DA:190,0
DA:192,0
DA:194,0
DA:195,0
DA:196,0
DA:200,1
DA:203,0
DA:204,0
DA:206,0
DA:211,1
DA:214,0
DA:215,0
DA:217,0
DA:219,0
DA:220,0
DA:221,0
DA:225,1
DA:228,0
DA:229,0
DA:231,0
DA:233,0
DA:234,0
DA:235,0
DA:236,0
DA:240,1
DA:243,0
DA:244,0
DA:246,0
DA:248,0
DA:249,0
DA:250,0
DA:254,1
DA:257,0
DA:258,0
DA:260,0
DA:262,0
DA:263,0
DA:265,0
DA:266,0
DA:267,0
DA:268,0
DA:273,1
DA:276,0
DA:277,0
DA:279,0
DA:281,0
DA:282,0
DA:283,0
DA:284,0
DA:288,1
DA:291,0
DA:292,0
DA:294,0
DA:296,0
DA:297,0
DA:298,0
DA:299,0
DA:300,0
DA:305,1
DA:308,0
DA:309,0
DA:311,0
DA:313,0
DA:314,0
DA:315,0
DA:317,0
DA:321,1
DA:324,0
DA:325,0
DA:327,0
DA:329,0
DA:330,0
DA:331,0
DA:332,0
DA:337,1
DA:340,0
DA:341,0
DA:343,0
DA:345,0
DA:346,0
DA:347,0
DA:348,0
DA:352,1
DA:355,0
DA:356,0
DA:358,0
DA:360,0
DA:361,0
DA:362,0
DA:363,0
DA:365,0
DA:366,0
DA:367,0
DA:371,1
DA:374,0
DA:375,0
DA:376,0
DA:377,0
DA:379,0
DA:381,0
DA:383,0
DA:384,0
DA:388,1
DA:391,0
DA:392,0
DA:394,0
DA:396,0
DA:399,1
DA:402,0
DA:403,0
DA:404,0
DA:405,0
DA:407,0
DA:409,0
DA:411,0
DA:412,0
DA:413,0
LF:170
LH:40
end_of_record
SF:lib\features\today\ui\today_provider.dart
DA:24,0
DA:36,0
DA:38,0
DA:40,0
DA:41,0
DA:42,0
DA:43,0
DA:44,0
DA:45,0
DA:46,0
DA:47,0
DA:48,0
LF:12
LH:0
end_of_record
SF:lib\features\flow\ui\flow_chore_detail\flow_chore_detail_provider.dart
DA:9,0
DA:20,0
DA:22,0
DA:24,0
DA:25,0
DA:26,0
DA:27,0
DA:28,0
LF:8
LH:0
end_of_record
SF:lib\features\flow\ui\flow_chore_provider.dart
DA:15,0
DA:23,0
DA:25,0
DA:27,0
DA:28,0
DA:29,0
DA:30,0
DA:31,0
DA:32,0
LF:9
LH:0
end_of_record
SF:lib\features\flow\ui\flow_list_provider.dart
DA:16,0
DA:24,0
DA:26,0
DA:28,0
DA:29,0
DA:30,0
DA:31,0
DA:32,0
DA:33,0
LF:9
LH:0
end_of_record
SF:lib\features\explore\ui\explore_screen.dart
DA:13,1
DA:15,0
DA:17,0
DA:18,0
DA:19,0
DA:20,0
DA:21,0
DA:22,0
DA:24,0
DA:27,0
DA:28,0
DA:29,0
DA:30,0
DA:34,0
DA:35,0
DA:36,0
DA:37,0
DA:39,0
DA:40,0
DA:41,0
DA:42,0
DA:43,0
DA:44,0
DA:45,0
DA:48,0
DA:49,0
DA:50,0
DA:51,0
DA:52,0
DA:53,0
DA:54,0
DA:57,0
DA:60,0
DA:62,0
DA:63,0
DA:64,0
DA:65,0
DA:66,0
DA:67,0
DA:70,0
DA:76,0
DA:78,0
DA:80,0
DA:81,0
DA:83,0
DA:86,0
DA:87,0
LF:47
LH:1
end_of_record
SF:lib\features\home_membership\start\ui\start_home_provider.dart
DA:10,1
DA:12,0
DA:14,0
DA:15,0
LF:4
LH:1
end_of_record
SF:lib\features\welcome\ui\welcome_screen.dart
DA:20,1
DA:22,2
DA:23,2
DA:29,0
DA:32,0
DA:36,0
DA:37,0
DA:42,2
DA:44,2
DA:45,2
DA:46,2
DA:47,8
DA:48,2
DA:49,2
DA:51,2
DA:53,1
DA:54,3
DA:55,0
DA:56,1
DA:57,1
DA:59,2
DA:60,2
DA:61,1
DA:63,0
DA:67,2
DA:70,1
DA:73,2
DA:74,2
DA:75,2
DA:76,2
DA:77,4
DA:78,2
DA:80,2
DA:85,2
DA:86,2
DA:87,6
DA:88,4
DA:95,2
DA:97,2
DA:98,2
DA:99,2
DA:100,1
DA:101,3
DA:106,2
DA:107,2
DA:108,0
DA:109,0
DA:111,2
DA:112,2
DA:115,2
DA:116,2
DA:117,2
DA:118,4
DA:120,2
DA:121,0
DA:122,2
DA:123,2
DA:124,6
DA:125,2
DA:127,2
DA:131,2
DA:132,2
DA:133,4
DA:135,2
DA:136,0
DA:137,2
DA:138,2
DA:139,6
DA:140,2
DA:142,2
DA:155,2
DA:156,2
DA:157,2
DA:158,2
DA:160,2
DA:162,2
DA:164,2
DA:166,2
DA:167,1
DA:169,2
DA:180,0
DA:182,0
DA:183,0
DA:184,0
DA:185,0
DA:187,0
DA:189,0
DA:191,0
DA:193,0
DA:194,0
DA:196,0
DA:208,2
LF:92
LH:71
end_of_record
SF:lib\features\home_membership\join\ui\join_home_screen.dart
DA:19,1
DA:23,1
DA:25,1
DA:26,1
DA:27,1
DA:28,1
DA:30,1
DA:31,3
DA:32,3
DA:33,1
DA:34,1
DA:35,4
DA:36,1
DA:37,1
DA:39,0
DA:43,3
DA:51,1
DA:54,1
DA:55,1
DA:61,1
DA:63,1
DA:64,4
DA:67,1
DA:69,2
DA:70,1
DA:73,1
DA:75,1
DA:76,1
DA:77,4
DA:78,1
DA:79,2
DA:80,3
DA:81,2
DA:82,1
DA:83,1
DA:84,2
DA:85,1
DA:86,1
DA:89,1
DA:90,1
DA:91,3
DA:93,1
DA:94,1
DA:95,2
DA:96,2
DA:97,1
DA:99,1
DA:100,1
DA:101,1
DA:102,1
DA:104,3
DA:105,1
DA:108,2
DA:109,1
DA:111,1
DA:112,1
DA:115,1
DA:116,3
DA:120,1
DA:123,0
DA:138,1
DA:139,1
DA:140,1
DA:141,1
DA:142,1
DA:143,0
DA:144,0
DA:145,0
DA:146,0
DA:147,0
DA:148,0
DA:149,0
DA:150,0
DA:151,0
DA:152,0
DA:153,0
DA:154,0
DA:155,0
LF:78
LH:63
end_of_record
SF:lib\features\hub\ui\hub_provider.dart
DA:12,0
DA:21,0
DA:24,0
DA:26,0
DA:28,0
DA:29,0
DA:30,0
DA:33,0
LF:8
LH:0
end_of_record
SF:lib\features\flow\ui\flow_list_filter.dart
DA:6,0
DA:8,0
DA:10,0
DA:17,0
DA:19,0
DA:21,0
DA:23,0
LF:7
LH:0
end_of_record
SF:lib\features\profile_settings\ui\profile_settings_provider.dart
DA:12,0
DA:24,0
DA:32,0
DA:33,0
DA:34,0
DA:43,0
DA:46,0
DA:48,0
DA:49,0
DA:50,0
DA:53,0
DA:55,0
DA:56,0
DA:57,0
DA:58,0
DA:59,0
DA:61,0
LF:17
LH:0
end_of_record
SF:lib\features\profile_settings\edit\profile_identity_provider.dart
DA:10,0
DA:24,0
DA:31,0
DA:39,0
DA:41,0
DA:43,0
DA:44,0
DA:45,0
DA:46,0
DA:47,0
DA:48,0
DA:49,0
LF:12
LH:0
end_of_record
SF:lib\core\router\navigation_intents.dart
DA:4,1
DA:10,0
LF:2
LH:1
end_of_record
SF:lib\features\splash\ui\splash_screen.dart
DA:5,1
DA:7,1
DA:8,1
DA:15,1
DA:17,1
DA:18,2
DA:21,1
DA:24,1
DA:26,2
DA:27,1
DA:30,1
DA:32,1
DA:33,1
DA:34,1
DA:35,1
DA:36,1
DA:37,1
DA:39,1
DA:40,2
LF:19
LH:19
end_of_record
SF:lib\features\version_gating\bloc\app_version_cubit.dart
DA:18,3
DA:36,2
DA:45,2
DA:46,0
DA:47,2
DA:48,2
DA:49,2
DA:50,2
DA:51,2
DA:56,2
DA:57,2
DA:58,2
DA:59,2
DA:60,2
DA:61,2
DA:62,2
DA:63,2
DA:64,2
DA:69,2
DA:72,2
DA:79,2
DA:80,6
DA:81,0
DA:84,2
DA:85,4
DA:91,6
DA:93,4
DA:97,2
DA:99,2
DA:102,2
DA:103,4
DA:105,2
DA:106,2
DA:107,2
DA:108,2
DA:111,6
DA:112,4
DA:113,4
DA:117,1
DA:118,2
DA:120,1
DA:123,2
DA:124,1
LF:43
LH:41
end_of_record
SF:lib\features\version_gating\ui\force_update_screen.dart
DA:15,1
DA:17,0
DA:19,0
DA:20,0
DA:21,0
DA:22,0
DA:23,0
DA:24,0
DA:25,0
DA:26,0
DA:27,0
DA:28,0
DA:31,0
DA:34,0
DA:35,0
DA:36,0
DA:42,0
DA:43,0
DA:44,0
DA:47,0
DA:49,0
DA:50,0
DA:51,0
DA:52,0
DA:53,0
DA:55,0
DA:57,0
DA:58,0
DA:59,0
DA:60,0
DA:63,0
DA:68,0
DA:69,0
DA:70,0
DA:72,0
DA:74,0
DA:76,0
DA:77,0
DA:78,0
DA:79,0
DA:81,0
DA:93,0
DA:94,0
DA:95,0
DA:96,0
DA:97,0
DA:101,0
DA:102,0
DA:103,0
DA:104,0
LF:50
LH:1
end_of_record
SF:lib\features\share\ui\share_create\share_create_provider.dart
DA:10,0
DA:21,0
DA:23,0
DA:25,0
DA:26,0
DA:27,0
DA:28,0
DA:29,0
LF:8
LH:0
end_of_record
SF:lib\features\share\ui\share_created_list\share_created_list_provider.dart
DA:9,0
DA:20,0
DA:22,0
DA:24,0
DA:25,0
DA:26,0
DA:27,0
DA:28,0
LF:8
LH:0
end_of_record
SF:lib\features\share\ui\share_edit_provider.dart
DA:17,0
DA:32,0
DA:34,0
DA:35,0
DA:36,0
DA:37,0
DA:40,0
DA:41,0
DA:42,0
DA:44,0
DA:45,0
DA:47,0
DA:48,0
DA:49,0
DA:50,0
DA:51,0
DA:53,0
DA:54,0
DA:58,0
DA:61,0
DA:63,0
DA:64,0
DA:71,0
DA:72,0
DA:73,0
DA:75,0
DA:77,0
DA:78,0
DA:79,0
DA:80,0
DA:81,0
DA:82,0
DA:83,0
DA:86,0
DA:87,0
DA:88,0
DA:89,0
DA:93,0
DA:94,0
DA:95,0
DA:96,0
DA:101,0
DA:103,0
DA:104,0
DA:105,0
DA:106,0
DA:108,0
DA:109,0
DA:112,0
DA:113,0
DA:120,0
DA:121,0
DA:122,0
DA:125,0
DA:127,0
DA:129,0
LF:56
LH:0
end_of_record
SF:lib\features\share\ui\share_edit_route_args.dart
DA:2,1
LF:1
LH:1
end_of_record
SF:lib\features\harmony\ui\harmony_provider.dart
DA:13,0
DA:20,0
DA:22,0
DA:24,0
DA:25,0
LF:5
LH:0
end_of_record
SF:lib\features\profile_settings\connection\ui\connection_settings_provider.dart
DA:11,0
DA:16,0
DA:19,0
DA:21,0
DA:27,0
DA:29,0
DA:31,0
DA:32,0
DA:33,0
LF:9
LH:0
end_of_record
SF:lib\features\harmony\ui\harmony_page.dart
DA:10,0
DA:12,0
DA:14,0
DA:15,0
DA:16,0
DA:18,0
DA:20,0
DA:21,0
DA:22,0
DA:23,0
DA:25,0
DA:29,0
DA:30,0
DA:31,0
DA:35,0
DA:36,0
DA:37,0
DA:38,0
DA:39,0
DA:42,0
DA:47,0
DA:48,0
DA:49,0
DA:50,0
LF:24
LH:0
end_of_record
SF:lib\features\harmony\ui\gratitude_wall\gratitude_wall_provider.dart
DA:12,0
DA:18,0
DA:20,0
DA:22,0
DA:23,0
DA:24,0
LF:6
LH:0
end_of_record
SF:lib\features\nps\ui\nps_provider.dart
DA:12,0
DA:18,0
DA:20,0
DA:21,0
LF:4
LH:0
end_of_record
SF:lib\core\share\kinly_share_scaffold.dart
DA:26,0
DA:58,0
DA:60,0
DA:61,0
DA:62,0
DA:63,0
DA:64,0
DA:65,0
DA:66,0
DA:67,0
DA:70,0
DA:72,0
DA:73,0
DA:74,0
DA:75,0
DA:77,0
DA:78,0
DA:79,0
DA:80,0
DA:83,0
DA:84,0
DA:85,0
DA:90,0
DA:92,0
DA:93,0
DA:94,0
LF:26
LH:0
end_of_record
SF:lib\core\share\snapshot_share_surface.dart
DA:15,0
DA:57,0
DA:58,0
DA:65,0
DA:67,0
DA:68,0
DA:69,0
DA:72,0
DA:74,0
DA:75,0
DA:80,0
DA:81,0
DA:83,0
DA:85,0
DA:86,0
DA:87,0
DA:88,0
DA:89,0
DA:90,0
DA:91,0
DA:94,0
DA:96,0
DA:97,0
DA:100,0
LF:24
LH:0
end_of_record
SF:lib\core\ui\buttons\kinly_fab.dart
DA:9,3
DA:28,3
DA:30,3
DA:31,3
DA:32,6
DA:36,6
DA:39,6
DA:41,3
DA:42,3
DA:43,3
DA:44,3
DA:47,3
DA:48,6
LF:13
LH:13
end_of_record
SF:lib\core\share\snapshot_sharer.dart
DA:23,0
DA:29,0
DA:38,0
DA:42,0
DA:45,0
DA:52,0
DA:53,0
DA:54,0
DA:57,0
DA:64,0
DA:65,0
DA:66,0
DA:67,0
DA:68,0
DA:70,0
DA:72,0
DA:73,0
DA:75,0
DA:76,0
DA:81,0
DA:84,0
DA:94,0
DA:95,0
DA:98,0
DA:101,0
DA:104,0
LF:26
LH:0
end_of_record
SF:lib\core\theme\section_assets.dart
DA:16,1
DA:17,1
DA:19,0
DA:20,0
DA:22,2
DA:23,2
DA:24,4
DA:26,0
DA:27,0
DA:30,0
LF:10
LH:5
end_of_record
SF:lib\core\ui\dialogs\kinly_dialogs.dart
DA:5,0
DA:13,0
DA:16,0
DA:22,0
DA:23,0
DA:28,0
DA:34,0
DA:37,0
DA:41,0
LF:9
LH:0
end_of_record
SF:lib\core\ui\feedback\kinly_info_banner.dart
DA:10,0
DA:23,0
DA:25,0
DA:26,0
DA:27,0
DA:28,0
DA:29,0
DA:30,0
DA:32,0
DA:33,0
DA:34,0
DA:35,0
DA:36,0
DA:37,0
DA:38,0
DA:40,0
DA:41,0
DA:42,0
DA:43,0
DA:44,0
DA:45,0
DA:46,0
DA:49,0
DA:50,0
DA:51,0
DA:52,0
DA:54,0
DA:56,0
DA:58,0
DA:59,0
DA:60,0
DA:61,0
DA:62,0
DA:63,0
DA:64,0
DA:65,0
DA:68,0
DA:69,0
DA:70,0
LF:39
LH:0
end_of_record
SF:lib\core\ui\home_bottom_nav.dart
DA:9,3
DA:15,3
DA:17,3
DA:18,3
DA:19,3
DA:21,3
DA:22,3
DA:23,3
DA:24,6
DA:25,6
DA:26,3
DA:27,3
DA:28,3
DA:30,3
DA:32,3
DA:34,3
DA:36,6
LF:17
LH:17
end_of_record
SF:lib\core\ui\inputs\kinly_choice_chip.dart
DA:10,0
DA:23,0
DA:25,0
DA:26,0
DA:27,0
DA:28,0
DA:29,0
DA:30,0
DA:33,0
DA:34,0
DA:35,0
DA:36,0
DA:38,0
DA:39,0
DA:40,0
DA:42,0
DA:43,0
DA:44,0
DA:46,0
DA:47,0
DA:49,0
DA:50,0
DA:51,0
DA:52,0
DA:54,0
DA:55,0
DA:56,0
DA:62,0
DA:63,0
DA:66,0
DA:67,0
DA:68,0
DA:69,0
DA:70,0
DA:72,0
DA:73,0
DA:74,0
LF:37
LH:0
end_of_record
SF:lib\core\ui\inputs\kinly_dropdown_field.dart
DA:10,0
DA:27,0
DA:29,0
DA:30,0
DA:31,0
DA:32,0
DA:33,0
DA:34,0
DA:36,0
DA:37,0
DA:38,0
DA:39,0
DA:41,0
DA:42,0
DA:44,0
DA:47,0
DA:48,0
DA:49,0
DA:50,0
DA:51,0
DA:52,0
DA:53,0
DA:54,0
DA:57,0
DA:58,0
DA:59,0
DA:60,0
DA:61,0
DA:62,0
DA:63,0
DA:65,0
DA:66,0
DA:67,0
DA:68,0
DA:69,0
DA:70,0
DA:71,0
DA:72,0
DA:73,0
DA:75,0
DA:76,0
DA:77,0
DA:78,0
LF:43
LH:0
end_of_record
SF:lib\core\ui\inputs\kinly_text_field.dart
DA:12,1
DA:51,1
DA:53,1
DA:54,1
DA:55,1
DA:56,1
DA:57,1
DA:59,2
DA:60,1
DA:61,1
DA:62,1
DA:64,1
DA:65,1
DA:66,1
DA:67,1
DA:68,1
DA:69,1
DA:70,1
DA:71,1
DA:72,1
DA:73,1
DA:74,1
DA:75,1
DA:76,1
DA:77,1
DA:79,1
DA:80,1
DA:81,1
DA:82,1
DA:83,1
DA:84,1
DA:87,1
DA:88,0
DA:89,1
DA:90,1
DA:91,1
DA:92,1
DA:93,1
DA:95,1
DA:97,1
DA:99,1
DA:101,1
DA:103,1
DA:105,1
DA:107,1
DA:109,1
DA:111,1
DA:113,1
DA:115,1
DA:116,0
DA:117,1
DA:118,0
LF:52
LH:49
end_of_record
SF:lib\core\ui\kinly_bottom_sheet.dart
DA:11,0
DA:24,0
DA:35,0
DA:45,0
DA:54,0
DA:56,0
DA:57,0
DA:58,0
DA:59,0
DA:60,0
DA:61,0
DA:62,0
DA:63,0
DA:66,0
DA:67,0
DA:68,0
DA:70,0
DA:71,0
DA:72,0
DA:73,0
DA:75,0
DA:77,0
DA:79,0
DA:80,0
DA:82,0
DA:83,0
DA:84,0
DA:85,0
DA:86,0
DA:87,0
DA:90,0
DA:91,0
DA:92,0
DA:93,0
DA:94,0
DA:95,0
DA:97,0
DA:100,0
DA:101,0
DA:102,0
DA:104,0
DA:105,0
DA:106,0
DA:109,0
DA:111,0
DA:113,0
DA:116,0
DA:117,0
DA:118,0
DA:119,0
DA:122,0
DA:125,0
DA:126,0
DA:127,0
DA:134,0
DA:135,0
DA:136,0
DA:137,0
DA:138,0
DA:139,0
DA:145,0
DA:148,0
DA:155,0
DA:156,0
DA:157,0
LF:65
LH:0
end_of_record
SF:lib\core\ui\kinly_comment_box.dart
DA:11,0
DA:33,0
DA:35,0
DA:36,0
DA:37,0
DA:38,0
DA:41,0
DA:43,0
DA:44,0
DA:45,0
DA:46,0
DA:47,0
DA:48,0
DA:49,0
DA:50,0
DA:54,0
DA:55,0
DA:56,0
DA:57,0
DA:58,0
DA:60,0
DA:61,0
DA:62,0
DA:63,0
LF:24
LH:0
end_of_record
SF:lib\core\ui\kinly_date_picker.dart
DA:4,0
DA:10,0
DA:11,0
DA:12,0
DA:16,0
DA:18,0
DA:20,0
DA:25,0
DA:26,0
DA:28,0
DA:29,0
DA:30,0
DA:34,0
DA:37,0
DA:38,0
DA:41,0
DA:43,0
DA:44,0
DA:50,0
DA:51,0
LF:20
LH:0
end_of_record
SF:lib\core\ui\kinly_empty_state.dart
DA:11,0
DA:26,0
DA:28,0
DA:29,0
DA:30,0
DA:31,0
DA:32,0
DA:33,0
DA:35,0
DA:37,0
DA:38,0
DA:40,0
DA:41,0
DA:43,0
DA:45,0
DA:46,0
DA:47,0
DA:48,0
DA:50,0
DA:51,0
DA:52,0
DA:55,0
DA:56,0
DA:57,0
DA:58,0
DA:59,0
DA:60,0
DA:61,0
DA:66,0
DA:67,0
DA:68,0
DA:69,0
DA:70,0
LF:33
LH:0
end_of_record
SF:lib\core\ui\kinly_masonry_grid.dart
DA:11,0
DA:35,0
DA:37,0
DA:38,0
DA:39,0
DA:40,0
DA:41,0
DA:42,0
DA:45,0
DA:47,0
DA:49,0
DA:50,0
DA:52,0
DA:53,0
DA:54,0
DA:56,0
DA:58,0
DA:59,0
DA:60,0
DA:62,0
DA:63,0
DA:64,0
DA:65,0
DA:68,0
DA:71,0
DA:72,0
DA:73,0
DA:74,0
DA:77,0
DA:90,0
DA:108,0
DA:110,0
DA:112,0
DA:113,0
DA:114,0
DA:115,0
DA:123,0
DA:125,0
DA:126,0
DA:127,0
DA:128,0
DA:129,0
DA:131,0
DA:133,0
DA:134,0
DA:135,0
DA:136,0
DA:137,0
DA:138,0
DA:140,0
DA:141,0
DA:142,0
DA:143,0
DA:144,0
DA:146,0
DA:147,0
DA:148,0
DA:149,0
DA:150,0
DA:157,0
DA:158,0
DA:159,0
DA:167,0
DA:168,0
DA:170,0
DA:171,0
DA:175,0
DA:182,0
DA:183,0
DA:185,0
DA:186,0
DA:187,0
DA:188,0
DA:189,0
DA:190,0
LF:75
LH:0
end_of_record
SF:lib\core\ui\kinly_pill.dart
DA:9,0
DA:26,0
DA:28,0
DA:29,0
DA:30,0
DA:32,0
DA:33,0
DA:35,0
DA:36,0
DA:37,0
DA:40,0
DA:41,0
DA:42,0
DA:43,0
DA:45,0
DA:46,0
DA:47,0
DA:48,0
DA:49,0
DA:51,0
DA:52,0
DA:56,0
DA:57,0
DA:61,0
LF:24
LH:0
end_of_record
SF:lib\core\ui\kinly_tab_bar.dart
DA:14,0
DA:35,0
DA:37,0
DA:38,0
DA:39,0
DA:40,0
DA:41,0
DA:42,0
DA:44,0
DA:45,0
DA:47,0
DA:48,0
DA:49,0
DA:50,0
DA:51,0
DA:54,0
DA:55,0
DA:56,0
DA:57,0
DA:58,0
DA:60,0
DA:63,0
DA:64,0
DA:65,0
DA:67,0
DA:68,0
DA:69,0
DA:70,0
DA:73,0
DA:74,0
DA:75,0
DA:78,0
DA:79,0
DA:81,0
DA:83,0
DA:85,0
DA:86,0
DA:88,0
DA:90,0
DA:92,0
DA:93,0
DA:96,0
DA:97,0
DA:98,0
LF:44
LH:0
end_of_record
SF:lib\core\ui\kinly_toast.dart
DA:4,0
DA:6,0
DA:7,0
DA:8,0
DA:9,0
DA:11,0
DA:12,0
DA:15,0
DA:18,0
DA:19,0
DA:20,0
LF:11
LH:0
end_of_record
SF:lib\core\ui\section_container.dart
DA:20,2
DA:30,2
DA:32,2
DA:33,2
DA:34,2
DA:37,2
DA:38,2
DA:39,2
DA:40,2
DA:41,2
DA:42,2
DA:45,2
DA:47,2
DA:48,4
DA:49,4
DA:51,2
DA:53,2
DA:55,2
DA:57,2
DA:58,2
DA:59,2
DA:62,2
DA:63,6
DA:64,2
DA:66,4
DA:67,4
DA:70,6
DA:73,2
DA:74,2
DA:75,2
DA:76,6
DA:78,4
DA:84,2
DA:88,4
DA:91,2
LF:35
LH:35
end_of_record
SF:lib\core\ui\settings\kinly_settings_card.dart
DA:7,0
DA:11,0
DA:13,0
DA:14,0
DA:15,0
DA:17,0
DA:19,0
DA:20,0
DA:23,0
DA:24,0
DA:25,0
LF:11
LH:0
end_of_record
SF:lib\core\ui\settings\kinly_settings_tile.dart
DA:9,0
DA:26,0
DA:28,0
DA:29,0
DA:30,0
DA:31,0
DA:32,0
DA:33,0
DA:35,0
DA:36,0
DA:42,0
DA:45,0
DA:50,0
DA:52,0
DA:56,0
DA:62,0
DA:64,0
DA:68,0
DA:69,0
DA:73,0
DA:74,0
DA:77,0
DA:79,0
DA:81,0
DA:84,0
DA:85,0
DA:86,0
DA:87,0
DA:88,0
DA:89,0
DA:91,0
DA:93,0
DA:95,0
DA:96,0
DA:98,0
LF:35
LH:0
end_of_record
SF:lib\core\utils\kinly_support.dart
DA:7,0
DA:8,0
DA:11,0
DA:13,0
DA:16,0
DA:17,0
DA:19,0
DA:20,0
DA:23,0
LF:9
LH:0
end_of_record
SF:lib\features\flow\bloc\flow_list_event.dart
DA:4,1
DA:6,0
DA:7,0
DA:11,1
DA:15,1
LF:5
LH:3
end_of_record
SF:lib\features\flow\bloc\flow_list_state.dart
DA:13,1
DA:22,0
DA:31,0
DA:32,0
DA:33,0
DA:34,0
DA:35,0
DA:36,0
DA:37,0
DA:41,0
DA:43,0
DA:44,0
DA:45,0
DA:46,0
DA:47,0
DA:48,0
DA:49,0
DA:50,0
LF:18
LH:1
end_of_record
SF:lib\features\flow\bloc\flow_list_bloc.dart
DA:12,0
DA:19,0
DA:20,0
DA:21,0
DA:28,0
DA:32,0
DA:35,0
DA:39,0
DA:40,0
DA:42,0
DA:45,0
DA:50,0
DA:54,0
DA:55,0
DA:59,0
DA:61,0
DA:62,0
DA:63,0
DA:64,0
DA:66,0
DA:67,0
DA:69,0
DA:70,0
DA:75,0
DA:80,0
DA:81,0
DA:83,0
DA:90,0
DA:93,0
DA:94,0
DA:97,0
DA:98,0
DA:99,0
DA:100,0
DA:101,0
DA:103,0
DA:105,0
LF:37
LH:0
end_of_record
SF:lib\features\flow\domain\flow_chore_outcome.dart
DA:7,1
LF:1
LH:1
end_of_record
SF:lib\features\flow\ui\flow_chore_detail\flow_chore_detail_screen.dart
DA:17,2
DA:24,1
DA:25,1
DA:32,1
DA:34,2
DA:36,1
DA:37,4
DA:38,1
DA:39,1
DA:40,1
DA:42,1
DA:44,1
DA:45,3
DA:46,3
DA:47,1
DA:49,1
DA:51,1
DA:54,2
DA:56,2
DA:58,1
DA:64,1
DA:66,2
DA:67,1
DA:68,2
DA:77,0
DA:79,0
DA:80,0
DA:82,0
DA:85,1
DA:86,1
DA:89,0
DA:93,1
DA:94,0
DA:98,1
DA:107,1
DA:111,2
DA:115,3
DA:116,1
DA:119,1
DA:120,1
DA:121,1
DA:122,2
DA:123,2
DA:127,1
DA:128,1
DA:139,1
LF:46
LH:40
end_of_record
SF:lib\features\flow\ui\flow_chore_detail\widgets\flow_chore_detail_view.dart
DA:20,1
DA:33,1
DA:35,1
DA:36,1
DA:38,2
DA:42,2
DA:43,0
DA:44,0
DA:45,0
DA:49,2
DA:50,1
DA:51,1
DA:53,1
DA:54,0
DA:58,2
DA:59,0
DA:60,1
DA:61,1
DA:62,2
DA:63,1
DA:66,1
DA:67,3
DA:68,2
DA:70,1
DA:71,2
DA:72,1
DA:73,1
DA:74,1
DA:75,1
DA:76,1
DA:78,1
DA:79,1
DA:80,1
DA:81,1
DA:82,0
DA:83,1
DA:85,1
DA:90,2
DA:91,1
DA:92,1
DA:94,3
DA:95,1
DA:96,1
DA:97,1
DA:101,0
DA:103,1
DA:110,2
DA:111,1
DA:112,2
DA:113,2
DA:114,1
DA:115,1
DA:128,0
DA:133,0
DA:135,0
DA:136,0
DA:137,0
DA:138,0
DA:140,0
DA:141,0
DA:142,0
DA:143,0
DA:144,0
DA:149,0
DA:157,1
DA:169,1
DA:171,1
DA:175,4
DA:177,1
DA:179,1
DA:181,1
DA:182,1
DA:183,1
DA:185,1
DA:188,1
DA:189,0
DA:190,0
DA:193,0
DA:195,0
DA:209,0
DA:210,0
DA:211,0
DA:213,0
DA:214,0
DA:216,0
DA:220,1
DA:221,1
DA:223,1
DA:224,1
DA:225,0
DA:226,0
DA:227,0
DA:228,0
DA:229,0
DA:230,0
DA:231,0
DA:232,0
DA:233,0
DA:234,0
DA:235,0
DA:236,0
DA:240,1
DA:241,2
DA:244,2
DA:245,3
DA:246,2
DA:249,3
LF:107
LH:66
end_of_record
SF:lib\features\flow\ui\flow_chore_detail\widgets\flow_chore_core_info_section.dart
DA:7,1
DA:30,1
DA:32,1
DA:33,1
DA:35,1
DA:37,1
DA:38,2
DA:39,4
DA:40,2
DA:41,1
DA:42,0
DA:43,0
DA:45,2
DA:46,3
DA:47,2
DA:49,3
DA:56,1
DA:61,1
DA:63,1
DA:64,1
DA:66,1
DA:67,1
DA:68,1
DA:69,3
DA:70,2
DA:74,1
DA:75,1
DA:76,3
DA:78,2
LF:29
LH:27
end_of_record
SF:lib\features\flow\ui\flow_chore_screen.dart
DA:28,1
DA:30,0
DA:31,0
DA:40,0
DA:42,0
DA:43,0
DA:44,0
DA:45,0
DA:48,0
DA:49,0
DA:50,0
DA:51,0
DA:52,0
DA:53,0
DA:56,0
DA:58,0
DA:60,0
DA:62,0
DA:63,0
DA:64,0
DA:65,0
DA:66,0
DA:67,0
DA:68,0
DA:69,0
DA:72,0
DA:73,0
DA:74,0
DA:78,0
DA:79,0
DA:82,0
DA:89,0
DA:90,0
DA:91,0
DA:92,0
DA:93,0
DA:94,0
DA:100,0
DA:101,0
DA:102,0
DA:105,0
DA:106,0
DA:107,0
DA:110,0
DA:111,0
DA:112,0
DA:113,0
DA:114,0
DA:115,0
DA:116,0
DA:119,0
DA:120,0
DA:121,0
DA:122,0
DA:125,0
DA:126,0
DA:127,0
DA:129,0
DA:131,0
DA:132,0
DA:133,0
DA:135,0
DA:139,0
DA:140,0
DA:141,0
DA:142,0
DA:146,0
DA:149,0
DA:153,0
DA:154,0
DA:164,0
DA:165,0
DA:166,0
DA:168,0
DA:169,0
DA:170,0
DA:173,0
DA:174,0
DA:175,0
DA:179,0
DA:180,0
DA:181,0
DA:182,0
DA:183,0
DA:184,0
DA:185,0
DA:186,0
DA:187,0
DA:188,0
DA:189,0
DA:190,0
DA:191,0
DA:192,0
DA:193,0
DA:194,0
DA:195,0
DA:196,0
DA:197,0
DA:198,0
DA:199,0
DA:201,0
DA:207,0
DA:231,0
DA:233,0
DA:234,0
DA:235,0
DA:236,0
DA:237,0
DA:239,0
DA:240,0
DA:241,0
DA:243,0
DA:244,0
DA:245,0
DA:247,0
DA:248,0
DA:249,0
DA:251,0
DA:252,0
DA:253,0
DA:254,0
DA:255,0
DA:256,0
DA:258,0
DA:259,0
DA:263,0
DA:264,0
DA:267,0
DA:268,0
DA:269,0
DA:270,0
DA:271,0
DA:272,0
DA:275,0
DA:276,0
DA:277,0
DA:278,0
DA:279,0
DA:280,0
DA:284,0
DA:285,0
DA:286,0
DA:287,0
DA:288,0
DA:292,0
DA:293,0
DA:294,0
DA:295,0
DA:296,0
DA:297,0
DA:301,0
DA:302,0
DA:303,0
DA:304,0
DA:307,0
DA:308,0
DA:310,0
DA:313,0
DA:315,0
DA:316,0
DA:319,0
DA:320,0
DA:321,0
DA:324,0
DA:325,0
DA:326,0
DA:327,0
DA:328,0
DA:331,0
DA:332,0
DA:334,0
DA:336,0
DA:339,0
DA:346,0
DA:347,0
DA:348,0
DA:350,0
DA:351,0
DA:353,0
DA:355,0
DA:362,0
DA:363,0
DA:367,0
DA:374,0
DA:377,0
DA:380,0
DA:383,0
DA:385,0
DA:386,0
DA:388,0
DA:389,0
DA:398,0
DA:400,0
DA:403,0
DA:405,0
DA:406,0
DA:409,0
DA:410,0
DA:412,0
DA:413,0
DA:421,0
DA:422,0
DA:424,0
DA:425,0
DA:426,0
DA:427,0
DA:428,0
DA:429,0
DA:430,0
DA:431,0
DA:432,0
DA:433,0
DA:434,0
DA:435,0
DA:436,0
DA:437,0
DA:443,0
DA:448,0
DA:450,0
DA:451,0
DA:452,0
DA:453,0
DA:454,0
DA:455,0
DA:456,0
DA:457,0
DA:458,0
DA:460,0
DA:462,0
DA:467,0
DA:468,0
DA:469,0
DA:470,0
DA:471,0
DA:473,0
DA:474,0
DA:483,0
DA:495,0
DA:497,0
DA:498,0
DA:499,0
DA:500,0
DA:501,0
DA:502,0
DA:503,0
DA:504,0
DA:506,0
DA:507,0
DA:511,0
DA:512,0
DA:514,0
DA:525,0
DA:527,0
DA:529,0
DA:530,0
DA:531,0
DA:533,0
DA:534,0
DA:536,0
DA:538,0
DA:539,0
DA:548,0
DA:570,0
DA:572,0
DA:573,0
DA:574,0
DA:575,0
DA:576,0
DA:577,0
DA:579,0
DA:580,0
DA:581,0
DA:582,0
DA:583,0
DA:585,0
DA:589,0
DA:591,0
DA:592,0
DA:593,0
DA:596,0
DA:597,0
DA:599,0
DA:600,0
DA:603,0
DA:604,0
DA:605,0
DA:606,0
DA:607,0
DA:608,0
DA:611,0
DA:612,0
DA:615,0
DA:616,0
DA:617,0
DA:618,0
DA:619,0
DA:620,0
DA:621,0
DA:630,0
DA:644,0
DA:646,0
DA:647,0
DA:648,0
DA:650,0
DA:651,0
DA:652,0
DA:653,0
DA:655,0
DA:656,0
DA:657,0
DA:659,0
DA:660,0
DA:661,0
DA:662,0
DA:663,0
DA:666,0
DA:667,0
DA:668,0
DA:669,0
DA:670,0
DA:677,0
DA:678,0
DA:680,0
DA:681,0
DA:684,0
DA:687,0
DA:688,0
DA:689,0
DA:690,0
DA:697,0
DA:698,0
DA:699,0
DA:700,0
DA:701,0
DA:709,0
DA:711,0
DA:712,0
DA:713,0
DA:714,0
DA:715,0
DA:716,0
LF:341
LH:1
end_of_record
SF:lib\features\flow\ui\flow_list_screen.dart
DA:22,0
DA:26,0
DA:28,0
DA:29,0
DA:30,0
DA:31,0
DA:32,0
DA:34,0
DA:35,0
DA:36,0
DA:37,0
DA:38,0
DA:40,0
DA:41,0
DA:44,0
DA:45,0
DA:46,0
DA:47,0
DA:48,0
DA:49,0
DA:50,0
DA:52,0
DA:53,0
DA:54,0
DA:56,0
DA:60,0
DA:61,0
DA:62,0
DA:63,0
DA:65,0
DA:67,0
DA:68,0
DA:70,0
DA:72,0
DA:82,0
DA:83,0
DA:84,0
DA:86,0
DA:87,0
DA:88,0
DA:89,0
DA:92,0
DA:93,0
DA:96,0
DA:100,0
DA:101,0
DA:102,0
DA:103,0
DA:107,0
DA:108,0
DA:109,0
DA:110,0
DA:111,0
DA:112,0
DA:113,0
DA:120,0
DA:132,0
DA:134,0
DA:135,0
DA:136,0
DA:138,0
DA:139,0
DA:140,0
DA:142,0
DA:143,0
DA:144,0
DA:145,0
DA:146,0
DA:149,0
DA:150,0
DA:159,0
DA:171,0
DA:173,0
DA:174,0
DA:175,0
DA:176,0
DA:178,0
DA:179,0
DA:180,0
DA:181,0
DA:182,0
DA:183,0
DA:185,0
DA:186,0
DA:188,0
DA:189,0
DA:190,0
DA:191,0
DA:192,0
DA:193,0
DA:194,0
DA:195,0
DA:196,0
DA:198,0
DA:199,0
DA:201,0
[...]
DA:6,0
DA:11,1
DA:15,1
LF:4
LH:3
end_of_record
SF:lib\features\share\bloc\share_created_list_bloc\share_created_list_state.dart
DA:6,1
DA:20,0
DA:28,0
DA:29,0
DA:30,0
DA:31,0
DA:32,0
DA:33,0
DA:37,0
DA:38,0
DA:39,0
DA:40,0
DA:41,0
DA:42,0
DA:43,0
DA:48,0
DA:70,0
DA:71,0
DA:73,0
DA:74,0
DA:75,0
DA:76,0
DA:77,0
DA:78,0
DA:79,0
DA:80,0
DA:81,0
DA:82,0
DA:83,0
DA:87,0
DA:88,0
DA:89,0
DA:90,0
DA:91,0
DA:92,0
DA:93,0
DA:94,0
DA:95,0
DA:96,0
DA:97,0
LF:40
LH:1
end_of_record
SF:lib\features\share\ui\share_create\share_create_screen.dart
DA:18,1
DA:22,0
DA:23,0
DA:33,0
DA:35,0
DA:36,0
DA:37,0
DA:38,0
DA:39,0
DA:41,0
DA:44,0
DA:45,0
DA:46,0
DA:47,0
DA:48,0
DA:49,0
DA:52,0
DA:53,0
DA:56,0
DA:57,0
DA:58,0
DA:59,0
DA:60,0
DA:64,0
DA:65,0
DA:66,0
DA:67,0
DA:69,0
DA:70,0
DA:71,0
DA:76,0
DA:78,0
DA:79,0
DA:80,0
DA:81,0
DA:83,0
DA:85,0
DA:86,0
DA:87,0
DA:88,0
DA:89,0
DA:90,0
DA:91,0
DA:93,0
DA:94,0
DA:98,0
DA:99,0
DA:100,0
DA:104,0
DA:105,0
DA:106,0
DA:109,0
DA:110,0
DA:111,0
DA:114,0
DA:115,0
DA:116,0
DA:117,0
DA:119,0
DA:120,0
DA:121,0
DA:122,0
DA:126,0
DA:127,0
DA:128,0
DA:130,0
DA:132,0
DA:133,0
DA:134,0
DA:136,0
DA:140,0
DA:143,0
DA:144,0
DA:145,0
DA:146,0
DA:147,0
DA:149,0
DA:150,0
DA:160,0
DA:161,0
DA:162,0
DA:163,0
DA:164,0
DA:165,0
DA:166,0
DA:167,0
DA:168,0
DA:169,0
DA:170,0
DA:171,0
DA:172,0
DA:173,0
DA:174,0
DA:175,0
DA:176,0
DA:177,0
DA:179,0
DA:183,0
DA:184,0
DA:186,0
DA:187,0
DA:189,0
DA:191,0
DA:192,0
DA:193,0
DA:194,0
DA:198,0
DA:199,0
LF:108
LH:1
end_of_record
SF:lib\features\share\ui\widgets\share_create_form_view.dart
DA:18,0
DA:43,0
DA:45,0
DA:46,0
DA:47,0
DA:48,0
DA:49,0
DA:50,0
DA:51,0
DA:52,0
DA:60,0
DA:61,0
DA:62,0
DA:68,0
DA:70,0
DA:72,0
DA:76,0
DA:77,0
DA:79,0
DA:81,0
DA:84,0
DA:86,0
DA:90,0
DA:91,0
DA:92,0
DA:93,0
DA:94,0
DA:95,0
DA:98,0
DA:99,0
DA:100,0
DA:101,0
DA:105,0
DA:106,0
DA:107,0
DA:108,0
DA:109,0
DA:110,0
DA:111,0
DA:113,0
DA:114,0
DA:115,0
DA:120,0
DA:122,0
DA:123,0
DA:124,0
DA:126,0
DA:128,0
DA:129,0
DA:144,0
DA:154,0
DA:156,0
DA:158,0
DA:159,0
DA:160,0
DA:161,0
DA:163,0
DA:164,0
DA:167,0
DA:168,0
DA:175,0
DA:187,0
DA:189,0
DA:191,0
DA:192,0
DA:194,0
DA:195,0
DA:196,0
DA:198,0
DA:199,0
DA:200,0
DA:201,0
DA:204,0
DA:205,0
DA:212,0
DA:217,0
DA:219,0
DA:220,0
DA:221,0
DA:223,0
DA:225,0
DA:227,0
DA:228,0
DA:229,0
DA:230,0
DA:231,0
DA:232,0
DA:233,0
DA:234,0
DA:235,0
DA:236,0
DA:237,0
DA:241,0
DA:243,0
DA:244,0
DA:256,0
DA:258,0
DA:259,0
DA:261,0
DA:262,0
DA:263,0
DA:269,0
DA:271,0
DA:272,0
DA:274,0
DA:275,0
DA:276,0
DA:277,0
DA:284,0
DA:288,0
DA:290,0
DA:292,0
DA:293,0
DA:296,0
DA:297,0
DA:299,0
DA:300,0
DA:307,0
DA:323,0
DA:326,0
DA:327,0
DA:329,0
DA:330,0
DA:332,0
DA:334,0
DA:335,0
DA:338,0
DA:340,0
DA:342,0
DA:343,0
DA:355,0
DA:373,0
DA:375,0
DA:376,0
DA:377,0
DA:378,0
DA:384,0
DA:385,0
DA:387,0
DA:388,0
DA:392,0
DA:394,0
DA:395,0
DA:396,0
DA:397,0
DA:398,0
DA:401,0
DA:402,0
DA:403,0
DA:404,0
DA:405,0
DA:407,0
DA:411,0
DA:412,0
DA:414,0
DA:416,0
DA:417,0
DA:418,0
DA:423,0
DA:425,0
DA:426,0
DA:427,0
DA:434,0
DA:435,0
DA:436,0
DA:438,0
DA:439,0
DA:448,0
DA:450,0
DA:451,0
DA:452,0
DA:453,0
DA:454,0
DA:455,0
DA:456,0
DA:457,0
DA:461,0
DA:462,0
DA:463,0
DA:465,0
DA:466,0
DA:467,0
DA:469,0
DA:470,0
DA:472,0
DA:473,0
DA:475,0
DA:477,0
DA:478,0
DA:479,0
DA:483,0
DA:484,0
DA:486,0
DA:489,0
DA:491,0
DA:492,0
DA:493,0
DA:494,0
DA:495,0
DA:496,0
DA:497,0
DA:498,0
DA:499,0
DA:500,0
DA:508,0
DA:515,0
DA:516,0
DA:517,0
DA:519,0
DA:520,0
DA:522,0
DA:523,0
DA:525,0
DA:526,0
DA:533,0
DA:551,0
DA:553,0
DA:554,0
DA:555,0
DA:556,0
DA:558,0
DA:559,0
DA:560,0
DA:561,0
DA:562,0
DA:563,0
DA:565,0
DA:566,0
DA:567,0
DA:568,0
DA:569,0
DA:570,0
DA:572,0
DA:574,0
DA:575,0
DA:577,0
DA:579,0
DA:580,0
DA:581,0
DA:582,0
DA:583,0
DA:586,0
DA:588,0
DA:589,0
DA:590,0
DA:594,0
DA:595,0
DA:604,0
DA:605,0
DA:606,0
DA:607,0
DA:608,0
DA:610,0
LF:253
LH:0
end_of_record
SF:lib\features\share\ui\widgets\share_create_error.dart
DA:8,0
DA:17,0
DA:19,0
DA:20,0
DA:21,0
DA:23,0
DA:24,0
DA:26,0
DA:27,0
DA:28,0
DA:29,0
DA:32,0
DA:33,0
DA:35,0
DA:36,0
LF:15
LH:0
end_of_record
SF:lib\features\share\ui\share_created_list\share_created_list_screen.dart
DA:19,1
DA:21,0
DA:23,0
DA:24,0
DA:25,0
DA:26,0
DA:27,0
DA:29,0
DA:30,0
DA:31,0
DA:32,0
DA:33,0
DA:35,0
DA:36,0
DA:39,0
DA:40,0
DA:41,0
DA:42,0
DA:43,0
DA:44,0
DA:47,0
DA:48,0
DA:49,0
DA:58,0
DA:59,0
DA:60,0
DA:63,0
DA:64,0
DA:65,0
DA:66,0
DA:67,0
DA:71,0
DA:72,0
DA:75,0
DA:76,0
DA:79,0
DA:80,0
DA:81,0
DA:82,0
DA:83,0
DA:84,0
DA:88,0
DA:92,0
DA:93,0
DA:94,0
DA:98,0
DA:100,0
DA:101,0
DA:102,0
DA:103,0
DA:104,0
DA:105,0
LF:52
LH:1
end_of_record
SF:lib\features\share\ui\widgets\share_created_list_view.dart
DA:18,0
DA:33,0
DA:35,0
DA:37,0
DA:38,0
DA:41,0
DA:42,0
DA:43,0
DA:44,0
DA:47,0
DA:48,0
DA:49,0
DA:50,0
DA:51,0
DA:52,0
DA:55,0
DA:56,0
DA:57,0
DA:58,0
DA:59,0
DA:62,0
DA:69,0
DA:81,0
DA:83,0
DA:84,0
DA:85,0
DA:86,0
DA:87,0
DA:89,0
DA:90,0
DA:91,0
DA:92,0
DA:93,0
DA:95,0
DA:96,0
DA:105,0
DA:115,0
DA:117,0
DA:118,0
DA:119,0
DA:120,0
DA:122,0
DA:123,0
DA:124,0
DA:125,0
DA:126,0
DA:128,0
DA:133,0
DA:134,0
DA:135,0
DA:137,0
DA:138,0
DA:140,0
DA:143,0
DA:144,0
DA:145,0
DA:152,0
DA:154,0
DA:157,0
DA:159,0
DA:160,0
DA:161,0
DA:163,0
DA:165,0
DA:166,0
DA:167,0
DA:169,0
DA:172,0
DA:173,0
DA:175,0
DA:177,0
DA:182,0
DA:184,0
DA:185,0
DA:186,0
DA:187,0
DA:189,0
DA:190,0
DA:191,0
DA:195,0
DA:196,0
DA:197,0
DA:200,0
DA:201,0
DA:203,0
DA:205,0
DA:206,0
DA:216,0
DA:226,0
DA:228,0
DA:230,0
DA:231,0
DA:232,0
DA:233,0
DA:234,0
DA:240,0
DA:245,0
DA:247,0
DA:248,0
DA:249,0
DA:251,0
DA:252,0
DA:254,0
DA:255,0
DA:256,0
DA:257,0
DA:259,0
DA:260,0
DA:269,0
DA:279,0
DA:281,0
DA:282,0
DA:283,0
DA:284,0
DA:285,0
DA:286,0
DA:288,0
DA:289,0
DA:290,0
DA:292,0
DA:293,0
DA:294,0
DA:295,0
LF:123
LH:0
end_of_record
SF:lib\features\share\ui\share_owed_detail_screen.dart
DA:21,1
DA:32,1
DA:33,1
DA:42,1
DA:44,1
DA:45,1
DA:46,1
DA:47,1
DA:48,2
DA:50,4
DA:52,1
DA:53,3
DA:54,1
DA:55,1
DA:56,1
DA:58,1
DA:59,2
DA:60,1
DA:62,1
DA:63,3
DA:64,2
DA:65,1
DA:68,4
DA:69,0
DA:70,0
DA:73,2
DA:74,2
DA:75,1
DA:76,1
DA:77,3
DA:78,2
DA:82,2
DA:83,1
DA:84,1
DA:85,1
DA:86,1
DA:88,1
DA:89,2
DA:90,2
DA:101,1
DA:102,2
DA:104,4
DA:105,0
DA:106,0
DA:111,2
DA:112,1
DA:113,1
DA:117,4
DA:118,4
DA:121,1
DA:122,1
DA:123,1
DA:124,3
DA:125,1
DA:126,0
DA:127,0
DA:128,0
DA:129,0
DA:132,1
DA:133,2
DA:134,1
DA:135,2
DA:140,1
DA:141,2
DA:145,3
DA:147,3
DA:148,1
DA:151,1
DA:152,1
DA:153,1
DA:154,2
DA:155,2
DA:159,1
DA:160,1
DA:170,1
DA:176,1
DA:180,1
DA:182,1
DA:183,1
DA:185,1
DA:186,1
DA:187,1
DA:188,2
DA:190,2
DA:192,2
DA:193,1
DA:194,1
DA:196,1
DA:197,5
DA:201,1
DA:202,3
DA:203,3
DA:214,0
DA:218,0
DA:220,0
DA:222,0
DA:223,0
DA:224,0
DA:225,0
DA:234,1
DA:238,1
DA:239,1
DA:245,1
DA:246,1
DA:248,0
DA:249,0
DA:250,0
DA:251,0
DA:253,0
DA:258,1
DA:260,2
DA:262,1
DA:263,3
DA:264,3
DA:265,1
DA:266,3
DA:267,1
DA:268,3
DA:269,1
DA:270,1
DA:271,2
DA:272,1
DA:275,0
DA:284,1
DA:300,1
DA:302,1
DA:304,1
DA:306,1
DA:307,1
DA:308,1
DA:310,2
DA:311,1
DA:313,1
DA:314,1
DA:322,1
DA:338,1
DA:340,1
DA:341,1
DA:343,1
DA:345,1
DA:346,1
DA:348,1
DA:349,1
DA:350,0
DA:351,0
DA:355,0
DA:358,1
DA:359,1
DA:360,1
DA:361,4
DA:363,1
DA:364,1
DA:365,1
DA:366,3
DA:372,1
DA:373,0
DA:377,0
DA:378,0
DA:384,0
DA:386,0
DA:387,0
DA:396,1
DA:397,1
DA:398,2
DA:399,1
DA:400,1
DA:401,1
DA:402,1
DA:411,1
DA:412,1
DA:413,2
LF:171
LH:141
end_of_record
SF:lib\features\today\domain\models.dart
DA:13,0
DA:20,0
DA:26,0
DA:27,0
DA:28,0
DA:29,0
DA:30,0
DA:34,0
DA:35,0
DA:37,0
DA:38,0
DA:42,0
DA:54,0
DA:55,0
DA:56,0
DA:57,0
DA:58,0
DA:59,0
DA:63,0
DA:65,0
DA:66,0
DA:70,1
DA:86,0
DA:90,0
DA:91,0
DA:92,0
DA:93,0
DA:94,0
DA:95,0
DA:96,0
DA:97,0
DA:98,0
DA:102,0
DA:104,0
DA:105,0
DA:106,0
DA:107,0
DA:108,0
DA:109,0
DA:110,0
DA:115,0
DA:129,0
DA:130,0
DA:131,0
DA:132,0
DA:133,0
DA:134,0
DA:135,0
DA:139,0
DA:141,0
DA:142,0
DA:143,0
DA:144,0
DA:145,0
DA:146,0
DA:147,0
DA:158,0
DA:165,0
DA:166,0
LF:59
LH:1
end_of_record
SF:lib\features\splash\ui\widgets\kinly_logo.dart
DA:5,1
DA:9,3
DA:11,3
DA:13,3
DA:14,3
LF:5
LH:5
end_of_record
SF:lib\features\today\bloc\today_bloc.dart
DA:38,2
DA:57,2
DA:58,4
DA:59,4
DA:60,4
DA:61,4
DA:62,4
DA:63,4
DA:65,8
DA:66,0
DA:70,2
DA:73,2
DA:74,2
DA:77,0
DA:81,0
DA:84,0
DA:88,0
DA:89,0
DA:90,0
DA:91,0
DA:92,0
DA:93,0
DA:95,0
DA:98,2
DA:102,4
DA:103,4
DA:104,4
DA:105,4
DA:106,4
DA:107,4
DA:108,4
DA:109,4
DA:112,4
DA:113,4
DA:114,4
DA:117,2
DA:118,2
DA:120,4
DA:121,4
DA:129,4
DA:130,4
DA:131,4
DA:136,4
DA:137,2
DA:139,2
DA:141,2
DA:145,0
DA:148,4
DA:149,2
DA:151,2
DA:153,2
DA:154,0
DA:156,2
DA:157,2
DA:162,4
DA:163,4
DA:164,2
DA:167,2
DA:168,1
DA:171,2
DA:172,1
DA:175,3
DA:179,1
DA:182,0
DA:183,0
DA:184,0
DA:186,0
DA:189,1
DA:196,1
DA:198,0
DA:200,1
DA:203,0
DA:205,1
DA:208,2
DA:209,1
DA:211,2
DA:212,1
DA:214,1
DA:215,1
DA:218,1
DA:219,1
DA:220,1
DA:237,1
DA:238,1
DA:242,2
DA:243,2
DA:244,2
DA:256,1
DA:264,0
DA:265,0
DA:266,0
DA:267,0
DA:268,0
DA:275,0
DA:279,0
DA:280,0
DA:281,0
DA:282,0
DA:283,0
DA:284,0
DA:288,0
DA:289,0
DA:292,1
DA:297,3
DA:298,2
DA:299,1
DA:302,1
DA:303,0
DA:304,0
DA:306,1
DA:308,1
DA:309,0
DA:310,0
DA:312,0
DA:314,1
DA:315,1
DA:316,1
DA:318,0
DA:321,0
DA:326,2
DA:328,6
DA:334,1
DA:342,0
DA:344,0
DA:353,1
DA:354,3
DA:355,1
DA:356,1
DA:357,1
DA:362,0
DA:366,0
DA:367,0
DA:369,0
DA:370,0
DA:371,0
DA:372,0
DA:373,0
DA:374,0
DA:375,0
DA:376,0
DA:377,0
DA:378,0
DA:379,0
DA:380,0
DA:384,0
DA:385,0
DA:387,0
DA:388,0
DA:389,0
DA:390,0
DA:391,0
DA:392,0
DA:393,0
DA:394,0
DA:395,0
DA:396,0
DA:397,0
DA:398,0
DA:399,0
DA:400,0
DA:401,0
DA:405,0
DA:406,0
DA:407,0
DA:408,0
DA:409,0
DA:411,0
DA:412,0
DA:413,0
DA:414,0
DA:415,0
DA:416,0
DA:417,0
DA:418,0
DA:419,0
DA:420,0
DA:421,0
DA:425,1
DA:426,1
DA:427,0
DA:428,0
DA:429,0
DA:430,0
DA:431,0
DA:432,0
DA:433,0
DA:434,0
DA:435,0
DA:436,0
DA:437,0
DA:438,0
DA:439,0
DA:444,2
DA:445,0
DA:446,0
DA:447,0
DA:448,0
DA:449,0
DA:450,0
DA:451,0
DA:452,0
DA:453,0
DA:454,0
DA:455,0
DA:456,0
DA:457,0
DA:458,0
DA:459,0
DA:460,0
DA:465,1
DA:466,1
DA:467,1
DA:468,1
DA:469,1
DA:470,1
DA:471,1
DA:472,1
DA:473,1
DA:474,1
DA:475,1
DA:476,1
DA:477,1
DA:478,1
DA:479,1
DA:480,1
DA:485,1
DA:486,1
DA:487,0
DA:488,0
DA:489,0
DA:490,0
DA:491,0
DA:492,0
DA:493,0
DA:494,0
DA:495,0
DA:496,0
DA:497,0
DA:498,0
DA:500,0
DA:504,2
DA:505,0
DA:506,0
DA:507,0
DA:508,0
DA:509,0
DA:510,0
DA:511,0
DA:512,0
DA:513,0
DA:514,0
DA:515,0
DA:516,0
DA:517,0
DA:518,0
DA:519,0
DA:521,0
DA:525,1
DA:526,1
DA:527,1
DA:528,1
DA:529,1
DA:530,1
DA:531,1
DA:532,1
DA:533,1
DA:534,1
DA:535,1
DA:536,1
DA:537,1
DA:538,1
DA:539,1
DA:541,1
DA:545,1
DA:550,2
DA:553,1
DA:556,0
DA:563,3
DA:566,0
DA:571,0
DA:573,0
DA:574,0
DA:577,0
DA:584,0
DA:587,1
DA:592,2
DA:594,1
DA:595,1
DA:598,0
DA:605,3
DA:608,2
DA:610,4
DA:611,2
DA:616,1
LF:294
LH:138
end_of_record
SF:lib\features\today\bloc\today_event.dart
DA:4,1
DA:6,0
DA:7,0
DA:11,1
DA:15,1
DA:19,0
DA:23,0
DA:24,0
DA:29,1
DA:34,1
DA:39,0
DA:40,0
DA:45,1
DA:49,0
DA:50,0
LF:15
LH:6
end_of_record
SF:lib\features\today\bloc\today_state.dart
DA:24,5
DA:46,3
DA:60,3
DA:79,3
DA:96,3
DA:116,1
DA:133,1
DA:155,13
DA:156,15
DA:157,6
DA:159,2
DA:160,2
DA:161,2
DA:162,2
DA:163,2
DA:164,2
DA:165,2
DA:166,2
DA:167,2
DA:168,2
DA:169,2
DA:170,2
DA:171,2
DA:172,2
DA:173,2
DA:174,2
DA:175,2
DA:176,2
DA:177,2
DA:178,2
DA:179,2
LF:31
LH:31
end_of_record
SF:lib\features\today\ui\today_screen.dart
DA:42,2
DA:47,3
DA:48,3
DA:49,3
DA:50,3
DA:54,3
DA:56,3
DA:57,3
DA:58,3
DA:59,3
DA:60,3
DA:61,3
DA:63,6
DA:65,3
DA:66,3
DA:68,3
DA:69,3
DA:70,3
DA:72,1
DA:73,3
DA:74,2
DA:75,2
DA:77,3
DA:79,1
DA:80,3
DA:81,0
DA:82,0
DA:83,0
DA:84,0
DA:85,0
DA:89,3
DA:91,1
DA:92,3
DA:93,0
DA:94,0
DA:95,0
DA:96,0
DA:97,0
DA:102,3
DA:105,3
DA:106,3
DA:107,3
DA:108,3
DA:109,3
DA:110,3
DA:112,3
DA:114,3
DA:115,3
DA:117,6
DA:118,0
DA:121,3
DA:122,3
DA:123,3
DA:124,3
DA:125,3
DA:126,6
DA:128,3
DA:130,3
DA:132,3
DA:133,6
DA:136,3
DA:137,3
DA:138,3
DA:142,3
DA:143,3
DA:144,3
DA:152,2
DA:155,2
DA:160,2
DA:162,2
DA:163,0
DA:164,0
DA:167,0
DA:168,0
DA:171,0
DA:172,0
DA:173,0
DA:176,0
DA:177,0
DA:178,0
DA:179,0
DA:183,0
DA:185,0
DA:191,0
DA:200,0
DA:205,0
DA:207,2
DA:208,2
DA:210,0
DA:211,0
DA:213,0
DA:214,0
DA:216,4
DA:219,0
DA:220,0
DA:221,0
DA:222,0
DA:225,0
DA:227,0
DA:228,0
DA:229,0
DA:232,0
DA:234,0
DA:235,0
DA:239,0
DA:242,0
DA:243,0
DA:244,0
DA:245,0
DA:261,3
DA:262,0
DA:263,0
DA:266,0
DA:267,0
DA:274,3
DA:276,0
DA:278,0
DA:281,0
DA:282,0
DA:284,0
DA:285,0
DA:295,0
DA:299,0
DA:300,0
DA:302,0
DA:306,0
DA:310,0
DA:311,0
DA:312,0
DA:313,0
DA:317,0
DA:318,0
DA:319,0
DA:320,0
DA:321,0
DA:326,0
DA:330,0
DA:331,0
DA:332,0
DA:333,0
DA:334,0
DA:338,0
DA:339,0
DA:340,0
DA:341,0
DA:342,0
DA:343,0
DA:344,0
DA:348,0
DA:352,0
DA:353,0
DA:354,0
DA:356,0
DA:362,0
DA:363,0
DA:364,0
DA:365,0
DA:369,0
DA:373,0
DA:374,0
DA:377,0
DA:378,0
DA:379,0
DA:380,0
DA:381,0
DA:382,0
DA:383,0
DA:384,0
DA:388,0
DA:389,0
DA:393,0
DA:394,0
DA:398,0
DA:399,0
DA:400,0
DA:401,0
DA:405,0
DA:406,0
DA:409,0
DA:413,0
DA:414,0
DA:416,0
DA:419,0
DA:420,0
DA:421,0
DA:423,0
DA:424,0
DA:431,0
DA:434,0
DA:441,0
DA:442,0
DA:446,0
DA:447,0
DA:448,0
DA:449,0
DA:450,0
DA:453,0
DA:459,0
DA:460,0
DA:465,0
DA:467,0
DA:470,0
DA:473,0
DA:475,0
DA:478,1
DA:479,1
DA:480,2
DA:481,2
DA:483,2
DA:484,2
DA:485,0
DA:486,2
DA:487,2
DA:488,3
DA:490,1
DA:491,0
DA:492,0
DA:500,1
LF:218
LH:75
end_of_record
SF:lib\features\today\ui\widgets\today_header\today_header_container.dart
DA:17,3
DA:19,3
DA:21,3
DA:23,1
DA:24,3
DA:25,3
DA:26,3
DA:27,3
DA:28,3
DA:29,3
DA:30,0
DA:36,0
DA:40,0
DA:41,0
DA:43,0
DA:47,0
DA:48,0
DA:49,0
DA:50,0
DA:53,0
LF:20
LH:10
end_of_record
SF:lib\features\today\ui\widgets\today_flow_section\today_flow_section_container.dart
DA:16,2
DA:22,2
DA:24,2
DA:25,2
DA:27,2
DA:29,1
DA:30,3
DA:31,3
DA:32,3
DA:33,3
DA:34,2
DA:35,2
DA:39,2
DA:40,0
DA:41,0
DA:42,0
DA:43,0
DA:44,0
DA:51,2
DA:52,2
DA:53,2
DA:54,2
DA:55,2
LF:23
LH:18
end_of_record
SF:lib\features\today\ui\widgets\today_share_section\today_share_section_container.dart
DA:11,0
DA:22,0
DA:24,0
DA:26,0
DA:27,0
DA:28,0
DA:29,0
DA:30,0
DA:31,0
DA:33,0
DA:38,0
DA:39,0
DA:40,0
DA:41,0
DA:42,0
DA:43,0
DA:44,0
LF:17
LH:0
end_of_record
SF:lib\features\today\ui\widgets\today_add_sheet.dart
DA:16,0
DA:23,0
DA:29,0
DA:33,0
DA:34,0
DA:42,0
DA:44,0
DA:45,0
DA:46,0
DA:48,0
DA:49,0
DA:53,0
DA:56,0
DA:57,0
DA:58,0
DA:59,0
DA:62,0
DA:63,0
DA:64,0
DA:65,0
DA:68,0
DA:69,0
DA:70,0
DA:71,0
DA:74,0
DA:75,0
DA:76,0
DA:77,0
LF:28
LH:0
end_of_record
SF:lib\features\today\ui\widgets\today_empty_state_card.dart
DA:9,1
DA:11,2
DA:13,2
DA:14,2
DA:15,2
DA:18,2
DA:20,2
DA:22,2
DA:23,2
DA:26,4
DA:27,4
DA:28,0
DA:32,4
DA:33,2
DA:34,4
DA:35,6
DA:36,4
LF:17
LH:16
end_of_record
SF:lib\features\today\ui\widgets\today_gratitude_section.dart
DA:9,0
DA:13,0
DA:15,0
DA:16,0
DA:17,0
DA:18,0
DA:20,0
DA:22,0
DA:23,0
DA:24,0
DA:25,0
DA:26,0
DA:28,0
DA:29,0
DA:30,0
DA:32,0
DA:34,0
DA:35,0
DA:36,0
DA:37,0
LF:20
LH:0
end_of_record
SF:lib\features\today\ui\widgets\today_invite_prompt.dart
DA:8,0
DA:25,0
DA:27,0
DA:28,0
DA:29,0
DA:30,0
DA:31,0
DA:33,0
DA:35,0
DA:36,0
DA:37,0
DA:39,0
DA:40,0
DA:41,0
DA:42,0
DA:43,0
DA:45,0
DA:47,0
DA:48,0
DA:49,0
DA:50,0
DA:51,0
DA:52,0
DA:53,0
DA:56,0
DA:57,0
DA:58,0
DA:59,0
DA:60,0
DA:61,0
DA:62,0
DA:65,0
DA:66,0
DA:67,0
DA:68,0
LF:35
LH:0
end_of_record
SF:lib\features\today\ui\widgets\today_flow_section\today_flow_section.dart
DA:16,2
DA:29,2
DA:30,2
DA:36,2
DA:38,2
DA:39,2
DA:40,2
DA:41,6
DA:42,6
DA:47,1
DA:49,1
DA:51,1
DA:52,3
DA:53,3
DA:56,2
DA:57,0
DA:58,0
DA:59,0
DA:62,0
DA:67,2
DA:69,2
DA:70,2
DA:71,2
DA:72,2
DA:73,2
DA:75,2
DA:76,6
DA:77,6
DA:81,2
DA:87,2
DA:89,2
DA:90,4
DA:91,0
DA:92,0
DA:93,0
DA:94,0
DA:95,0
DA:96,0
DA:98,0
DA:100,0
DA:104,0
DA:105,0
DA:109,0
DA:111,2
DA:115,2
DA:116,2
DA:118,4
DA:123,2
DA:129,2
DA:130,2
DA:131,2
DA:132,4
DA:135,4
DA:136,4
DA:140,0
DA:141,0
DA:142,0
DA:145,0
DA:146,0
DA:155,2
DA:173,2
DA:176,6
DA:178,2
DA:179,2
DA:180,2
DA:181,2
DA:182,2
DA:183,2
DA:184,2
DA:188,0
DA:189,0
DA:190,0
DA:191,0
DA:199,2
DA:213,2
DA:215,2
DA:217,2
DA:218,8
DA:219,0
DA:221,2
DA:222,2
DA:223,4
DA:224,2
DA:225,2
DA:226,2
DA:227,2
DA:228,0
DA:230,4
DA:238,0
DA:248,0
DA:250,0
DA:252,0
DA:254,0
DA:255,0
DA:256,0
DA:257,0
DA:258,0
DA:259,0
LF:98
LH:62
end_of_record
SF:lib\features\today\ui\widgets\today_section_tabs.dart
DA:10,0
DA:14,2
DA:24,2
DA:28,2
DA:29,2
DA:30,0
LF:6
LH:4
end_of_record
SF:lib\features\today\ui\widgets\today_header\today_header.dart
DA:13,3
DA:20,3
DA:22,3
DA:23,3
DA:24,3
DA:25,9
DA:28,9
DA:30,3
DA:32,3
DA:33,3
DA:34,3
DA:36,3
DA:37,3
DA:39,9
DA:40,3
DA:44,6
DA:46,3
DA:47,6
DA:48,9
DA:49,6
DA:55,6
DA:56,3
DA:58,3
DA:59,3
DA:60,3
DA:61,3
DA:62,9
DA:63,3
DA:64,3
DA:66,3
LF:30
LH:30
end_of_record
SF:lib\features\today\ui\widgets\today_share_section\today_share_section.dart
DA:20,0
DA:37,0
DA:38,0
DA:44,0
DA:46,0
DA:47,0
DA:48,0
DA:49,0
DA:50,0
DA:55,0
DA:57,0
DA:59,0
DA:60,0
DA:61,0
DA:64,0
DA:65,0
DA:66,0
DA:67,0
DA:70,0
DA:75,0
DA:77,0
DA:78,0
DA:79,0
DA:80,0
DA:81,0
DA:83,0
DA:84,0
DA:85,0
DA:89,0
DA:95,0
DA:97,0
DA:98,0
DA:99,0
DA:100,0
DA:101,0
DA:102,0
DA:106,0
DA:107,0
DA:108,0
DA:109,0
DA:110,0
DA:111,0
DA:112,0
DA:114,0
DA:116,0
DA:120,0
DA:121,0
DA:125,0
DA:127,0
DA:131,0
DA:132,0
DA:134,0
DA:135,0
DA:142,0
DA:147,0
DA:148,0
DA:149,0
DA:150,0
DA:151,0
DA:154,0
DA:155,0
DA:156,0
DA:157,0
DA:158,0
DA:167,0
DA:177,0
DA:179,0
DA:180,0
DA:182,0
DA:183,0
DA:184,0
DA:185,0
DA:186,0
DA:187,0
DA:189,0
DA:190,0
DA:191,0
DA:193,0
DA:195,0
DA:196,0
DA:197,0
DA:198,0
DA:199,0
DA:200,0
DA:204,0
DA:213,0
DA:227,0
DA:229,0
DA:230,0
DA:232,0
DA:234,0
DA:235,0
DA:236,0
DA:237,0
DA:238,0
DA:239,0
DA:240,0
DA:241,0
DA:242,0
DA:246,0
DA:248,0
DA:250,0
DA:251,0
DA:252,0
DA:253,0
DA:255,0
DA:257,0
DA:258,0
DA:267,0
DA:268,0
DA:269,0
LF:111
LH:0
end_of_record
SF:lib\features\auth\widgets\auth_sign_out_button.dart
DA:8,1
DA:10,1
DA:12,4
DA:13,1
DA:15,2
DA:19,1
DA:20,2
LF:7
LH:7
end_of_record
SF:lib\features\offline\bloc\connectivity_cubit.dart
DA:9,1
DA:17,1
DA:21,1
DA:22,0
DA:23,0
DA:27,1
DA:28,3
DA:32,2
DA:34,2
DA:35,10
DA:41,1
DA:42,2
DA:45,1
DA:46,4
DA:49,2
DA:51,4
DA:52,2
LF:17
LH:15
end_of_record
SF:lib\features\offline\ui\offline_splash.dart
DA:9,1
DA:13,1
DA:15,1
DA:16,1
DA:17,1
DA:18,2
DA:19,1
DA:31,1
DA:32,1
DA:33,1
DA:34,1
DA:35,2
DA:36,1
DA:39,1
DA:42,1
DA:43,1
DA:44,3
DA:47,1
DA:52,1
DA:53,1
DA:54,3
DA:56,2
DA:65,1
DA:67,1
DA:69,1
LF:25
LH:25
end_of_record
SF:lib\core\auth\fake_auth_repository.dart
DA:5,1
DA:7,2
DA:13,1
DA:14,2
DA:16,1
DA:17,1
DA:19,0
DA:21,0
DA:22,0
DA:25,0
DA:27,0
DA:28,0
DA:31,0
DA:33,0
DA:34,0
LF:15
LH:6
end_of_record
SF:lib\core\homes\fake_home_repository.dart
DA:5,0
DA:7,0
DA:8,0
DA:9,0
DA:14,0
DA:16,0
DA:20,0
DA:22,0
DA:25,0
DA:27,0
DA:31,0
DA:33,0
DA:34,0
DA:39,0
DA:43,0
DA:45,0
DA:46,0
DA:51,0
DA:55,0
DA:57,0
DA:60,0
DA:62,0
DA:71,0
DA:77,0
DA:79,0
DA:82,0
DA:87,0
DA:91,0
DA:97,0
LF:29
LH:0
end_of_record
SF:lib\main.dart
DA:32,0
DA:33,0
DA:36,0
DA:37,0
DA:38,0
DA:39,0
DA:40,0
DA:45,0
DA:46,0
DA:47,0
DA:48,0
DA:52,1
DA:54,1
DA:55,1
DA:70,1
DA:72,1
DA:73,2
DA:74,2
DA:75,2
DA:76,2
DA:77,2
DA:79,2
DA:80,2
DA:82,1
DA:84,2
DA:85,3
DA:86,2
DA:87,2
DA:89,2
DA:90,1
DA:91,1
DA:92,1
DA:94,4
DA:95,3
DA:97,4
DA:98,2
DA:101,1
DA:102,2
DA:103,0
DA:106,2
DA:110,1
DA:112,1
DA:113,2
DA:114,2
DA:115,2
DA:118,2
DA:120,0
DA:121,0
DA:126,0
DA:130,1
DA:131,2
DA:133,1
DA:134,1
DA:135,0
DA:139,0
DA:140,0
DA:146,1
DA:148,2
DA:149,2
DA:150,1
DA:151,1
DA:153,2
DA:155,2
DA:156,2
DA:157,2
DA:158,1
DA:161,1
DA:163,1
DA:164,1
DA:165,2
DA:166,2
DA:167,2
DA:169,1
DA:170,3
DA:171,1
DA:172,1
DA:174,1
DA:176,1
DA:177,1
DA:184,1
DA:189,1
DA:190,1
DA:191,1
DA:194,0
DA:197,0
DA:198,0
DA:199,0
DA:200,0
DA:201,0
DA:208,0
DA:209,0
DA:211,0
DA:213,0
DA:216,0
DA:219,1
DA:220,1
DA:221,1
DA:226,1
DA:228,0
DA:230,0
DA:231,0
DA:232,0
DA:234,0
DA:237,0
LF:104
LH:69
end_of_record
SF:lib\core\router\go_router_refresh_stream.dart
DA:7,0
DA:9,1
DA:10,2
DA:11,4
DA:17,1
DA:19,2
DA:20,1
DA:22,1
LF:8
LH:7
end_of_record
SF:lib\core\supabase\supabase_init.dart
DA:4,0
DA:5,0
DA:8,0
LF:3
LH:0
end_of_record
SF:lib\features\offline\ui\connectivity_gate.dart
DA:9,1
DA:13,1
DA:15,1
DA:16,3
DA:18,1
DA:19,0
DA:20,0
DA:23,1
LF:8
LH:6
end_of_record
