SF:lib\contracts\chores\models.dart
DA:34,6
DA:54,1
DA:55,1
DA:56,1
DA:57,1
DA:58,1
DA:59,1
DA:60,1
DA:61,2
DA:62,1
DA:63,2
DA:65,1
DA:66,2
DA:68,2
DA:69,2
DA:70,1
DA:71,1
DA:72,1
DA:73,2
DA:74,2
DA:75,2
DA:76,2
DA:94,3
DA:104,1
DA:105,1
DA:106,1
DA:107,1
DA:108,1
DA:109,2
DA:110,1
DA:111,1
DA:113,1
DA:117,0
DA:122,0
DA:123,0
DA:124,0
DA:125,0
DA:126,0
DA:127,0
DA:128,0
DA:130,0
DA:146,2
DA:154,1
DA:155,1
DA:156,1
DA:157,1
DA:158,1
DA:159,2
DA:160,2
DA:179,2
DA:186,1
DA:187,1
DA:189,2
DA:190,1
DA:191,1
DA:192,1
DA:196,0
DA:201,0
DA:202,0
DA:203,0
DA:204,0
DA:205,0
DA:219,4
DA:221,1
DA:222,1
DA:223,1
DA:225,1
DA:226,1
DA:229,1
DA:230,2
DA:232,1
DA:253,3
DA:265,1
DA:266,1
DA:267,2
DA:268,1
DA:269,1
DA:270,2
DA:271,2
DA:273,1
DA:274,2
DA:276,1
DA:277,2
DA:279,1
DA:280,1
DA:282,2
DA:283,2
DA:288,1
DA:290,1
DA:291,1
DA:292,2
DA:301,1
DA:304,1
LF:93
LH:78
end_of_record
SF:lib\contracts\chores\enums\chore_completion_status.dart
DA:11,1
DA:13,1
DA:14,3
DA:15,0
LF:4
LH:3
end_of_record
SF:lib\contracts\chores\enums\chore_recurrence_unit.dart
DA:13,1
DA:15,1
DA:16,2
DA:17,2
LF:4
LH:4
end_of_record
SF:lib\contracts\chores\enums\chore_state.dart
DA:5,2
DA:7,1
DA:9,1
DA:10,3
DA:11,0
LF:5
LH:4
end_of_record
SF:lib\contracts\time\timezone.dart
DA:4,5
DA:6,10
DA:7,5
DA:10,3
DA:13,3
DA:14,2
DA:17,9
DA:18,12
DA:21,3
DA:23,1
DA:24,4
DA:25,1
DA:26,2
LF:13
LH:13
end_of_record
SF:lib\contracts\expenses\enums\expense_recurrence_interval.dart
DA:12,0
DA:14,0
DA:16,0
DA:18,0
DA:20,0
DA:22,0
DA:24,0
DA:29,1
DA:31,1
DA:33,1
DA:35,1
DA:37,1
DA:39,1
LF:13
LH:6
end_of_record
SF:lib\contracts\expenses\enums\expense_recurrence_unit.dart
DA:5,0
DA:7,0
DA:9,0
DA:11,0
DA:13,0
DA:18,1
DA:20,1
DA:22,1
DA:24,1
DA:26,1
LF:10
LH:5
end_of_record
SF:lib\contracts\expenses\enums\expense_share_status.dart
DA:5,2
DA:7,1
DA:9,1
DA:10,3
DA:11,0
LF:5
LH:4
end_of_record
SF:lib\contracts\expenses\enums\expense_split_type.dart
DA:5,2
DA:7,1
DA:9,1
DA:10,3
DA:11,0
LF:5
LH:4
end_of_record
SF:lib\contracts\expenses\enums\expense_status.dart
DA:5,2
DA:7,1
DA:9,1
DA:10,3
DA:11,0
LF:5
LH:4
end_of_record
SF:lib\contracts\expenses\models.dart
DA:17,2
DA:51,1
DA:52,1
DA:53,2
DA:54,2
DA:55,2
DA:56,2
DA:57,1
DA:58,1
DA:59,2
DA:60,2
DA:61,1
DA:62,2
DA:63,2
DA:64,2
DA:66,1
DA:70,2
DA:71,1
DA:72,1
DA:75,1
DA:76,1
DA:78,1
DA:79,1
DA:81,1
DA:82,0
DA:83,0
DA:84,1
DA:91,1
DA:105,1
DA:106,2
DA:107,2
DA:108,2
DA:109,2
DA:111,1
DA:114,1
DA:115,2
DA:116,1
DA:123,1
DA:139,1
DA:140,1
DA:142,1
DA:144,1
DA:145,2
DA:146,1
DA:149,1
DA:151,1
DA:152,1
DA:154,1
DA:155,1
DA:156,1
DA:157,1
DA:164,1
DA:182,1
DA:183,1
DA:184,1
DA:186,1
DA:187,1
DA:188,1
DA:189,2
DA:190,1
DA:191,1
DA:193,1
DA:194,0
DA:195,0
DA:196,1
DA:202,1
DA:216,1
DA:217,1
DA:219,1
DA:221,1
DA:222,2
DA:223,1
DA:226,1
DA:228,1
DA:229,1
DA:230,1
DA:231,1
DA:232,2
DA:240,1
DA:278,0
DA:279,0
DA:280,0
DA:281,0
DA:283,0
DA:284,0
DA:285,0
DA:286,0
DA:287,0
DA:288,0
DA:289,0
DA:290,0
DA:291,0
DA:292,0
DA:293,0
DA:294,0
DA:295,0
DA:296,0
DA:298,0
DA:299,0
DA:301,0
DA:302,0
DA:303,0
DA:310,0
DA:318,0
DA:319,0
DA:320,0
DA:325,2
DA:343,1
DA:344,1
DA:345,1
DA:346,1
DA:347,1
DA:348,1
DA:349,2
DA:350,2
DA:351,2
DA:358,2
DA:370,1
DA:371,1
DA:372,1
DA:373,2
DA:374,2
DA:376,2
DA:382,1
DA:408,0
DA:409,0
DA:410,0
DA:412,0
DA:413,0
DA:414,0
DA:415,0
DA:416,0
DA:417,0
DA:418,0
DA:420,0
DA:421,0
DA:422,0
DA:423,0
DA:424,0
DA:425,0
DA:426,0
DA:432,1
DA:460,0
DA:461,0
DA:462,0
DA:463,0
DA:465,0
DA:466,0
DA:467,0
DA:468,0
DA:470,0
DA:472,0
DA:473,0
DA:474,0
DA:475,0
DA:476,0
DA:478,0
DA:479,0
DA:480,0
DA:481,0
DA:482,0
DA:488,3
DA:494,1
DA:495,2
DA:496,2
DA:497,1
DA:498,1
DA:500,1
DA:503,2
DA:504,1
DA:509,1
DA:511,1
DA:513,1
DA:515,1
DA:517,1
DA:519,1
LF:176
LH:109
end_of_record
SF:lib\contracts\share\models.dart
DA:6,4
DA:24,0
DA:25,0
DA:26,0
DA:27,0
DA:28,0
DA:29,0
DA:30,0
DA:31,0
DA:32,0
DA:36,0
DA:37,0
DA:38,0
DA:39,0
DA:40,0
DA:41,0
DA:42,0
DA:43,0
DA:44,0
DA:49,5
DA:65,1
DA:69,1
DA:70,1
DA:71,1
DA:72,1
DA:73,1
DA:74,1
DA:75,1
DA:76,1
DA:77,0
DA:81,1
DA:82,1
DA:83,1
DA:84,1
DA:85,1
DA:86,1
DA:87,1
DA:92,0
DA:106,0
DA:107,0
DA:108,0
DA:109,0
DA:110,0
DA:111,0
DA:112,0
DA:116,0
DA:117,0
DA:118,0
DA:119,0
DA:120,0
DA:121,0
DA:122,0
DA:127,3
DA:145,1
DA:146,1
DA:147,1
DA:148,1
DA:149,1
DA:150,1
DA:151,1
DA:152,1
DA:153,1
DA:157,1
DA:158,1
DA:159,1
DA:160,1
DA:161,1
DA:162,1
DA:163,1
DA:164,1
DA:165,1
LF:71
LH:37
end_of_record
SF:lib\renderer\material\theme\color_tokens.dart
DA:6,46
DA:50,0
DA:73,0
DA:74,0
DA:75,0
DA:76,0
DA:77,0
DA:78,0
DA:79,0
DA:80,0
DA:81,0
DA:82,0
DA:83,0
DA:84,0
DA:85,0
DA:86,0
DA:87,0
DA:88,0
DA:89,0
DA:90,0
DA:91,0
DA:92,0
DA:93,0
DA:97,4
DA:99,4
DA:101,8
DA:103,4
DA:104,12
DA:105,12
DA:106,12
DA:107,4
DA:108,4
DA:109,4
DA:111,12
DA:112,12
DA:113,4
DA:114,4
DA:115,4
DA:117,4
DA:118,4
DA:119,4
DA:121,12
DA:122,12
DA:123,12
DA:124,12
DA:125,12
DA:126,12
DA:127,12
DA:128,12
DA:129,12
DA:130,12
DA:131,12
DA:132,12
LF:53
LH:31
end_of_record
SF:lib\renderer\material\theme\opacity.dart
DA:6,8
DA:92,0
DA:111,0
DA:112,0
DA:113,0
DA:114,0
DA:115,0
DA:116,0
DA:117,0
DA:118,0
DA:119,0
DA:120,0
DA:121,0
DA:122,0
DA:123,0
DA:124,0
DA:125,0
DA:126,0
DA:127,0
DA:131,5
DA:136,5
DA:137,20
DA:138,5
DA:139,15
DA:140,15
DA:141,15
DA:142,15
DA:143,15
DA:144,15
DA:145,15
DA:146,15
DA:147,15
DA:148,15
DA:149,15
DA:150,15
DA:151,15
DA:152,15
DA:153,15
DA:154,15
LF:39
LH:21
end_of_record
SF:lib\renderer\material\kinly_app_bar.dart
DA:4,17
DA:29,17
DA:31,17
DA:32,17
DA:33,17
DA:34,17
DA:35,17
DA:36,17
DA:37,17
DA:38,17
DA:39,17
DA:40,17
DA:41,17
DA:45,17
LF:14
LH:14
end_of_record
SF:lib\renderer\material\kinly_icons.dart
DA:4,0
LF:1
LH:0
end_of_record
SF:lib\renderer\material\ui\kinly_loader.dart
DA:10,0
DA:21,4
DA:22,4
DA:31,4
DA:33,4
DA:34,8
DA:37,4
DA:38,8
DA:41,12
DA:44,4
DA:46,8
DA:47,4
DA:50,4
DA:52,4
DA:53,4
DA:55,4
DA:56,3
DA:57,12
DA:59,4
DA:61,8
DA:62,8
DA:63,8
DA:64,4
DA:67,4
DA:71,6
LF:25
LH:24
end_of_record
SF:lib\renderer\material\kinly_scaffold.dart
DA:4,23
DA:23,23
DA:25,23
DA:26,23
DA:27,23
DA:28,23
DA:29,23
DA:30,23
DA:31,23
DA:32,23
LF:10
LH:10
end_of_record
SF:lib\renderer\material\kinly_theme_access.dart
DA:4,0
DA:6,62
LF:2
LH:1
end_of_record
SF:lib\renderer\material\ui\paywall\paywall_strings.dart
DA:21,3
LF:1
LH:1
end_of_record
SF:lib\features\flow\ui\flow_chore_detail\widgets\flow_chore_expectation_photo_viewer.dart
DA:12,0
DA:24,0
DA:35,0
DA:37,0
DA:38,0
DA:40,0
DA:42,0
DA:44,0
DA:46,0
DA:50,0
DA:52,0
DA:53,0
DA:54,0
DA:55,0
DA:61,0
DA:62,0
DA:63,0
DA:64,0
DA:65,0
DA:69,0
DA:79,0
DA:83,0
DA:85,0
DA:86,0
DA:87,0
DA:89,0
DA:90,0
DA:91,0
DA:93,0
DA:95,0
DA:97,0
DA:101,0
DA:102,0
DA:103,0
LF:34
LH:0
end_of_record
SF:lib\features\paywall\ui\paywall_route_args.dart
DA:5,2
LF:1
LH:1
end_of_record
SF:lib\features\share\ui\share_detail_route_args.dart
DA:4,1
DA:10,0
LF:2
LH:1
end_of_record
SF:lib\features\share\ui\share_navigation.dart
DA:10,0
DA:12,1
DA:17,1
DA:19,1
DA:23,0
DA:29,0
DA:31,0
LF:7
LH:3
end_of_record
SF:lib\renderer\material\theme\control_tokens.dart
DA:6,46
DA:111,0
DA:162,0
DA:163,0
DA:164,0
DA:165,0
DA:166,0
DA:167,0
DA:168,0
DA:170,0
DA:172,0
DA:173,0
DA:174,0
DA:176,0
DA:177,0
DA:178,0
DA:179,0
DA:180,0
DA:181,0
DA:182,0
DA:183,0
DA:184,0
DA:185,0
DA:186,0
DA:187,0
DA:189,0
DA:190,0
DA:191,0
DA:192,0
DA:193,0
DA:194,0
DA:195,0
DA:196,0
DA:197,0
DA:198,0
DA:200,0
DA:202,0
DA:204,0
DA:205,0
DA:206,0
DA:207,0
DA:208,0
DA:209,0
DA:210,0
DA:211,0
DA:212,0
DA:213,0
DA:214,0
DA:215,0
DA:216,0
DA:217,0
DA:221,4
DA:223,4
DA:224,8
DA:226,4
DA:227,12
DA:228,12
DA:229,12
DA:230,12
DA:231,4
DA:232,4
DA:233,4
DA:235,4
DA:236,4
DA:237,4
DA:239,4
DA:240,4
DA:241,4
DA:243,4
DA:244,4
DA:245,4
DA:247,12
DA:248,12
DA:249,4
DA:250,4
DA:251,4
DA:253,4
DA:254,4
DA:255,4
DA:257,12
DA:258,12
DA:259,12
DA:260,12
DA:261,12
DA:262,12
DA:263,12
DA:264,12
DA:265,12
DA:266,4
DA:267,4
DA:268,4
DA:270,4
DA:271,4
DA:272,4
DA:274,4
DA:275,4
DA:276,4
DA:278,12
DA:279,12
DA:280,4
DA:281,4
DA:282,4
DA:284,4
DA:285,4
DA:286,4
DA:288,12
DA:289,12
DA:290,4
DA:291,4
DA:292,4
DA:294,12
DA:295,4
DA:296,4
DA:297,4
DA:299,4
DA:300,4
DA:301,4
DA:303,4
DA:304,4
DA:305,4
DA:307,12
DA:308,12
DA:309,12
DA:310,12
DA:311,12
DA:312,12
DA:313,12
DA:314,12
DA:315,12
DA:316,12
DA:317,12
DA:318,12
DA:319,12
LF:133
LH:83
end_of_record
SF:lib\renderer\material\theme\foundation\kinly_foundation_colors.dart
DA:7,0
LF:1
LH:0
end_of_record
SF:lib\renderer\material\theme\kinly_control_palette.dart
DA:8,46
DA:13,46
DA:14,46
DA:15,46
DA:16,46
DA:17,46
DA:18,46
DA:19,46
DA:20,52
DA:21,92
DA:22,46
DA:24,52
DA:26,52
DA:28,52
DA:29,52
DA:31,52
DA:34,52
DA:36,46
DA:37,46
DA:38,46
DA:39,46
DA:40,46
DA:41,46
DA:42,46
DA:43,46
DA:44,46
DA:45,46
DA:46,46
DA:47,46
DA:48,46
DA:49,46
DA:50,46
DA:51,46
DA:52,46
DA:53,46
DA:54,46
DA:55,46
DA:56,46
DA:57,46
DA:58,46
DA:59,46
DA:60,46
DA:61,46
DA:62,46
DA:63,46
DA:64,46
DA:65,46
DA:66,46
DA:67,46
DA:68,46
DA:69,46
DA:70,46
DA:71,46
DA:73,46
DA:74,46
DA:75,46
DA:76,46
DA:89,46
DA:96,46
DA:110,46
DA:124,46
DA:138,46
DA:154,46
DA:167,46
DA:168,138
DA:169,92
DA:170,46
DA:173,46
DA:174,46
DA:175,46
DA:176,46
DA:177,46
DA:178,46
DA:182,46
DA:186,46
DA:187,46
DA:188,46
DA:189,46
DA:190,46
DA:194,46
DA:199,46
DA:200,46
DA:201,46
DA:203,52
DA:204,46
DA:207,46
DA:208,46
DA:212,46
DA:215,6
DA:216,46
DA:217,46
DA:219,46
DA:220,46
DA:221,46
DA:222,46
DA:226,46
DA:227,138
DA:228,138
DA:229,46
DA:231,46
DA:233,46
DA:237,92
DA:239,46
DA:245,92
DA:246,46
DA:247,46
DA:250,46
DA:251,46
DA:252,46
DA:253,46
DA:254,46
DA:255,138
LF:112
LH:112
end_of_record
SF:lib\renderer\material\theme\kinly_palette.dart
DA:17,46
DA:18,46
DA:20,46
DA:21,46
DA:22,46
DA:23,92
DA:24,46
DA:25,46
DA:26,46
DA:30,0
DA:31,0
DA:33,1
DA:34,2
DA:36,0
DA:39,0
DA:41,0
DA:42,0
DA:44,46
DA:45,46
DA:46,46
DA:47,46
DA:48,46
DA:49,46
DA:50,46
DA:51,46
DA:52,46
DA:53,46
DA:54,46
DA:55,46
DA:56,46
DA:57,46
DA:58,46
DA:59,46
DA:60,46
DA:61,46
DA:62,46
DA:63,46
DA:64,46
DA:65,46
DA:66,46
DA:70,46
DA:75,46
DA:81,46
DA:103,47
DA:105,0
DA:107,0
DA:110,4
DA:112,4
DA:113,4
DA:114,12
DA:115,12
DA:126,46
DA:132,0
DA:138,0
DA:139,0
DA:140,0
DA:141,0
DA:145,4
DA:150,4
DA:151,4
DA:152,12
DA:153,12
DA:154,12
DA:163,46
DA:164,46
DA:167,46
DA:168,92
DA:169,92
DA:171,46
DA:177,46
DA:178,46
DA:179,46
DA:180,46
DA:182,46
DA:183,46
DA:184,46
DA:186,46
DA:191,6
DA:192,6
DA:193,6
DA:195,138
DA:196,46
DA:197,46
DA:200,46
DA:203,46
DA:205,46
DA:206,46
DA:207,46
DA:208,46
DA:209,46
DA:210,46
DA:211,46
DA:212,46
DA:213,46
DA:214,46
DA:215,46
DA:216,46
DA:217,46
DA:218,46
DA:219,46
DA:220,46
DA:221,46
DA:222,46
DA:223,46
DA:224,46
DA:225,46
DA:226,46
DA:227,46
DA:228,46
DA:229,46
DA:230,46
DA:231,46
DA:232,46
DA:233,46
DA:235,92
DA:236,46
DA:237,46
DA:238,46
DA:239,46
DA:242,46
DA:247,46
DA:248,46
DA:249,46
DA:250,46
DA:254,46
DA:263,92
DA:266,52
DA:268,92
DA:271,52
DA:273,46
DA:274,46
DA:275,46
DA:276,46
DA:278,46
DA:287,46
DA:289,46
DA:290,46
DA:291,46
DA:292,46
DA:293,46
DA:297,46
DA:298,46
DA:303,46
DA:309,52
DA:310,52
DA:311,52
DA:312,52
DA:313,52
DA:314,52
DA:315,52
DA:316,52
DA:317,46
DA:321,46
DA:326,46
DA:341,46
DA:345,46
DA:350,46
DA:355,46
DA:356,46
DA:361,46
DA:366,46
DA:371,46
DA:372,46
DA:377,46
DA:382,46
DA:387,46
DA:388,46
DA:393,46
DA:395,46
DA:412,46
DA:416,46
DA:421,46
DA:426,46
DA:427,46
DA:432,46
DA:440,46
DA:446,6
DA:448,46
DA:449,46
DA:452,46
DA:453,46
DA:454,46
DA:455,46
DA:456,46
DA:460,46
DA:465,46
DA:470,46
DA:475,46
DA:480,46
DA:481,46
DA:491,46
DA:519,46
DA:551,46
DA:565,46
DA:572,46
DA:586,46
DA:607,92
DA:609,46
DA:610,46
DA:611,46
DA:612,46
DA:613,46
DA:614,138
DA:617,46
DA:622,92
DA:625,46
DA:626,46
DA:627,46
LF:208
LH:195
end_of_record
SF:lib\renderer\material\theme\kinly_sections.dart
DA:10,46
DA:17,0
DA:23,0
DA:24,0
DA:25,0
DA:26,0
DA:27,0
DA:31,5
DA:32,10
DA:33,5
DA:34,15
DA:35,15
DA:36,15
DA:37,15
DA:49,46
DA:56,0
DA:63,0
DA:64,0
DA:65,0
DA:66,0
DA:67,0
DA:71,5
DA:73,5
DA:74,5
DA:75,15
DA:76,15
DA:77,15
DA:78,15
LF:28
LH:16
end_of_record
SF:lib\renderer\material\theme\motion.dart
DA:8,33
DA:29,0
DA:40,0
DA:41,0
DA:42,0
DA:43,0
DA:44,0
DA:45,0
DA:46,0
DA:47,0
DA:48,0
DA:52,4
DA:54,4
DA:56,8
DA:58,16
DA:60,4
DA:61,4
DA:63,4
DA:64,8
DA:65,8
DA:66,4
DA:68,4
DA:70,4
DA:71,8
DA:72,8
DA:73,4
DA:75,4
DA:77,4
DA:78,8
DA:79,8
DA:80,4
DA:82,4
DA:84,4
DA:85,8
DA:86,8
DA:87,4
DA:89,12
DA:90,12
DA:91,12
DA:92,12
LF:40
LH:30
end_of_record
SF:lib\renderer\material\ui\kinly_motion_aware.dart
DA:9,6
DA:23,0
DA:28,0
DA:30,0
DA:42,0
DA:44,0
DA:45,0
DA:47,0
DA:51,0
DA:56,6
DA:58,6
DA:60,12
DA:62,12
DA:63,0
DA:64,6
DA:83,2
DA:87,2
DA:91,8
DA:93,0
DA:95,0
LF:20
LH:9
end_of_record
SF:lib\contracts\homes\models.dart
DA:15,2
DA:22,2
DA:23,4
DA:24,4
DA:26,2
DA:27,2
DA:30,2
DA:31,2
DA:32,2
DA:34,2
DA:35,2
DA:36,2
DA:37,2
DA:39,2
DA:43,2
DA:55,6
DA:62,1
DA:63,1
DA:64,1
DA:65,1
DA:66,1
DA:68,2
DA:69,2
DA:83,11
DA:91,20
DA:93,1
DA:94,1
DA:95,1
DA:96,1
DA:97,1
DA:100,2
DA:101,0
DA:102,1
DA:103,2
DA:104,1
DA:112,2
DA:114,2
DA:115,4
DA:116,2
DA:117,2
DA:127,2
DA:134,2
DA:135,4
DA:137,2
DA:139,3
DA:140,2
DA:143,3
DA:144,3
DA:146,2
DA:147,1
DA:148,1
DA:150,2
DA:155,1
DA:157,2
DA:171,3
DA:181,1
DA:182,1
DA:183,1
DA:184,1
DA:185,1
DA:186,1
DA:188,2
DA:189,0
DA:190,2
DA:191,2
LF:65
LH:63
end_of_record
SF:lib\contracts\mood\enums\mood_scale.dart
DA:11,1
DA:12,1
DA:13,3
DA:14,0
LF:4
LH:3
end_of_record
SF:lib\contracts\mood\models.dart
DA:9,1
DA:11,1
DA:12,5
DA:13,1
DA:16,0
DA:17,0
DA:24,2
DA:26,2
DA:27,2
DA:28,2
DA:29,2
DA:33,1
DA:34,3
DA:46,2
DA:56,1
DA:57,1
DA:58,1
DA:59,1
DA:60,1
DA:61,1
DA:62,2
DA:63,1
DA:64,2
DA:68,1
DA:69,1
DA:70,1
DA:71,1
DA:72,1
DA:73,1
DA:74,1
DA:75,1
DA:76,1
DA:85,1
DA:91,0
DA:92,0
DA:99,2
DA:101,1
DA:102,1
DA:103,1
DA:104,2
DA:108,1
DA:109,3
DA:117,1
DA:123,1
DA:124,1
DA:125,2
DA:126,2
DA:127,2
DA:131,0
DA:132,0
LF:50
LH:44
end_of_record
SF:lib\contracts\preferences\models.dart
DA:2,1
DA:7,1
DA:8,1
DA:9,1
DA:10,1
DA:16,1
DA:26,1
DA:27,1
DA:28,1
DA:29,1
DA:30,1
DA:36,3
DA:44,1
DA:45,1
DA:47,1
DA:48,1
DA:50,1
DA:52,1
DA:54,1
DA:55,1
DA:56,2
DA:57,1
DA:60,1
DA:62,1
DA:63,1
DA:70,4
DA:90,1
DA:91,1
DA:93,1
DA:94,1
DA:96,1
DA:97,1
DA:98,1
DA:99,1
DA:100,1
DA:101,2
DA:102,1
DA:103,2
DA:104,1
DA:109,1
DA:110,1
DA:111,1
DA:112,0
DA:118,0
DA:126,0
DA:127,0
DA:129,0
DA:130,0
DA:132,0
DA:133,0
DA:140,2
DA:152,0
DA:153,0
DA:154,0
DA:155,0
DA:156,0
DA:157,0
DA:163,1
DA:173,1
DA:174,1
DA:175,1
DA:176,1
DA:177,1
DA:183,1
DA:188,1
DA:189,1
DA:190,1
DA:191,1
DA:197,2
DA:217,1
DA:218,1
DA:220,1
DA:221,1
DA:223,1
DA:225,1
DA:226,1
DA:229,2
DA:231,2
DA:233,1
DA:234,1
DA:235,1
DA:236,1
DA:238,1
DA:239,1
DA:242,1
DA:243,1
DA:246,1
DA:247,1
DA:250,1
LF:89
LH:75
end_of_record
SF:lib\contracts\profile\models.dart
DA:11,2
DA:20,1
DA:25,1
DA:26,1
DA:27,1
DA:28,1
DA:29,1
DA:35,1
DA:43,1
DA:44,1
DA:45,1
DA:46,1
DA:47,1
DA:48,1
DA:49,1
DA:55,1
DA:67,1
DA:68,1
DA:69,1
DA:70,1
DA:71,1
DA:72,0
DA:76,1
DA:80,1
DA:81,1
DA:82,1
DA:83,1
DA:88,2
DA:89,10
LF:29
LH:28
end_of_record
SF:lib\core\auth\supabase_auth_repository.dart
DA:20,2
DA:26,2
DA:27,1
DA:31,0
DA:32,4
DA:35,6
DA:36,2
DA:37,6
DA:40,11
DA:41,1
DA:42,1
DA:43,3
DA:60,0
DA:61,0
DA:63,0
DA:65,0
DA:66,0
DA:67,0
DA:70,0
DA:72,0
DA:73,0
DA:74,0
DA:76,0
DA:78,0
DA:79,0
DA:82,0
DA:83,0
DA:85,0
DA:87,0
DA:88,0
DA:89,0
DA:91,0
DA:94,0
DA:98,1
DA:100,2
DA:101,0
DA:103,2
DA:104,0
DA:107,1
DA:109,2
DA:110,2
DA:115,2
DA:120,1
DA:122,1
DA:123,2
DA:124,2
DA:127,2
DA:128,4
DA:133,2
DA:134,2
DA:139,0
DA:142,0
DA:143,0
DA:149,0
DA:150,0
DA:155,0
DA:162,0
DA:166,0
DA:169,0
DA:172,0
DA:175,0
DA:176,0
DA:177,0
DA:180,1
DA:185,1
DA:194,1
DA:200,0
DA:201,0
DA:202,0
DA:204,0
DA:205,0
DA:206,0
DA:207,0
DA:208,0
DA:209,0
DA:217,1
DA:220,1
DA:221,1
DA:223,4
DA:224,1
DA:227,0
DA:229,0
DA:233,0
DA:234,0
DA:235,0
DA:239,0
DA:240,0
DA:246,0
DA:249,0
DA:253,0
DA:254,0
DA:256,0
DA:261,0
DA:263,0
DA:269,0
DA:271,0
DA:272,0
DA:273,0
DA:278,0
DA:279,0
DA:280,0
DA:281,0
DA:284,0
DA:292,1
DA:293,1
DA:294,1
DA:295,1
DA:298,0
DA:299,0
DA:301,0
DA:302,0
DA:308,0
DA:319,2
DA:321,0
DA:322,0
DA:324,0
DA:328,0
LF:117
LH:39
end_of_record
SF:lib\core\logging\debug_logger.dart
DA:8,2
DA:12,4
DA:14,4
DA:16,5
DA:18,5
DA:20,3
DA:26,3
DA:34,3
DA:40,3
DA:48,7
DA:56,7
DA:58,7
DA:59,0
DA:67,7
DA:68,7
DA:69,7
DA:70,5
DA:71,3
LF:18
LH:17
end_of_record
SF:lib\contracts\auth\ports\auth_repository.dart
DA:4,0
LF:1
LH:0
end_of_record
SF:lib\core\config\app_config.dart
DA:27,1
DA:28,1
DA:29,2
DA:30,2
DA:31,2
DA:32,2
DA:33,2
DA:34,2
DA:35,2
DA:36,1
DA:37,3
LF:11
LH:11
end_of_record
SF:lib\core\logging\logger.dart
DA:16,0
DA:17,0
DA:19,1
DA:20,1
DA:22,1
DA:27,1
DA:35,1
DA:40,1
LF:8
LH:6
end_of_record
SF:lib\core\logging\enums\log_level.dart
DA:5,0
DA:6,0
DA:7,0
DA:8,0
DA:9,0
LF:5
LH:0
end_of_record
SF:lib\app\di\compose.dart
DA:13,1
DA:15,1
DA:18,2
DA:19,2
DA:20,2
DA:21,2
DA:22,2
DA:23,2
DA:24,2
LF:9
LH:9
end_of_record
SF:lib\core\di\locator.dart
DA:24,30
DA:26,1
DA:27,1
DA:28,1
DA:29,2
DA:31,1
DA:32,0
DA:36,2
DA:37,4
DA:39,2
DA:40,4
DA:42,4
DA:43,4
DA:44,2
DA:45,3
DA:47,2
DA:48,2
DA:50,2
DA:51,1
DA:53,4
DA:54,2
DA:55,2
DA:56,2
DA:59,2
DA:60,2
DA:62,4
DA:63,2
DA:66,2
DA:67,1
DA:71,1
DA:72,2
DA:73,2
LF:32
LH:31
end_of_record
SF:lib\contracts\app_version\ports\app_version_repository.dart
DA:2,1
LF:1
LH:1
end_of_record
SF:lib\core\network\connectivity_monitor.dart
DA:10,1
DA:11,1
DA:22,0
DA:23,0
DA:25,1
DA:26,1
DA:27,1
DA:28,5
DA:29,2
DA:31,1
DA:34,1
DA:35,2
DA:36,1
DA:42,0
DA:43,0
DA:44,0
DA:47,1
DA:51,2
DA:52,1
DA:53,2
DA:54,2
DA:60,1
DA:61,1
LF:23
LH:18
end_of_record
SF:lib\contracts\onboarding\ports\onboarding_repository.dart
DA:9,4
DA:25,1
DA:26,1
DA:28,2
DA:29,1
DA:31,1
DA:32,1
DA:34,1
DA:35,1
DA:37,1
DA:39,1
DA:41,1
DA:45,1
DA:49,1
DA:55,1
DA:67,1
DA:68,1
DA:69,1
DA:70,1
DA:71,1
DA:72,2
DA:74,1
DA:75,4
DA:78,1
DA:79,4
DA:86,1
DA:96,1
DA:97,1
DA:98,1
DA:99,1
DA:100,1
LF:31
LH:31
end_of_record
SF:lib\core\notifications\device_token_provider.dart
DA:10,3
DA:12,0
DA:13,0
LF:3
LH:1
end_of_record
SF:lib\core\notifications\profile_update_notifier.dart
DA:10,6
DA:12,1
DA:13,2
DA:14,2
DA:17,2
DA:18,4
LF:6
LH:6
end_of_record
SF:lib\core\purchases\revenuecat_service.dart
DA:7,3
DA:26,0
DA:29,0
DA:30,0
DA:32,0
DA:34,0
DA:36,0
DA:37,0
DA:38,0
DA:42,0
DA:45,0
DA:46,0
DA:47,0
DA:50,0
DA:51,0
DA:53,0
DA:54,0
DA:56,0
DA:58,0
DA:59,0
DA:60,0
DA:61,0
DA:67,0
DA:69,0
DA:70,0
DA:73,0
DA:80,0
DA:81,0
DA:82,0
DA:83,0
DA:84,0
LF:31
LH:1
end_of_record
SF:lib\core\time\iana_timezone_resolver.dart
DA:10,4
DA:14,0
DA:15,0
DA:16,0
DA:17,0
DA:19,0
DA:20,0
DA:21,0
DA:24,0
DA:25,0
DA:27,0
DA:28,0
DA:35,0
DA:36,0
DA:38,0
DA:39,0
DA:40,0
DA:41,0
DA:42,0
DA:43,0
DA:44,0
DA:47,0
DA:48,0
DA:49,0
DA:50,0
DA:52,0
DA:53,0
DA:58,0
DA:60,0
DA:61,0
DA:71,6
DA:79,2
DA:80,1
DA:81,2
DA:82,1
DA:89,6
DA:90,4
DA:91,6
DA:95,2
DA:96,1
DA:100,2
DA:108,2
LF:42
LH:13
end_of_record
SF:lib\features\flow\flow_di.dart
DA:5,1
DA:6,1
DA:7,1
DA:8,2
LF:4
LH:4
end_of_record
SF:lib\features\home\home_di.dart
DA:5,1
DA:6,1
DA:7,3
LF:3
LH:3
end_of_record
SF:lib\features\paywall\paywall_di.dart
DA:7,1
DA:8,1
DA:9,1
DA:10,2
DA:13,1
DA:14,1
DA:15,0
LF:7
LH:6
end_of_record
SF:lib\features\share\share_di.dart
DA:7,1
DA:8,1
DA:9,1
DA:10,2
DA:13,1
DA:14,1
DA:15,0
LF:7
LH:6
end_of_record
SF:lib\features\harmony\harmony_di.dart
DA:5,1
DA:6,1
DA:7,3
LF:3
LH:3
end_of_record
SF:lib\features\profile_settings\profile_settings_di.dart
DA:5,1
DA:6,1
DA:7,1
DA:8,2
LF:4
LH:4
end_of_record
SF:lib\features\preferences\preferences_di.dart
DA:7,1
DA:8,1
DA:9,1
DA:10,0
DA:13,1
DA:14,1
DA:15,0
LF:7
LH:5
end_of_record
SF:lib\contracts\flow\enums\flow_list_filter.dart
DA:6,0
DA:8,0
DA:10,0
DA:17,0
DA:19,0
DA:21,0
DA:23,0
LF:7
LH:0
end_of_record
SF:lib\contracts\flow\flow_chore_outcome.dart
DA:7,1
LF:1
LH:1
end_of_record
SF:lib\contracts\media\ports\media_repository.dart
DA:6,0
LF:1
LH:0
end_of_record
SF:lib\contracts\share\share_edit_route_args.dart
DA:2,3
LF:1
LH:1
end_of_record
SF:lib\core\account\data\supabase\supabase_account_repository.dart
DA:5,1
DA:6,2
DA:10,0
DA:14,0
LF:4
LH:2
end_of_record
SF:lib\core\app_version\supabase_app_version_repository.dart
DA:7,1
DA:8,2
DA:12,0
DA:16,0
DA:18,0
DA:20,0
DA:21,0
DA:23,0
DA:25,0
DA:27,0
DA:28,0
DA:29,0
DA:30,0
DA:31,0
LF:14
LH:2
end_of_record
SF:lib\core\auth\bloc\auth_state.dart
DA:4,6
DA:22,6
DA:23,0
DA:24,0
DA:26,2
DA:35,2
DA:36,1
DA:37,3
DA:38,1
DA:40,3
DA:41,1
DA:43,2
DA:44,1
DA:46,1
DA:52,2
DA:53,2
DA:54,2
DA:55,2
DA:56,2
DA:57,2
DA:58,2
DA:59,2
DA:60,2
LF:23
LH:21
end_of_record
SF:lib\core\auth\bloc\auth_event.dart
DA:4,2
DA:6,0
DA:7,0
DA:11,0
DA:15,0
DA:19,0
DA:23,0
DA:27,0
DA:31,0
DA:35,2
DA:39,0
DA:40,0
LF:12
LH:2
end_of_record
SF:lib\core\auth\bloc\auth_bloc.dart
DA:21,2
DA:28,2
DA:29,4
DA:30,4
DA:31,4
DA:32,4
DA:33,4
DA:34,4
DA:35,4
DA:37,8
DA:38,3
DA:40,8
DA:52,2
DA:56,2
DA:58,2
DA:59,4
DA:72,1
DA:73,2
DA:75,1
DA:83,1
DA:85,1
DA:88,1
DA:92,3
DA:95,1
DA:99,3
DA:102,1
DA:106,3
DA:109,1
DA:113,3
DA:115,1
DA:116,3
DA:118,1
DA:119,3
DA:124,1
DA:125,1
DA:126,1
DA:129,0
DA:130,0
DA:131,0
DA:135,1
DA:139,2
DA:140,1
DA:143,1
DA:144,2
DA:146,3
DA:150,3
DA:152,1
DA:155,3
DA:156,1
DA:158,1
DA:159,2
DA:170,1
DA:171,2
DA:180,0
DA:184,0
DA:187,1
DA:188,1
DA:190,2
DA:192,0
DA:200,0
DA:201,0
DA:210,0
DA:213,0
DA:216,0
DA:221,1
DA:222,1
DA:223,1
DA:224,1
DA:230,1
DA:232,2
DA:234,2
DA:237,2
DA:238,1
DA:241,0
DA:244,2
DA:246,4
DA:247,2
LF:77
LH:65
end_of_record
SF:lib\core\logging\sentry_logger.dart
DA:10,1
DA:14,1
DA:22,2
DA:30,1
DA:33,0
DA:35,0
DA:36,0
DA:39,0
DA:43,0
DA:44,0
DA:47,0
DA:52,0
DA:53,0
DA:54,0
DA:57,0
DA:58,0
DA:60,0
DA:63,0
DA:69,0
DA:70,0
DA:75,0
DA:76,0
DA:77,0
LF:23
LH:4
end_of_record
SF:lib\core\notifications\data\supabase\supabase_notifications_repository.dart
DA:6,1
DA:9,2
DA:15,0
DA:26,0
DA:33,0
DA:44,0
DA:45,0
DA:59,0
DA:67,0
DA:79,0
DA:85,0
DA:87,0
DA:93,0
DA:98,0
DA:100,0
DA:106,0
DA:107,0
DA:108,0
DA:109,0
DA:110,0
DA:111,0
DA:113,0
DA:116,0
DA:118,0
DA:122,0
DA:132,0
DA:134,0
DA:145,0
LF:28
LH:2
end_of_record
SF:lib\core\onboarding\data\supabase\supabase_onboarding_repository.dart
DA:6,1
DA:7,2
DA:11,0
DA:13,0
DA:14,0
DA:15,0
DA:17,0
DA:18,0
LF:8
LH:2
end_of_record
SF:lib\core\supabase\storage_path_resolver.dart
DA:4,1
DA:5,0
DA:9,1
DA:10,2
DA:19,2
DA:21,1
DA:22,1
DA:23,2
DA:27,1
DA:31,2
DA:32,1
DA:33,2
DA:37,1
DA:47,1
DA:48,3
LF:15
LH:14
end_of_record
SF:lib\core\media\expectation_photo_service.dart
DA:9,2
DA:17,0
DA:20,0
DA:26,0
DA:30,0
DA:32,0
DA:35,0
DA:43,0
DA:46,0
DA:47,0
DA:50,0
DA:54,0
DA:55,0
DA:56,0
DA:57,0
DA:58,0
DA:60,0
DA:61,0
DA:62,0
DA:63,0
LF:20
LH:1
end_of_record
SF:lib\core\media\supabase_media_repository.dart
DA:9,0
DA:10,0
DA:15,0
DA:23,0
DA:28,0
DA:29,0
DA:30,0
DA:39,0
DA:41,0
DA:48,0
DA:52,0
DA:53,0
DA:54,0
DA:55,0
DA:58,0
DA:59,0
DA:60,0
DA:63,0
DA:64,0
DA:65,0
DA:68,0
LF:21
LH:0
end_of_record
SF:lib\core\notifications\notification_preferences.dart
DA:2,0
DA:14,0
DA:15,0
DA:16,0
DA:17,0
DA:18,0
DA:19,0
LF:7
LH:0
end_of_record
SF:lib\core\notifications\notification_sync_state.dart
DA:7,0
DA:9,0
DA:10,0
LF:3
LH:0
end_of_record
SF:lib\core\notifications\notification_token_bootstrap.dart
DA:10,0
DA:33,0
DA:47,0
DA:49,0
DA:50,0
DA:54,0
DA:57,0
DA:58,0
DA:59,0
DA:60,0
DA:63,0
DA:65,0
DA:67,0
DA:68,0
DA:76,0
DA:77,0
DA:80,0
DA:81,0
DA:82,0
DA:83,0
DA:84,0
DA:85,0
DA:86,0
DA:88,0
DA:92,0
DA:93,0
DA:96,0
DA:97,0
DA:99,0
DA:101,0
DA:103,0
DA:104,0
DA:105,0
DA:107,0
DA:108,0
DA:117,0
DA:119,0
DA:120,0
DA:122,0
DA:123,0
LF:40
LH:0
end_of_record
SF:lib\core\profile\profile_error_mapper.dart
DA:12,1
DA:14,1
DA:15,3
DA:19,0
DA:22,1
DA:23,1
DA:25,1
DA:26,1
DA:28,1
DA:32,1
DA:33,2
DA:36,2
DA:39,1
DA:40,1
DA:51,2
DA:53,1
DA:55,1
DA:56,1
DA:60,1
DA:62,1
DA:63,1
DA:64,1
DA:65,2
DA:66,1
DA:68,2
DA:69,1
DA:74,1
DA:83,1
LF:28
LH:27
end_of_record
SF:lib\renderer\material\share\kinly_share_scaffold.dart
DA:27,0
DA:63,0
DA:65,0
DA:66,0
DA:67,0
DA:68,0
DA:69,0
DA:70,0
DA:71,0
DA:72,0
DA:75,0
DA:77,0
DA:78,0
DA:79,0
DA:80,0
DA:82,0
DA:83,0
DA:84,0
DA:85,0
DA:88,0
DA:89,0
DA:90,0
DA:95,0
DA:97,0
DA:98,0
DA:99,0
DA:101,0
DA:102,0
DA:103,0
DA:112,0
DA:113,0
DA:115,0
LF:32
LH:0
end_of_record
SF:lib\core\supabase\enums\mood_error_code.dart
DA:15,4
DA:17,0
DA:18,0
LF:3
LH:1
end_of_record
SF:lib\core\supabase\enums\nps_submit_error_code.dart
DA:15,1
DA:17,0
DA:18,0
LF:3
LH:1
end_of_record
SF:lib\core\supabase\supabase_error_mapper.dart
DA:22,4
DA:24,1
DA:25,3
DA:33,1
DA:35,0
DA:36,0
DA:40,0
DA:43,1
DA:44,1
DA:47,2
DA:49,2
DA:50,2
DA:51,1
DA:52,1
DA:55,2
DA:59,1
DA:60,1
DA:63,1
DA:64,1
DA:66,2
DA:67,2
DA:68,1
DA:69,1
DA:72,0
DA:73,0
DA:77,1
DA:78,1
DA:81,1
DA:82,1
DA:84,2
DA:85,2
DA:86,1
DA:87,1
DA:90,0
DA:91,0
DA:95,1
DA:96,1
DA:99,0
DA:100,0
DA:102,2
DA:103,2
DA:104,1
DA:105,1
DA:108,0
DA:109,0
DA:113,1
DA:114,1
DA:117,0
DA:121,1
DA:122,2
DA:125,3
DA:126,3
DA:129,1
DA:131,1
DA:132,1
DA:136,0
DA:143,1
DA:144,1
DA:147,0
DA:148,0
DA:150,2
DA:151,2
DA:152,1
DA:153,1
DA:156,0
DA:157,0
DA:161,1
DA:162,1
DA:165,0
DA:167,2
DA:168,2
DA:169,1
DA:170,1
DA:173,0
DA:177,1
DA:178,1
DA:181,0
DA:182,0
DA:184,2
DA:185,2
DA:186,1
DA:187,1
DA:190,0
DA:191,0
DA:195,1
DA:196,1
DA:199,0
DA:200,0
DA:202,2
DA:203,2
DA:204,1
DA:205,1
DA:208,0
DA:209,0
DA:213,1
DA:214,1
DA:217,0
DA:218,0
DA:220,2
DA:221,2
DA:222,1
DA:223,1
DA:226,0
DA:227,0
DA:231,1
DA:233,1
DA:234,1
DA:235,1
DA:236,2
DA:237,1
DA:239,2
DA:240,1
DA:245,1
DA:249,1
DA:250,1
DA:251,2
DA:253,1
DA:254,2
DA:255,2
DA:256,3
DA:258,0
DA:262,1
DA:263,1
DA:264,2
DA:266,1
DA:267,2
DA:268,2
DA:269,3
DA:271,0
DA:279,1
DA:282,1
DA:288,1
DA:289,2
DA:291,1
DA:292,2
DA:293,1
DA:295,2
DA:419,1
DA:420,0
DA:421,0
DA:428,1
DA:429,0
DA:430,0
DA:437,1
DA:438,0
DA:439,0
DA:446,1
DA:447,0
DA:448,0
DA:455,1
DA:456,0
DA:457,0
DA:464,1
DA:465,0
DA:466,0
DA:473,5
DA:475,1
DA:476,3
DA:484,5
DA:486,1
DA:487,3
LF:161
LH:116
end_of_record
SF:lib\renderer\material\theme\app_sizes.dart
DA:7,4
DA:38,0
DA:48,0
DA:49,0
DA:50,0
DA:51,0
DA:52,0
DA:53,0
DA:54,0
DA:55,0
DA:59,4
DA:61,4
DA:63,16
DA:65,4
DA:66,12
DA:67,12
DA:68,12
DA:69,12
DA:70,12
DA:71,12
DA:72,12
LF:21
LH:12
end_of_record
SF:lib\renderer\material\theme\radius.dart
DA:7,4
DA:35,0
DA:36,42
DA:37,6
DA:38,14
DA:40,0
DA:49,0
DA:50,0
DA:51,0
DA:52,0
DA:53,0
DA:54,0
DA:55,0
DA:59,4
DA:61,4
DA:63,16
DA:65,4
DA:66,12
DA:67,12
DA:68,12
DA:69,12
DA:70,12
DA:71,12
LF:23
LH:14
end_of_record
SF:lib\renderer\material\theme\spacing.dart
DA:9,5
DA:45,60
DA:46,44
DA:47,64
DA:49,0
DA:60,0
DA:61,0
DA:62,0
DA:63,0
DA:64,0
DA:65,0
DA:66,0
DA:67,0
DA:68,0
DA:72,5
DA:74,5
DA:76,20
DA:78,5
DA:79,15
DA:80,15
DA:81,15
DA:82,15
DA:83,15
DA:84,15
DA:85,15
DA:86,15
LF:26
LH:16
end_of_record
SF:lib\renderer\material\theme\typography_tokens.dart
DA:7,30
DA:35,30
DA:38,30
DA:40,60
DA:45,30
DA:46,30
DA:48,30
DA:49,30
DA:50,30
DA:51,30
DA:52,30
DA:53,30
DA:54,30
DA:55,30
DA:56,30
DA:57,30
DA:58,30
DA:59,30
DA:60,30
DA:64,0
DA:79,0
DA:80,0
DA:81,0
DA:82,0
DA:83,0
DA:84,0
DA:85,0
DA:86,0
DA:87,0
DA:88,0
DA:89,0
DA:90,0
DA:91,0
DA:95,4
DA:97,4
DA:98,4
DA:99,12
DA:100,12
DA:101,12
DA:102,12
DA:103,12
DA:104,12
DA:105,12
DA:106,12
DA:107,12
DA:108,12
DA:109,12
DA:110,12
LF:48
LH:34
end_of_record
SF:lib\core\time\date_only.dart
DA:1,8
DA:2,32
DA:4,6
LF:3
LH:3
end_of_record
SF:lib\renderer\material\ui\action_bar\kinly_action_bar.dart
DA:10,3
DA:28,3
DA:41,3
DA:43,3
DA:44,3
DA:45,1
DA:50,3
DA:51,6
DA:53,3
DA:54,1
DA:55,1
DA:56,1
DA:57,1
DA:58,1
DA:61,3
DA:63,3
DA:66,3
DA:67,6
DA:68,5
DA:69,4
DA:70,4
DA:77,3
DA:78,6
DA:80,6
DA:81,2
DA:84,2
DA:86,3
DA:89,3
DA:90,3
DA:93,3
DA:95,0
DA:97,0
DA:98,0
LF:33
LH:30
end_of_record
SF:lib\renderer\material\ui\badges\kinly_badge.dart
DA:11,4
DA:53,5
DA:55,5
DA:56,5
DA:57,5
DA:58,5
DA:60,5
DA:61,0
DA:62,5
DA:64,10
DA:65,10
DA:67,15
DA:68,2
DA:71,10
DA:73,5
DA:75,11
DA:76,6
DA:77,7
DA:78,5
DA:80,5
DA:82,5
DA:83,5
DA:84,5
DA:85,5
DA:86,5
DA:87,5
DA:90,5
DA:91,5
DA:97,5
DA:99,5
DA:101,5
DA:102,5
DA:103,5
DA:104,5
DA:105,6
DA:106,6
DA:115,5
DA:119,6
DA:120,1
DA:121,1
DA:122,1
DA:125,5
DA:126,2
DA:127,2
DA:128,2
DA:131,5
DA:132,2
DA:133,2
DA:134,6
DA:137,3
DA:138,3
DA:139,3
DA:145,5
LF:53
LH:52
end_of_record
SF:lib\renderer\material\ui\buttons\kinly_fab.dart
DA:11,6
DA:30,6
DA:32,6
DA:34,6
DA:35,0
DA:38,12
DA:39,12
DA:41,6
DA:42,6
DA:43,6
DA:44,6
DA:47,6
DA:48,12
LF:13
LH:12
end_of_record
SF:lib\renderer\material\ui\buttons\kinly_filled_button.dart
DA:17,22
DA:29,1
DA:39,1
DA:42,1
DA:52,0
DA:61,0
DA:74,21
DA:83,21
DA:96,0
DA:104,0
DA:123,22
DA:126,87
DA:130,22
DA:131,22
DA:132,22
DA:134,22
DA:135,24
DA:136,22
DA:137,22
DA:139,44
DA:140,44
DA:142,22
DA:143,22
DA:145,22
DA:149,22
DA:151,22
DA:152,22
DA:153,31
DA:154,22
DA:155,22
DA:156,38
DA:160,34
DA:161,12
DA:162,24
DA:163,36
DA:168,22
DA:169,22
DA:170,22
DA:175,40
DA:177,22
DA:179,22
DA:180,43
DA:185,22
DA:186,22
DA:187,42
DA:189,1
DA:192,1
DA:193,1
DA:194,2
DA:195,3
DA:200,22
DA:207,1
DA:208,1
DA:209,1
DA:211,1
DA:212,1
DA:213,1
DA:217,9
DA:218,9
DA:219,9
DA:221,19
DA:222,19
DA:223,19
DA:229,22
LF:64
LH:60
end_of_record
SF:lib\renderer\material\ui\buttons\kinly_outlined_button.dart
DA:18,8
DA:29,1
DA:38,1
DA:41,1
DA:50,7
DA:58,7
DA:76,8
DA:79,31
DA:83,8
DA:84,8
DA:85,8
DA:86,8
DA:88,8
DA:89,6
DA:90,8
DA:94,8
DA:96,8
DA:98,16
DA:99,16
DA:102,8
DA:103,1
DA:105,1
DA:106,1
DA:107,2
DA:108,3
DA:111,14
DA:114,8
DA:116,8
DA:117,8
DA:120,8
DA:121,15
DA:124,6
DA:125,6
DA:128,8
DA:129,0
DA:130,0
DA:131,0
DA:136,8
DA:137,8
DA:138,8
DA:143,11
DA:145,8
DA:147,8
DA:148,15
LF:44
LH:41
end_of_record
SF:lib\renderer\material\ui\dialogs\kinly_dialogs.dart
DA:5,0
DA:13,0
DA:16,0
DA:22,0
DA:23,0
DA:28,0
DA:34,0
DA:37,0
DA:41,0
LF:9
LH:0
end_of_record
SF:lib\renderer\material\ui\feedback\kinly_info_banner.dart
DA:12,0
DA:25,0
DA:27,0
DA:28,0
DA:29,0
DA:31,0
DA:32,0
DA:33,0
DA:34,0
DA:36,0
DA:37,0
DA:39,0
DA:40,0
DA:41,0
DA:42,0
DA:44,0
DA:46,0
DA:48,0
DA:49,0
DA:50,0
DA:51,0
DA:52,0
DA:53,0
DA:54,0
DA:55,0
DA:58,0
DA:59,0
DA:60,0
DA:67,0
DA:68,0
DA:69,0
DA:70,0
DA:71,0
DA:72,0
DA:73,0
DA:74,0
DA:75,0
DA:76,0
DA:80,0
DA:81,0
DA:82,0
DA:83,0
DA:84,0
DA:85,0
DA:86,0
DA:87,0
DA:88,0
LF:47
LH:0
end_of_record
SF:lib\renderer\material\ui\harmony\kinly_weather_selector_row.dart
DA:8,1
DA:23,1
DA:44,1
DA:46,2
DA:47,1
DA:48,1
DA:49,1
DA:50,2
DA:51,1
DA:52,1
DA:53,1
DA:55,2
DA:56,1
DA:57,1
DA:58,1
DA:59,1
DA:60,1
DA:67,1
DA:68,1
DA:69,1
DA:70,1
DA:71,4
DA:72,1
DA:73,1
DA:75,1
LF:25
LH:25
end_of_record
SF:lib\renderer\material\ui\inputs\kinly_dropdown_field.dart
DA:11,1
DA:28,1
DA:30,1
DA:32,1
DA:33,3
DA:34,1
DA:35,1
DA:36,1
DA:38,1
DA:39,1
DA:40,1
DA:41,1
DA:43,2
DA:45,1
DA:48,1
DA:49,1
DA:50,1
DA:51,1
DA:52,1
DA:53,1
DA:54,1
DA:55,1
DA:57,1
DA:58,1
DA:59,1
DA:60,1
DA:61,1
DA:62,1
DA:64,1
DA:65,1
DA:66,1
DA:67,1
DA:68,1
DA:70,0
DA:71,4
DA:73,0
DA:74,4
DA:76,2
DA:77,1
DA:78,1
DA:79,1
LF:41
LH:39
end_of_record
SF:lib\renderer\material\ui\inputs\kinly_text_field.dart
DA:13,4
DA:52,4
DA:54,4
DA:56,4
DA:57,3
DA:58,4
DA:59,4
DA:60,4
DA:62,7
DA:63,4
DA:64,4
DA:65,4
DA:67,4
DA:68,4
DA:69,4
DA:70,4
DA:71,4
DA:72,4
DA:73,4
DA:74,4
DA:75,4
DA:76,4
DA:77,4
DA:78,4
DA:79,5
DA:81,4
DA:83,4
DA:84,4
DA:85,4
DA:86,4
DA:87,4
DA:88,4
DA:90,4
DA:91,4
DA:92,4
DA:93,4
DA:94,4
DA:95,4
DA:97,4
DA:99,4
DA:101,4
DA:103,4
DA:105,4
DA:107,4
DA:109,4
DA:111,4
DA:113,4
DA:115,4
DA:118,3
DA:119,4
DA:121,3
DA:122,4
LF:52
LH:52
end_of_record
SF:lib\renderer\material\ui\kinly_action_card.dart
DA:11,2
DA:24,2
DA:26,2
DA:27,2
DA:28,2
DA:29,2
DA:31,2
DA:32,0
DA:34,2
DA:36,2
DA:38,2
DA:39,2
DA:40,2
DA:42,4
DA:44,2
DA:48,2
DA:52,0
DA:54,0
DA:55,0
DA:57,0
DA:58,0
DA:59,0
DA:60,0
DA:61,0
LF:24
LH:15
end_of_record
SF:lib\renderer\material\ui\kinly_circle_avatar.dart
DA:15,13
DA:23,13
DA:25,26
DA:26,13
DA:28,13
DA:29,9
DA:31,13
DA:32,9
DA:35,13
DA:37,13
DA:40,26
DA:41,13
DA:43,13
DA:44,0
DA:46,13
DA:48,13
DA:49,4
DA:50,8
DA:51,12
DA:52,4
DA:56,0
DA:57,0
DA:58,0
DA:59,0
DA:62,0
DA:63,0
DA:65,0
DA:75,13
DA:76,13
DA:77,13
DA:78,13
DA:81,13
DA:82,13
DA:84,13
DA:86,13
DA:91,13
DA:92,13
DA:93,13
DA:94,13
DA:97,13
DA:98,13
DA:99,17
DA:105,13
DA:108,13
DA:109,13
DA:110,65
LF:46
LH:38
end_of_record
SF:lib\renderer\material\ui\kinly_comment_box.dart
DA:11,1
DA:28,1
DA:30,1
DA:31,1
DA:33,1
DA:34,3
DA:35,1
DA:36,1
DA:38,1
DA:39,1
DA:40,1
DA:41,1
DA:42,1
DA:43,1
DA:44,1
DA:45,1
DA:49,1
DA:50,1
DA:51,1
DA:52,1
DA:53,1
DA:55,1
DA:56,1
DA:57,1
DA:59,1
DA:60,1
DA:61,1
LF:27
LH:27
end_of_record
SF:lib\renderer\material\ui\kinly_date_picker.dart
DA:6,1
DA:12,1
DA:17,1
DA:18,1
DA:19,2
DA:20,1
DA:21,1
DA:22,1
DA:23,1
DA:24,2
DA:25,1
DA:26,1
DA:27,2
DA:28,1
DA:29,0
DA:31,1
DA:33,2
DA:34,1
DA:35,0
DA:40,1
DA:41,1
DA:42,2
DA:52,0
DA:58,0
DA:60,0
DA:61,0
DA:62,0
DA:65,0
LF:28
LH:20
end_of_record
SF:lib\renderer\material\kinly_dropdown_menu_item.dart
DA:4,0
DA:6,1
DA:10,1
LF:3
LH:2
end_of_record
SF:lib\renderer\material\kinly_expansion_tile.dart
DA:4,0
DA:29,0
DA:31,0
DA:32,0
DA:33,0
DA:34,0
DA:35,0
DA:36,0
DA:37,0
DA:38,0
DA:39,0
DA:40,0
DA:41,0
LF:13
LH:0
end_of_record
SF:lib\renderer\material\kinly_icon_button.dart
DA:4,5
DA:19,5
DA:21,5
DA:22,10
DA:23,5
DA:24,5
DA:25,5
DA:26,5
LF:8
LH:8
end_of_record
SF:lib\renderer\material\kinly_linear_progress_indicator.dart
DA:4,1
DA:17,1
DA:19,1
DA:20,1
DA:21,1
DA:22,1
DA:23,1
LF:7
LH:7
end_of_record
SF:lib\renderer\material\ui\kinly_list_tile.dart
DA:12,7
DA:31,7
DA:34,27
DA:37,7
DA:38,7
DA:39,7
DA:40,3
DA:41,7
DA:42,7
DA:43,7
DA:46,7
DA:47,7
DA:48,7
DA:49,7
DA:50,7
DA:51,7
DA:54,7
DA:56,7
DA:58,7
DA:59,7
DA:60,7
DA:61,15
DA:62,7
DA:66,7
DA:68,5
DA:69,5
DA:70,6
DA:71,5
DA:72,10
DA:73,5
DA:77,7
DA:78,7
DA:79,7
DA:80,13
DA:82,7
DA:87,30
DA:90,13
DA:92,7
DA:93,7
DA:94,7
LF:40
LH:40
end_of_record
SF:lib\renderer\material\ui\kinly_masonry_grid.dart
DA:12,2
DA:36,2
DA:38,2
DA:39,2
DA:40,2
DA:41,4
DA:42,2
DA:43,2
DA:46,2
DA:48,4
DA:50,2
DA:51,2
DA:53,2
DA:54,2
DA:55,0
DA:57,2
DA:59,2
DA:60,2
DA:61,2
DA:63,2
DA:64,2
DA:65,2
DA:66,2
DA:69,2
DA:72,2
DA:73,2
DA:74,2
DA:75,2
DA:78,2
DA:91,2
DA:109,2
DA:111,2
DA:113,2
DA:114,10
DA:115,2
DA:116,12
DA:124,2
DA:126,2
DA:127,2
DA:128,2
DA:129,8
DA:131,4
DA:133,0
DA:134,0
DA:135,0
DA:136,0
DA:137,0
DA:143,2
DA:144,4
DA:145,0
DA:153,4
DA:154,6
DA:156,6
DA:157,4
DA:161,2
DA:168,6
DA:169,2
DA:171,6
DA:172,2
DA:173,2
DA:174,6
DA:175,4
DA:176,4
LF:63
LH:56
end_of_record
SF:lib\renderer\material\kinly_material.dart
DA:4,3
DA:27,3
DA:29,3
DA:30,3
DA:31,3
DA:32,3
DA:33,3
DA:34,3
DA:35,3
DA:36,3
DA:37,3
DA:38,3
LF:12
LH:12
end_of_record
SF:lib\renderer\material\kinly_refresh_indicator.dart
DA:4,2
DA:29,2
DA:31,2
DA:32,2
DA:33,2
DA:34,2
DA:35,2
DA:36,2
DA:37,2
DA:38,2
DA:39,2
DA:40,2
DA:41,2
LF:13
LH:13
end_of_record
SF:lib\renderer\material\kinly_scrollbar.dart
DA:4,3
DA:15,3
DA:17,3
DA:18,3
DA:19,3
DA:20,3
LF:6
LH:6
end_of_record
SF:lib\renderer\material\ui\kinly_tab_bar.dart
DA:15,2
DA:36,2
DA:38,2
DA:39,2
DA:40,2
DA:42,2
DA:43,3
DA:44,2
DA:46,2
DA:47,2
DA:49,4
DA:50,2
DA:51,4
DA:52,2
DA:53,4
DA:56,2
DA:57,4
DA:58,1
DA:59,1
DA:60,0
DA:62,3
DA:65,2
DA:66,2
DA:67,3
DA:69,2
DA:70,2
DA:71,2
DA:72,2
DA:75,2
DA:76,2
DA:77,3
DA:80,4
DA:81,2
DA:83,1
DA:85,2
DA:87,4
DA:88,2
DA:90,1
DA:92,2
DA:94,4
DA:95,2
DA:96,3
DA:97,2
LF:43
LH:42
end_of_record
SF:lib\renderer\material\ui\kinly_tap_target.dart
DA:4,13
DA:19,13
DA:21,13
DA:22,39
DA:23,13
DA:25,13
DA:26,13
DA:27,13
DA:28,39
LF:9
LH:9
end_of_record
SF:lib\renderer\material\ui\members\kinly_member_avatar_stack.dart
DA:13,3
DA:26,3
DA:28,6
DA:29,12
DA:30,12
DA:32,6
DA:33,18
DA:35,6
DA:36,4
DA:37,6
DA:38,3
DA:39,3
DA:40,10
DA:44,3
DA:45,6
DA:46,6
DA:47,3
DA:49,3
DA:50,9
DA:51,3
DA:52,3
DA:53,3
DA:54,6
DA:55,6
DA:56,3
DA:58,9
DA:59,9
DA:63,3
DA:64,3
DA:65,6
DA:66,3
DA:67,6
DA:68,6
DA:69,3
DA:72,3
DA:74,3
DA:75,3
DA:76,2
DA:77,4
DA:78,3
DA:81,3
DA:82,3
DA:83,3
DA:84,12
LF:44
LH:44
end_of_record
SF:lib\renderer\material\ui\members\kinly_selectable_member_avatar_row.dart
DA:13,1
DA:32,1
DA:34,1
DA:35,1
DA:36,1
DA:37,2
DA:38,1
DA:39,1
DA:40,1
DA:41,3
DA:43,2
DA:44,1
DA:45,1
DA:46,1
DA:48,4
DA:52,1
DA:53,1
DA:54,1
DA:55,1
DA:57,2
DA:58,1
DA:59,1
LF:22
LH:22
end_of_record
SF:lib\renderer\material\ui\paywall\paywall_gate.dart
DA:20,2
DA:35,2
DA:43,0
DA:50,0
DA:51,0
DA:53,0
DA:55,0
DA:56,0
DA:59,0
DA:63,0
DA:68,0
DA:69,0
DA:70,0
LF:13
LH:2
end_of_record
SF:lib\renderer\material\ui\paywall\paywall_gate_listener.dart
DA:9,0
DA:26,0
DA:28,0
DA:29,0
DA:30,0
DA:31,0
DA:33,0
DA:34,0
DA:35,0
DA:36,0
DA:39,0
DA:43,0
DA:44,0
DA:47,0
DA:48,0
DA:50,0
DA:52,0
DA:55,0
DA:58,0
DA:59,0
DA:61,0
LF:21
LH:0
end_of_record
SF:lib\renderer\material\ui\paywall\paywall_sources.dart
DA:2,0
LF:1
LH:0
end_of_record
SF:lib\renderer\material\ui\scroll\kinly_scroll_fade.dart
DA:7,15
DA:15,45
DA:34,15
DA:37,15
DA:38,0
DA:39,0
DA:40,0
DA:43,0
DA:50,30
DA:52,15
DA:53,0
DA:54,0
DA:55,0
DA:56,0
DA:57,0
DA:59,30
DA:60,0
DA:61,0
DA:62,0
DA:63,0
DA:64,0
DA:67,60
DA:68,15
DA:69,45
DA:70,15
DA:71,15
DA:72,45
DA:76,15
DA:77,0
DA:78,0
DA:81,15
DA:82,15
DA:83,15
DA:88,15
DA:91,15
LF:35
LH:19
end_of_record
SF:lib\renderer\material\ui\selector\kinly_expand_badge.dart
DA:9,2
DA:18,2
DA:20,2
DA:22,2
DA:23,0
DA:24,2
DA:25,2
DA:27,2
DA:28,2
DA:30,2
DA:32,2
DA:34,2
DA:35,2
LF:13
LH:12
end_of_record
SF:lib\renderer\material\ui\snackbars\kinly_snackbar.dart
DA:11,7
DA:12,7
DA:13,7
DA:19,2
DA:20,2
DA:21,2
DA:22,2
DA:23,8
DA:26,2
DA:27,4
DA:28,4
DA:29,4
DA:30,10
DA:33,4
DA:34,4
DA:35,6
DA:38,2
DA:40,4
DA:44,2
DA:45,2
DA:46,2
DA:47,2
DA:48,2
DA:49,2
DA:50,2
DA:51,2
DA:52,2
DA:53,8
DA:55,4
DA:58,8
DA:59,2
DA:60,2
DA:61,4
DA:66,0
DA:67,0
DA:68,0
DA:69,0
DA:77,3
DA:84,9
DA:85,3
DA:86,6
DA:88,3
DA:91,3
DA:99,6
DA:106,18
DA:107,6
DA:108,12
DA:110,6
DA:113,6
DA:121,1
DA:128,3
DA:129,1
DA:130,2
DA:132,1
DA:135,1
DA:143,1
DA:150,3
DA:151,1
DA:152,2
DA:154,1
DA:157,1
DA:165,7
DA:174,7
DA:175,7
DA:176,7
DA:177,7
DA:178,7
DA:180,7
DA:183,2
DA:188,2
DA:189,2
DA:190,2
DA:192,2
DA:193,2
DA:199,7
DA:200,7
DA:202,7
DA:203,2
DA:205,4
DA:207,7
DA:208,7
DA:210,18
DA:219,7
DA:220,7
DA:224,7
DA:225,5
DA:226,5
DA:228,7
DA:229,10
DA:232,2
DA:238,0
LF:91
LH:86
end_of_record
SF:lib\renderer\material\ui\toggles\kinly_checkbox.dart
DA:10,4
DA:19,4
DA:21,4
DA:23,4
DA:24,3
DA:26,4
DA:27,4
DA:28,3
DA:29,4
DA:30,4
DA:31,8
LF:11
LH:11
end_of_record
SF:lib\renderer\material\ui\toggles\kinly_toggle.dart
DA:12,2
DA:30,2
DA:32,2
DA:34,1
DA:36,1
DA:37,0
DA:38,1
DA:40,3
DA:41,1
DA:44,3
DA:45,3
DA:48,1
DA:49,0
DA:50,1
DA:51,1
DA:53,1
DA:55,1
DA:56,3
DA:58,1
DA:59,1
DA:61,1
DA:62,2
DA:63,1
DA:72,1
DA:76,1
DA:77,1
LF:26
LH:24
end_of_record
SF:lib\core\utils\url_validator.dart
DA:1,3
DA:2,3
DA:3,3
DA:5,3
DA:8,6
DA:9,6
DA:10,6
DA:13,4
DA:14,4
DA:15,4
DA:16,3
LF:11
LH:11
end_of_record
SF:lib\features\flow\bloc\flow_chore_event.dart
DA:4,4
DA:6,1
DA:7,1
DA:11,3
DA:16,0
DA:18,1
DA:19,2
DA:24,0
DA:26,1
DA:27,2
DA:32,1
DA:34,1
DA:35,2
DA:40,0
DA:42,1
DA:43,2
DA:48,0
DA:50,1
DA:51,2
DA:56,0
DA:58,1
DA:59,2
DA:64,0
DA:66,1
DA:67,2
DA:72,0
DA:74,1
DA:75,2
DA:80,0
DA:82,1
DA:83,2
DA:87,3
DA:91,3
DA:95,3
DA:100,1
DA:102,1
DA:103,2
DA:108,1
DA:110,1
DA:111,2
LF:40
LH:32
end_of_record
SF:lib\features\flow\bloc\flow_chore_bloc.dart
DA:22,2
DA:34,0
DA:36,2
DA:37,2
DA:39,2
DA:42,4
DA:43,4
DA:44,4
DA:45,4
DA:46,4
DA:47,4
DA:48,4
DA:49,4
DA:50,4
DA:51,4
DA:52,4
DA:53,4
DA:54,4
DA:55,4
DA:56,4
DA:66,1
DA:70,3
DA:72,2
DA:73,2
DA:74,1
DA:78,1
DA:80,0
DA:81,0
DA:82,0
DA:84,0
DA:86,3
DA:88,1
DA:89,0
DA:90,0
DA:93,1
DA:94,2
DA:95,1
DA:97,1
DA:98,2
DA:99,1
DA:100,1
DA:102,2
DA:103,2
DA:106,1
DA:107,2
DA:113,0
DA:118,1
DA:119,3
DA:124,2
DA:128,14
DA:131,1
DA:135,1
DA:136,2
DA:137,4
DA:142,1
DA:146,7
DA:149,1
DA:153,1
DA:154,6
DA:158,3
DA:159,3
DA:160,1
DA:161,2
DA:162,3
DA:170,1
DA:174,2
DA:175,2
DA:176,6
DA:179,1
DA:183,7
DA:186,1
DA:190,7
DA:193,1
DA:197,7
DA:200,2
DA:204,2
DA:205,4
DA:206,8
DA:211,2
DA:215,4
DA:216,2
DA:217,4
DA:225,4
DA:226,2
DA:227,2
DA:229,2
DA:230,4
DA:232,8
DA:236,2
DA:237,2
DA:238,4
DA:240,2
DA:242,6
DA:245,2
DA:246,3
DA:248,2
DA:249,4
DA:251,2
DA:252,6
DA:258,2
DA:262,4
DA:263,2
DA:264,3
DA:268,2
DA:269,4
DA:278,2
DA:279,2
DA:280,4
DA:282,4
DA:283,2
DA:288,1
DA:289,1
DA:290,3
DA:292,2
DA:296,2
DA:297,2
DA:298,0
DA:299,4
DA:300,2
DA:301,3
DA:302,2
DA:309,2
DA:310,4
DA:311,2
DA:312,4
DA:313,3
DA:314,3
DA:315,2
DA:316,4
DA:317,2
DA:318,4
DA:319,2
DA:320,2
DA:328,0
DA:329,0
DA:330,0
DA:331,0
DA:332,0
DA:341,1
DA:342,2
DA:343,2
DA:347,2
DA:348,1
DA:350,1
DA:352,5
DA:353,2
DA:354,1
DA:356,3
DA:357,1
DA:358,2
DA:365,1
DA:366,2
DA:367,1
DA:369,1
DA:382,1
DA:387,1
DA:388,2
DA:394,3
DA:399,2
DA:400,2
DA:401,2
DA:405,1
DA:409,1
DA:410,1
DA:411,2
DA:420,3
DA:421,1
DA:422,2
DA:424,1
DA:428,1
DA:429,1
DA:430,2
DA:433,1
DA:434,1
DA:435,3
DA:439,1
DA:440,2
DA:444,1
DA:445,3
DA:451,1
DA:455,4
DA:458,1
DA:462,3
DA:464,3
DA:465,3
DA:466,1
LF:186
LH:172
end_of_record
SF:lib\features\flow\bloc\flow_chore_state.dart
DA:29,2
DA:56,2
DA:60,2
DA:61,2
DA:62,2
DA:88,2
DA:118,2
DA:119,2
DA:120,2
DA:121,2
DA:122,2
DA:123,2
DA:124,2
DA:125,2
DA:126,2
DA:128,2
DA:130,2
DA:132,2
DA:136,2
DA:140,2
DA:141,2
DA:142,2
DA:144,2
DA:145,2
DA:148,2
DA:149,2
DA:150,2
DA:151,2
DA:152,2
DA:153,2
DA:155,2
DA:159,0
DA:160,0
DA:161,0
DA:162,0
DA:163,0
DA:164,0
DA:165,0
DA:166,0
DA:167,0
DA:168,0
DA:174,2
DA:175,2
DA:176,2
DA:177,2
DA:178,2
DA:179,2
DA:180,2
DA:181,2
DA:182,2
DA:183,2
DA:184,2
DA:185,2
DA:186,2
DA:187,2
DA:188,2
DA:189,2
DA:190,2
DA:191,2
DA:192,2
DA:193,2
DA:194,2
DA:195,2
DA:196,2
DA:197,2
DA:198,2
DA:199,2
LF:67
LH:57
end_of_record
SF:lib\features\flow\domain\flow_chore_form.dart
DA:17,3
DA:28,3
DA:29,4
DA:30,3
DA:42,2
DA:43,2
DA:44,2
DA:45,2
DA:46,4
DA:47,2
DA:48,2
DA:49,2
DA:50,2
DA:51,2
DA:55,3
DA:66,3
DA:67,3
DA:70,3
DA:72,5
DA:74,3
DA:76,3
DA:77,3
DA:78,3
DA:79,3
DA:83,12
DA:84,3
DA:85,9
DA:86,4
DA:87,9
DA:89,1
DA:90,3
DA:91,3
DA:92,3
DA:93,3
DA:94,3
DA:95,3
DA:96,3
DA:97,3
DA:100,3
DA:101,12
DA:102,15
DA:103,21
DA:104,3
DA:107,3
DA:110,3
DA:111,9
DA:112,9
DA:113,9
DA:114,9
DA:115,9
DA:116,9
DA:117,9
DA:118,9
DA:120,1
DA:121,1
DA:122,1
DA:123,1
DA:124,2
DA:125,1
DA:126,1
DA:127,1
DA:128,1
DA:129,1
DA:132,8
DA:134,2
DA:135,8
LF:66
LH:66
end_of_record
SF:lib\features\flow\bloc\flow_chore_detail_event.dart
DA:4,3
DA:6,0
DA:7,0
DA:11,3
DA:15,3
LF:5
LH:3
end_of_record
SF:lib\features\flow\bloc\flow_chore_detail_state.dart
DA:12,5
DA:22,3
DA:23,3
DA:25,2
DA:38,2
DA:39,1
DA:40,2
DA:41,2
DA:43,2
DA:47,2
DA:51,2
DA:52,2
DA:56,1
DA:57,5
DA:59,1
DA:60,1
DA:61,1
DA:62,1
DA:63,1
DA:64,1
DA:65,1
DA:66,1
DA:67,1
LF:23
LH:23
end_of_record
SF:lib\features\flow\bloc\flow_chore_detail_bloc.dart
DA:13,1
DA:20,1
DA:21,2
DA:22,2
DA:29,1
DA:33,3
DA:35,2
DA:36,1
DA:37,1
DA:39,1
DA:40,2
DA:47,1
DA:48,3
DA:53,1
DA:57,2
DA:58,1
DA:59,2
DA:66,3
DA:67,1
DA:68,2
DA:74,1
DA:75,1
DA:76,2
DA:78,1
DA:79,3
DA:84,0
DA:85,0
DA:87,0
DA:88,0
LF:29
LH:25
end_of_record
SF:lib\features\flow\bloc\flow_list_event.dart
DA:4,3
DA:6,0
DA:7,0
DA:11,3
DA:15,3
LF:5
LH:3
end_of_record
SF:lib\features\flow\bloc\flow_list_state.dart
DA:13,5
DA:22,1
DA:31,1
DA:32,1
DA:33,1
DA:34,1
DA:35,1
DA:36,1
DA:37,1
DA:41,5
DA:43,1
DA:44,1
DA:45,1
DA:46,1
DA:47,1
DA:48,1
DA:49,1
DA:50,1
LF:18
LH:18
end_of_record
SF:lib\features\flow\bloc\flow_list_bloc.dart
DA:12,1
DA:19,1
DA:20,2
DA:21,2
DA:28,1
DA:32,1
DA:35,1
DA:39,2
DA:40,3
DA:42,1
DA:45,1
DA:50,3
DA:54,2
DA:55,1
DA:59,1
DA:61,1
DA:62,2
DA:63,0
DA:64,1
DA:66,1
DA:67,3
DA:69,1
DA:70,2
DA:75,1
DA:80,1
DA:81,2
DA:83,1
DA:90,1
DA:91,1
DA:92,4
DA:95,2
DA:96,1
DA:97,2
DA:98,2
DA:99,2
DA:101,1
DA:103,1
LF:37
LH:36
end_of_record
SF:lib\features\flow\data\supabase\supabase_chores_repository.dart
DA:11,1
DA:12,2
DA:17,0
DA:31,0
DA:32,0
DA:34,0
DA:35,0
DA:36,0
DA:37,0
DA:39,0
DA:40,0
DA:42,0
DA:43,0
DA:44,0
DA:46,0
DA:49,0
DA:51,0
DA:55,0
DA:69,0
DA:70,0
DA:72,0
DA:73,0
DA:74,0
DA:75,0
DA:76,0
DA:77,0
DA:79,0
DA:80,0
DA:81,0
DA:83,0
DA:86,0
DA:88,0
DA:92,0
DA:95,0
DA:97,0
DA:99,0
DA:101,0
DA:108,0
DA:112,0
DA:115,0
DA:117,0
DA:119,0
DA:121,0
DA:125,0
DA:128,0
DA:130,0
DA:132,0
DA:134,0
DA:135,0
DA:136,0
DA:138,0
DA:139,0
DA:140,0
DA:142,0
DA:144,0
DA:147,0
DA:154,0
DA:158,0
DA:164,0
DA:166,0
DA:168,0
DA:169,0
DA:172,0
DA:174,0
DA:175,0
DA:176,0
DA:178,0
DA:185,0
DA:189,0
DA:195,0
DA:197,0
DA:199,0
DA:201,0
DA:208,0
DA:212,0
DA:215,0
DA:217,0
DA:219,0
DA:221,0
DA:222,0
DA:223,0
DA:225,0
DA:226,0
DA:227,0
DA:229,0
DA:230,0
DA:233,0
DA:240,0
DA:244,0
DA:245,0
DA:246,0
DA:247,0
DA:248,0
DA:250,0
DA:253,0
DA:255,0
DA:256,0
DA:264,0
DA:265,0
DA:266,0
DA:267,0
LF:101
LH:2
end_of_record
SF:lib\features\flow\ui\flow_chore_detail\flow_chore_detail_provider.dart
DA:9,0
DA:20,0
DA:22,0
DA:24,0
DA:25,0
DA:26,0
DA:27,0
DA:28,0
LF:8
LH:0
end_of_record
SF:lib\features\flow\ui\flow_chore_provider.dart
DA:15,0
DA:23,0
DA:25,0
DA:27,0
DA:28,0
DA:29,0
DA:30,0
DA:31,0
DA:32,0
DA:33,0
LF:10
LH:0
end_of_record
SF:lib\features\flow\ui\flow_list_provider.dart
DA:18,0
DA:28,0
DA:30,0
DA:32,0
DA:33,0
DA:34,0
DA:35,0
DA:36,0
DA:37,0
DA:38,0
DA:39,0
DA:40,0
LF:12
LH:0
end_of_record
SF:lib\features\flow\ui\flow_surface_contract.dart
DA:10,1
DA:26,1
DA:40,1
LF:3
LH:3
end_of_record
SF:lib\features\flow\ui\flow_surface_registry.dart
DA:9,2
DA:21,6
DA:24,6
DA:26,2
DA:27,4
DA:28,4
DA:31,2
DA:34,2
DA:37,1
DA:38,2
DA:42,2
DA:43,2
DA:44,2
DA:48,2
DA:49,1
DA:50,1
DA:51,2
DA:52,2
LF:18
LH:18
end_of_record
SF:lib\features\flow\ui\flow_chore_detail\flow_chore_detail_screen.dart
DA:18,3
DA:20,1
DA:21,1
DA:27,1
DA:29,1
DA:30,4
DA:31,1
DA:32,1
DA:34,1
DA:35,3
DA:36,3
DA:37,1
DA:38,1
DA:39,2
DA:40,1
DA:41,2
DA:49,2
DA:51,1
DA:52,0
DA:55,1
DA:57,3
DA:58,1
DA:61,1
DA:62,1
DA:63,3
DA:65,1
DA:68,0
DA:72,1
DA:73,0
DA:77,1
DA:79,2
LF:31
LH:28
end_of_record
SF:lib\generated\l10n.dart
DA:16,36
DA:20,8
DA:22,8
DA:30,36
DA:31,36
DA:32,0
DA:33,36
DA:34,36
DA:35,108
DA:36,36
DA:37,36
DA:44,33
DA:45,33
DA:47,33
DA:53,33
DA:54,33
DA:58,5
DA:59,10
DA:63,0
DA:64,0
DA:65,0
DA:68,0
DA:73,3
DA:74,3
DA:78,3
DA:83,3
DA:84,3
DA:88,3
DA:93,3
DA:94,3
DA:98,3
DA:103,0
DA:104,0
DA:108,0
DA:113,2
DA:114,4
DA:118,2
DA:119,2
DA:123,2
DA:128,2
DA:129,4
DA:133,1
DA:134,1
DA:138,1
DA:143,0
DA:144,0
DA:148,0
DA:153,1
DA:154,1
DA:158,1
DA:163,0
DA:164,0
DA:168,0
DA:173,0
DA:174,0
DA:178,0
DA:183,0
DA:184,0
DA:188,0
DA:193,1
DA:194,1
DA:198,1
DA:203,1
DA:204,1
DA:208,1
DA:213,1
DA:214,1
DA:218,1
DA:223,1
DA:224,1
DA:225,1
DA:228,1
DA:233,1
DA:234,1
DA:238,1
DA:243,1
DA:244,1
DA:248,1
DA:253,1
DA:254,1
DA:258,1
DA:263,1
DA:264,1
DA:268,1
DA:273,1
DA:274,1
DA:278,1
DA:283,1
DA:284,1
DA:288,1
DA:293,1
DA:294,1
DA:298,1
DA:303,1
DA:304,1
DA:308,1
DA:313,1
DA:314,1
DA:318,1
DA:323,1
DA:324,1
DA:328,1
DA:333,1
DA:334,1
DA:338,1
DA:343,1
DA:344,2
DA:348,0
DA:349,0
DA:353,0
DA:358,0
DA:359,0
DA:363,0
DA:368,2
DA:369,2
DA:373,2
DA:378,2
DA:379,2
DA:383,2
DA:388,2
DA:389,4
DA:393,1
DA:394,1
DA:398,1
DA:403,1
DA:404,1
DA:405,1
DA:408,1
DA:413,0
DA:414,0
DA:418,0
DA:423,1
DA:424,1
DA:428,1
DA:433,1
DA:434,1
DA:438,1
DA:443,0
DA:444,0
DA:445,0
DA:448,0
DA:453,0
DA:454,0
DA:455,0
DA:458,0
DA:463,0
DA:464,0
DA:465,0
DA:468,0
DA:473,0
DA:474,0
DA:478,0
DA:483,0
DA:484,0
DA:488,0
DA:493,1
DA:494,1
DA:498,1
DA:503,0
DA:504,0
DA:508,0
DA:513,0
DA:514,0
DA:518,0
DA:523,0
DA:524,0
DA:528,0
DA:533,0
DA:534,0
DA:538,0
DA:543,0
DA:544,0
DA:548,0
DA:553,0
DA:554,0
DA:558,0
DA:563,2
DA:564,2
DA:568,2
DA:573,2
DA:574,2
DA:578,2
DA:583,0
DA:584,0
DA:588,0
DA:593,2
DA:594,2
DA:598,2
DA:603,2
DA:604,2
DA:608,2
DA:613,2
DA:614,2
DA:618,2
DA:623,2
DA:624,2
DA:628,2
DA:633,1
DA:634,2
DA:638,1
DA:639,1
DA:643,1
DA:648,3
DA:649,3
DA:653,3
DA:658,1
DA:659,1
DA:663,1
DA:668,0
DA:669,0
DA:673,0
DA:678,1
DA:679,1
DA:683,1
DA:688,1
DA:689,1
DA:693,1
DA:698,1
DA:699,2
DA:703,0
DA:704,0
DA:708,0
DA:713,0
DA:714,0
DA:718,0
DA:723,0
DA:724,0
DA:728,0
DA:733,3
DA:734,6
DA:738,3
DA:739,6
DA:743,3
DA:744,6
DA:748,0
DA:749,0
DA:753,0
DA:758,0
DA:759,0
DA:763,1
DA:764,1
DA:768,1
DA:773,0
DA:774,0
DA:778,0
DA:783,0
DA:784,0
DA:785,0
DA:788,0
DA:793,0
DA:794,0
DA:798,0
DA:803,0
DA:804,0
DA:805,0
DA:808,0
DA:813,0
DA:814,0
DA:818,0
DA:823,0
DA:824,0
DA:828,0
DA:833,0
DA:834,0
DA:838,0
DA:843,1
DA:844,1
DA:848,1
DA:853,1
DA:854,1
DA:858,1
DA:863,1
DA:864,1
DA:868,1
DA:873,1
DA:874,1
DA:878,1
DA:883,0
DA:884,0
DA:888,0
DA:893,1
DA:894,1
DA:898,1
DA:903,0
DA:904,0
DA:908,0
DA:913,0
DA:914,0
DA:918,0
DA:923,0
DA:924,0
DA:928,0
DA:933,0
DA:934,0
DA:938,0
DA:943,0
DA:944,0
DA:948,0
DA:953,0
DA:954,0
DA:958,0
DA:963,2
DA:964,2
DA:968,2
DA:973,1
DA:974,1
DA:978,1
DA:983,1
DA:984,2
DA:988,1
DA:989,1
DA:990,1
DA:993,1
DA:998,0
DA:999,0
DA:1003,0
DA:1008,0
DA:1009,0
DA:1010,0
DA:1013,0
DA:1018,0
DA:1019,0
DA:1023,0
DA:1028,1
DA:1029,1
DA:1033,1
DA:1038,0
DA:1039,0
DA:1043,0
DA:1048,0
DA:1049,0
DA:1053,0
DA:1058,0
DA:1059,0
DA:1063,0
DA:1068,0
DA:1069,0
DA:1073,0
DA:1078,1
DA:1079,1
DA:1083,1
DA:1088,1
DA:1089,1
DA:1093,1
DA:1098,0
DA:1099,0
DA:1103,0
DA:1108,0
DA:1109,0
DA:1113,0
DA:1118,0
DA:1119,0
DA:1123,0
DA:1128,0
DA:1129,0
DA:1133,0
DA:1138,0
DA:1139,0
DA:1143,0
DA:1148,0
DA:1149,0
DA:1153,0
DA:1158,0
DA:1159,0
DA:1163,0
DA:1168,0
DA:1169,0
DA:1173,0
DA:1178,0
DA:1179,0
DA:1183,0
DA:1188,0
DA:1189,0
DA:1193,0
DA:1198,0
DA:1199,0
DA:1203,0
DA:1208,0
DA:1209,0
DA:1213,2
DA:1214,2
DA:1218,2
DA:1223,2
DA:1224,2
DA:1228,2
DA:1233,2
DA:1234,2
DA:1238,2
DA:1243,6
DA:1244,6
DA:1248,6
DA:1253,3
DA:1254,3
DA:1255,3
DA:1258,3
DA:1263,3
DA:1264,3
DA:1268,3
DA:1273,2
DA:1274,2
DA:1278,2
DA:1283,0
DA:1284,0
DA:1288,0
DA:1293,0
DA:1294,0
DA:1298,0
DA:1303,0
DA:1304,0
DA:1305,0
DA:1308,0
DA:1313,0
DA:1314,0
DA:1318,0
DA:1323,2
DA:1324,2
DA:1328,2
DA:1333,1
DA:1334,1
DA:1338,1
DA:1343,0
DA:1344,0
DA:1348,0
DA:1353,2
DA:1354,2
DA:1358,2
DA:1363,1
DA:1364,1
DA:1368,1
DA:1373,2
DA:1374,2
DA:1376,2
DA:1377,2
DA:1381,2
DA:1386,0
DA:1387,0
DA:1391,0
DA:1396,2
DA:1397,2
DA:1399,2
DA:1400,2
DA:1403,2
DA:1408,1
DA:1409,1
DA:1413,1
DA:1418,1
DA:1419,1
DA:1423,1
DA:1428,1
DA:1429,1
DA:1433,1
DA:1438,1
DA:1439,1
DA:1443,1
DA:1448,0
DA:1449,0
DA:1453,0
DA:1458,1
DA:1459,1
DA:1463,1
DA:1468,0
DA:1469,0
DA:1473,0
DA:1478,1
DA:1479,1
DA:1483,1
DA:1488,1
DA:1489,1
DA:1493,1
DA:1498,1
DA:1499,1
DA:1503,1
DA:1508,0
DA:1509,0
DA:1513,0
DA:1518,0
DA:1519,0
DA:1523,0
DA:1528,1
DA:1529,2
DA:1533,0
DA:1534,0
DA:1538,0
DA:1543,0
DA:1544,0
DA:1548,0
DA:1553,0
DA:1554,0
DA:1558,0
DA:1563,0
DA:1564,0
DA:1568,0
DA:1573,0
DA:1574,0
DA:1578,0
DA:1579,0
DA:1583,0
DA:1588,0
DA:1589,0
DA:1593,0
DA:1598,0
DA:1599,0
DA:1603,0
DA:1608,0
DA:1609,0
DA:1613,0
DA:1618,0
DA:1619,0
DA:1623,0
DA:1628,0
DA:1629,0
DA:1633,0
DA:1638,0
DA:1639,0
DA:1643,0
DA:1648,1
DA:1649,1
DA:1653,1
DA:1658,1
DA:1659,1
DA:1663,1
DA:1668,0
DA:1669,0
DA:1673,0
DA:1678,0
DA:1679,0
DA:1683,0
DA:1688,0
DA:1689,0
DA:1693,0
DA:1698,0
DA:1699,0
DA:1703,0
DA:1708,0
DA:1709,0
DA:1713,0
DA:1718,0
DA:1719,0
DA:1723,0
DA:1728,0
DA:1729,0
DA:1733,0
DA:1738,0
DA:1739,0
DA:1743,0
DA:1748,0
DA:1749,0
DA:1753,0
DA:1758,1
DA:1759,1
DA:1763,1
DA:1768,1
DA:1769,1
DA:1773,1
DA:1778,1
DA:1779,1
DA:1783,1
DA:1788,1
DA:1789,1
DA:1793,1
DA:1798,1
DA:1799,1
DA:1803,1
DA:1808,1
DA:1809,1
DA:1813,1
DA:1818,1
DA:1819,1
DA:1823,1
DA:1828,1
DA:1829,1
DA:1833,1
DA:1838,1
DA:1839,1
DA:1843,1
DA:1848,1
DA:1849,1
DA:1853,1
DA:1858,0
DA:1859,0
DA:1863,0
DA:1868,0
DA:1869,0
DA:1873,0
DA:1878,1
DA:1879,1
DA:1883,1
DA:1888,5
DA:1889,5
DA:1890,5
DA:1893,5
DA:1898,1
DA:1899,1
DA:1903,1
DA:1908,1
DA:1909,1
DA:1913,1
DA:1918,2
DA:1919,2
DA:1923,2
DA:1928,1
DA:1929,1
DA:1933,1
DA:1938,2
DA:1939,2
DA:1943,2
DA:1948,1
DA:1949,1
DA:1953,1
DA:1958,1
DA:1959,1
DA:1963,1
DA:1968,3
DA:1969,3
DA:1973,3
DA:1978,0
DA:1979,0
DA:1983,0
DA:1988,0
DA:1989,0
DA:1993,0
DA:1998,0
DA:1999,0
DA:2003,0
DA:2008,0
DA:2009,0
DA:2013,0
DA:2018,0
DA:2019,0
DA:2023,0
DA:2028,0
DA:2029,0
DA:2033,0
DA:2038,0
DA:2039,0
DA:2043,0
DA:2048,0
DA:2049,0
DA:2053,0
DA:2058,0
DA:2059,0
DA:2063,0
DA:2068,0
DA:2069,0
DA:2073,0
DA:2078,0
DA:2079,0
DA:2083,0
DA:2088,0
DA:2089,0
DA:2093,0
DA:2098,0
DA:2099,0
DA:2103,0
DA:2108,0
DA:2109,0
DA:2113,0
DA:2118,0
DA:2119,0
DA:2123,0
DA:2128,0
DA:2129,0
DA:2133,0
DA:2138,0
DA:2139,0
DA:2143,0
DA:2148,0
DA:2149,0
DA:2153,0
DA:2158,0
DA:2159,0
DA:2163,0
DA:2168,0
DA:2169,0
DA:2173,0
DA:2178,0
DA:2179,0
DA:2183,0
DA:2188,0
DA:2189,0
DA:2193,0
DA:2198,0
DA:2199,0
DA:2203,0
DA:2208,1
DA:2209,1
DA:2213,1
DA:2218,0
DA:2219,0
DA:2223,0
DA:2228,1
DA:2229,1
DA:2233,1
DA:2238,0
DA:2239,0
DA:2243,0
DA:2248,1
DA:2249,1
DA:2253,1
DA:2258,3
DA:2259,3
DA:2263,3
DA:2268,1
DA:2269,1
DA:2273,1
DA:2278,0
DA:2279,0
DA:2283,0
DA:2288,1
DA:2289,1
DA:2293,1
DA:2298,0
DA:2299,0
DA:2303,0
DA:2308,0
DA:2309,0
DA:2313,0
DA:2318,0
DA:2319,0
DA:2323,0
DA:2328,0
DA:2329,0
DA:2333,0
DA:2338,0
DA:2339,0
DA:2343,0
DA:2348,0
DA:2349,0
DA:2353,0
DA:2358,0
DA:2359,0
DA:2363,0
DA:2368,0
DA:2369,0
DA:2373,0
DA:2378,0
DA:2379,0
DA:2383,0
DA:2388,0
DA:2389,0
DA:2393,0
DA:2398,0
DA:2399,0
DA:2403,0
DA:2408,0
DA:2409,0
DA:2413,0
DA:2418,0
DA:2419,0
DA:2423,0
DA:2428,0
DA:2429,0
DA:2433,0
DA:2438,0
DA:2439,0
DA:2443,0
DA:2448,0
DA:2449,0
DA:2453,0
DA:2458,0
DA:2459,0
DA:2463,0
DA:2464,0
DA:2468,0
DA:2473,0
DA:2474,0
DA:2478,0
DA:2483,0
DA:2484,0
DA:2488,0
DA:2493,0
DA:2494,0
DA:2498,0
DA:2503,0
DA:2504,0
DA:2508,0
DA:2513,0
DA:2514,0
DA:2518,0
DA:2523,0
DA:2524,0
DA:2528,0
DA:2533,0
DA:2534,0
DA:2538,0
DA:2543,1
DA:2544,1
DA:2548,1
DA:2553,0
DA:2554,0
DA:2558,0
DA:2563,1
DA:2564,1
DA:2568,1
DA:2573,1
DA:2574,1
DA:2578,1
DA:2583,1
DA:2584,1
DA:2588,1
DA:2593,0
DA:2594,0
DA:2598,0
DA:2603,0
DA:2604,0
DA:2608,0
DA:2613,0
DA:2614,0
DA:2618,0
DA:2623,0
DA:2624,0
DA:2628,0
DA:2633,2
DA:2634,2
DA:2638,2
DA:2643,1
DA:2644,1
DA:2648,1
DA:2653,0
DA:2654,0
DA:2658,0
DA:2663,0
DA:2664,0
DA:2668,0
DA:2673,1
DA:2674,1
DA:2678,1
DA:2683,1
DA:2684,1
DA:2688,1
DA:2693,0
DA:2694,0
DA:2698,0
DA:2703,0
DA:2704,0
DA:2708,0
DA:2713,0
DA:2714,0
DA:2718,0
DA:2723,0
DA:2724,0
DA:2728,0
DA:2733,0
DA:2734,0
DA:2738,0
DA:2743,1
DA:2744,1
DA:2748,1
DA:2753,1
DA:2754,1
DA:2758,1
DA:2763,0
DA:2764,0
DA:2768,0
DA:2773,0
DA:2774,0
DA:2778,0
DA:2783,1
DA:2784,1
DA:2785,1
DA:2788,1
DA:2793,1
DA:2794,1
DA:2795,1
DA:2798,1
DA:2803,1
DA:2804,1
DA:2808,1
DA:2813,0
DA:2814,0
DA:2818,0
DA:2823,1
DA:2824,1
DA:2828,1
DA:2833,1
DA:2834,1
DA:2838,1
DA:2843,1
DA:2844,1
DA:2848,1
DA:2853,0
DA:2854,0
DA:2858,0
DA:2863,0
DA:2864,0
DA:2868,0
DA:2873,0
DA:2874,0
DA:2878,0
DA:2883,0
DA:2884,0
DA:2888,0
DA:2893,0
DA:2894,0
DA:2898,0
DA:2903,0
DA:2904,0
DA:2908,0
DA:2913,0
DA:2914,0
DA:2918,0
DA:2923,0
DA:2924,0
DA:2928,0
DA:2933,0
DA:2934,0
DA:2938,0
DA:2943,0
DA:2944,0
DA:2948,0
DA:2953,0
DA:2954,0
DA:2958,0
DA:2963,0
DA:2964,0
DA:2968,0
DA:2973,0
DA:2974,0
DA:2978,0
DA:2983,0
DA:2984,0
DA:2988,0
DA:2993,0
DA:2994,0
DA:2998,0
DA:3003,1
DA:3004,1
DA:3008,1
DA:3013,1
DA:3014,1
DA:3018,1
DA:3023,0
DA:3024,0
DA:3028,0
DA:3033,0
DA:3034,0
DA:3038,0
DA:3043,0
DA:3044,0
DA:3048,0
DA:3053,0
DA:3054,0
DA:3058,0
DA:3063,0
DA:3064,0
DA:3068,0
DA:3073,0
DA:3074,0
DA:3078,0
DA:3083,0
DA:3084,0
DA:3088,0
DA:3093,0
DA:3094,0
DA:3098,0
DA:3103,0
DA:3104,0
DA:3108,0
DA:3113,0
DA:3114,0
DA:3118,0
DA:3123,0
DA:3124,0
DA:3128,0
DA:3133,0
DA:3134,0
DA:3138,0
DA:3143,0
DA:3144,0
DA:3148,0
DA:3153,0
DA:3154,0
DA:3158,0
DA:3163,0
DA:3164,0
DA:3168,0
DA:3173,1
DA:3174,1
DA:3178,1
DA:3183,1
DA:3184,1
DA:3188,1
DA:3193,0
DA:3194,0
DA:3198,0
DA:3203,1
DA:3204,1
DA:3208,1
DA:3213,1
DA:3214,1
DA:3218,1
DA:3223,1
DA:3224,1
DA:3228,1
DA:3233,1
DA:3234,1
DA:3238,1
DA:3243,0
DA:3244,0
DA:3248,0
DA:3253,0
DA:3254,0
DA:3258,0
DA:3263,0
DA:3264,0
DA:3268,0
DA:3273,0
DA:3274,0
DA:3278,0
DA:3283,0
DA:3284,0
DA:3288,0
DA:3293,0
DA:3294,0
DA:3298,0
DA:3303,0
DA:3304,0
DA:3308,0
DA:3313,0
DA:3314,0
DA:3318,0
DA:3323,0
DA:3324,0
DA:3325,0
DA:3328,0
DA:3333,1
DA:3334,1
DA:3338,1
DA:3343,0
DA:3344,0
DA:3348,0
DA:3353,0
DA:3354,0
DA:3358,0
DA:3363,1
DA:3364,1
DA:3368,1
DA:3373,1
DA:3374,1
DA:3378,1
DA:3383,1
DA:3384,1
DA:3388,1
DA:3393,1
DA:3394,1
DA:3398,1
DA:3403,0
DA:3404,0
DA:3408,0
DA:3413,0
DA:3414,0
DA:3418,0
DA:3423,0
DA:3424,0
DA:3428,0
DA:3433,0
DA:3434,0
DA:3438,0
DA:3443,0
DA:3444,0
DA:3448,0
DA:3453,0
DA:3454,0
DA:3458,0
DA:3463,0
DA:3464,0
DA:3468,0
DA:3473,0
DA:3474,0
DA:3478,0
DA:3483,0
DA:3484,0
DA:3488,0
DA:3493,0
DA:3494,0
DA:3498,0
DA:3503,1
DA:3504,1
DA:3508,1
DA:3513,1
DA:3514,2
DA:3518,1
DA:3519,1
DA:3523,1
DA:3528,1
DA:3529,1
DA:3533,1
DA:3538,1
DA:3539,2
DA:3543,1
DA:3544,1
DA:3548,1
DA:3553,1
DA:3554,1
DA:3558,1
DA:3563,1
DA:3564,1
DA:3568,1
DA:3573,1
DA:3574,1
DA:3578,1
DA:3583,1
DA:3584,1
DA:3588,1
DA:3593,0
DA:3594,0
DA:3598,0
DA:3603,0
DA:3604,0
DA:3608,0
DA:3613,0
DA:3614,0
DA:3618,0
DA:3623,0
DA:3624,0
DA:3628,0
DA:3633,0
DA:3634,0
DA:3638,0
DA:3643,0
DA:3644,0
DA:3648,0
DA:3653,0
DA:3654,0
DA:3658,0
DA:3663,0
DA:3664,0
DA:3668,0
DA:3673,0
DA:3674,0
DA:3678,0
DA:3683,0
DA:3684,0
DA:3688,0
DA:3693,0
DA:3694,0
DA:3695,0
DA:3698,0
DA:3703,0
DA:3704,0
DA:3708,0
DA:3713,0
DA:3714,0
DA:3718,0
DA:3723,1
DA:3724,1
DA:3725,1
DA:3728,1
DA:3733,0
DA:3734,0
DA:3741,0
DA:3746,0
DA:3747,0
DA:3748,0
DA:3751,0
DA:3756,0
DA:3757,0
DA:3761,0
DA:3766,0
DA:3767,0
DA:3771,0
DA:3776,0
DA:3777,0
DA:3781,0
DA:3786,0
DA:3787,0
DA:3791,0
DA:3796,0
DA:3797,0
DA:3801,0
DA:3806,0
DA:3807,0
DA:3811,0
DA:3816,0
DA:3817,0
DA:3821,0
DA:3826,0
DA:3827,0
DA:3831,0
DA:3836,0
DA:3837,0
DA:3841,0
DA:3846,0
DA:3847,0
DA:3851,0
DA:3856,1
DA:3857,1
DA:3861,1
DA:3866,0
DA:3867,0
DA:3871,0
DA:3876,0
DA:3877,0
DA:3881,0
DA:3886,0
DA:3887,0
DA:3891,0
DA:3896,1
DA:3897,1
DA:3901,1
DA:3906,4
DA:3907,4
DA:3911,4
DA:3916,1
DA:3917,1
DA:3921,1
DA:3926,1
DA:3927,1
DA:3928,1
DA:3931,1
DA:3936,1
DA:3937,1
DA:3941,1
DA:3946,1
DA:3947,1
DA:3951,1
DA:3956,1
DA:3957,1
DA:3961,1
DA:3966,1
DA:3967,1
DA:3971,1
DA:3976,0
DA:3977,0
DA:3981,0
DA:3986,1
DA:3987,1
DA:3991,1
DA:3996,1
DA:3997,1
DA:4001,1
DA:4006,1
DA:4007,1
DA:4011,1
DA:4016,0
DA:4017,0
DA:4021,0
DA:4026,0
DA:4027,0
DA:4031,0
DA:4036,0
DA:4037,0
DA:4041,0
DA:4046,0
DA:4047,0
DA:4051,0
DA:4056,0
DA:4057,0
DA:4061,0
DA:4066,1
DA:4067,1
DA:4071,1
DA:4076,0
DA:4077,0
DA:4081,0
DA:4086,0
DA:4087,0
DA:4091,0
DA:4096,0
DA:4097,0
DA:4101,0
DA:4106,0
DA:4107,0
DA:4111,0
DA:4116,0
DA:4117,0
DA:4121,0
DA:4126,0
DA:4127,0
DA:4131,0
DA:4136,0
DA:4137,0
DA:4141,0
DA:4146,0
DA:4147,0
DA:4151,0
DA:4156,0
DA:4157,0
DA:4161,0
DA:4166,0
DA:4167,0
DA:4171,0
DA:4176,0
DA:4177,0
DA:4181,0
DA:4186,0
DA:4187,0
DA:4191,0
DA:4196,0
DA:4197,0
DA:4201,0
DA:4206,0
DA:4207,0
DA:4211,0
DA:4216,0
DA:4217,0
DA:4221,0
DA:4226,0
DA:4227,0
DA:4231,0
DA:4236,0
DA:4237,0
DA:4241,0
DA:4246,0
DA:4247,0
DA:4251,0
DA:4256,0
DA:4257,0
DA:4261,0
DA:4266,0
DA:4267,0
DA:4271,0
DA:4276,0
DA:4277,0
DA:4281,0
DA:4286,0
DA:4287,0
DA:4291,0
DA:4296,0
DA:4297,0
DA:4301,0
DA:4306,0
DA:4307,0
DA:4311,0
DA:4316,0
DA:4317,0
DA:4321,0
DA:4326,0
DA:4327,0
DA:4331,0
DA:4336,0
DA:4337,0
DA:4341,0
DA:4346,0
DA:4347,0
DA:4351,0
DA:4356,0
DA:4357,0
DA:4361,0
DA:4366,0
DA:4367,0
DA:4371,0
DA:4376,0
DA:4377,0
DA:4381,0
DA:4386,0
DA:4387,0
DA:4391,0
DA:4396,0
DA:4397,0
DA:4401,0
DA:4406,0
DA:4407,0
DA:4411,0
DA:4416,0
DA:4417,0
DA:4421,0
DA:4426,0
DA:4427,0
DA:4431,0
DA:4436,0
DA:4437,0
DA:4441,0
DA:4446,0
DA:4447,0
DA:4451,0
DA:4456,0
DA:4457,0
DA:4461,0
DA:4466,0
DA:4467,0
DA:4471,0
DA:4476,0
DA:4477,0
DA:4481,0
DA:4486,0
DA:4487,0
DA:4491,0
DA:4496,0
DA:4497,0
DA:4501,0
DA:4506,0
DA:4507,0
DA:4511,0
DA:4516,0
DA:4517,0
DA:4521,0
DA:4526,0
DA:4527,0
DA:4531,0
DA:4536,0
DA:4537,0
DA:4541,0
DA:4546,0
DA:4547,0
DA:4551,0
DA:4556,0
DA:4557,0
DA:4561,0
DA:4566,0
DA:4567,0
DA:4571,0
DA:4576,0
DA:4577,0
DA:4581,0
DA:4586,0
DA:4587,0
DA:4591,0
DA:4596,0
DA:4597,0
DA:4601,0
DA:4606,0
DA:4607,0
DA:4611,0
DA:4616,0
DA:4617,0
DA:4621,0
DA:4626,0
DA:4627,0
DA:4631,0
DA:4636,2
DA:4637,2
DA:4641,2
DA:4646,2
DA:4647,2
DA:4651,2
DA:4656,2
DA:4657,2
DA:4661,2
DA:4666,0
DA:4667,0
DA:4671,0
DA:4676,0
DA:4677,0
DA:4681,0
DA:4686,0
DA:4687,0
DA:4691,0
DA:4696,0
DA:4697,0
DA:4701,0
DA:4706,1
DA:4707,1
DA:4711,1
DA:4716,1
DA:4717,1
DA:4721,1
DA:4727,3
DA:4729,35
DA:4737,35
DA:4738,35
DA:4739,36
DA:4740,36
DA:4741,1
DA:4744,35
DA:4745,70
DA:4746,105
LF:1457
LH:534
end_of_record
SF:lib\features\flow\ui\flow_chore_detail\widgets\flow_chore_detail_view.dart
DA:21,1
DA:38,1
DA:40,1
DA:41,1
DA:43,2
DA:47,2
DA:48,0
DA:49,0
DA:50,0
DA:54,2
DA:55,1
DA:56,1
DA:58,1
DA:59,0
DA:63,2
DA:64,0
DA:65,1
DA:66,2
DA:67,1
DA:69,1
DA:71,1
DA:73,2
DA:75,2
DA:77,1
DA:78,3
DA:79,1
DA:81,1
DA:82,1
DA:85,1
DA:86,2
DA:87,1
DA:88,1
DA:89,1
DA:90,1
DA:91,1
DA:92,1
DA:94,1
DA:95,1
DA:96,1
DA:97,1
DA:99,0
DA:100,1
DA:102,1
DA:108,2
DA:109,1
DA:110,1
DA:112,3
DA:113,1
DA:114,1
DA:115,1
DA:119,0
DA:120,0
DA:122,1
DA:130,2
DA:131,1
DA:132,2
DA:133,2
DA:134,1
DA:135,1
DA:148,0
DA:153,0
DA:155,0
DA:156,0
DA:157,0
DA:158,0
DA:160,0
DA:161,0
DA:162,0
DA:163,0
DA:164,0
DA:169,0
DA:177,1
DA:189,1
DA:191,1
DA:195,4
DA:197,1
DA:199,1
DA:201,1
DA:202,1
DA:203,1
DA:205,1
DA:208,1
DA:209,0
DA:210,0
DA:213,0
DA:215,0
DA:229,0
DA:230,0
DA:231,0
DA:233,0
DA:234,0
DA:236,0
DA:240,1
DA:245,1
DA:247,1
DA:250,1
DA:251,2
DA:252,0
DA:253,0
DA:255,2
DA:258,1
DA:259,2
DA:262,2
DA:263,3
DA:264,2
DA:267,3
LF:106
LH:74
end_of_record
SF:lib\features\flow\ui\flow_chore_detail\widgets\flow_chore_core_info_section.dart
DA:8,1
DA:33,1
DA:35,1
DA:36,1
DA:38,1
DA:40,1
DA:41,2
DA:42,4
DA:43,2
DA:44,1
DA:45,0
DA:46,0
DA:48,2
DA:49,3
DA:50,2
DA:52,1
DA:53,3
DA:60,1
DA:65,1
DA:67,1
DA:68,1
DA:70,1
DA:71,1
DA:72,1
DA:73,3
DA:74,2
DA:78,1
DA:79,1
DA:80,3
DA:82,2
LF:30
LH:28
end_of_record
SF:lib\features\flow\ui\flow_chore_detail\widgets\flow_chore_extras_section.dart
DA:15,2
DA:34,2
DA:36,2
DA:37,2
DA:38,2
DA:40,2
DA:41,6
DA:42,2
DA:44,4
DA:46,2
DA:48,4
DA:49,2
DA:50,2
DA:51,2
DA:53,2
DA:55,2
DA:56,4
DA:57,2
DA:58,2
DA:59,4
DA:61,4
DA:62,2
DA:63,2
DA:64,2
DA:67,4
DA:68,2
DA:69,2
DA:70,2
DA:71,2
DA:74,0
DA:75,0
DA:76,0
DA:77,0
DA:78,0
DA:88,2
DA:100,2
DA:102,2
DA:103,2
DA:104,2
DA:105,2
DA:107,2
DA:109,2
DA:110,2
DA:111,6
DA:120,1
DA:121,1
DA:123,1
DA:125,1
DA:126,1
DA:128,3
DA:134,2
DA:136,4
DA:137,2
DA:138,2
DA:139,2
DA:141,2
DA:143,2
DA:144,2
DA:145,2
DA:146,6
DA:147,2
DA:150,4
DA:159,0
DA:164,0
DA:166,0
DA:167,0
DA:168,0
DA:170,0
DA:172,0
DA:173,0
DA:174,0
DA:175,0
DA:176,0
DA:180,0
DA:182,0
DA:184,0
DA:185,0
DA:187,0
DA:190,0
DA:191,0
DA:193,0
DA:194,0
DA:195,0
DA:196,0
DA:197,0
LF:85
LH:57
end_of_record
SF:lib\features\flow\ui\widgets\flow_chore_form_view.dart
DA:4,0
DA:28,0
DA:30,0
DA:31,0
DA:32,0
DA:33,0
DA:34,0
DA:36,0
DA:39,0
DA:40,0
DA:42,0
DA:43,0
DA:48,0
DA:49,0
DA:50,0
DA:51,0
DA:52,0
DA:53,0
DA:54,0
DA:55,0
DA:56,0
DA:57,0
DA:61,0
DA:63,0
DA:64,0
DA:65,0
DA:68,0
DA:69,0
DA:70,0
DA:71,0
DA:72,0
DA:73,0
DA:76,0
DA:81,0
DA:86,0
DA:89,0
DA:94,0
DA:95,0
DA:96,0
DA:100,0
DA:106,0
DA:107,0
DA:108,0
DA:109,0
DA:111,0
DA:112,0
DA:116,0
DA:117,0
DA:121,0
DA:128,0
DA:129,0
DA:130,0
DA:131,0
DA:132,0
DA:133,0
DA:136,0
DA:137,0
DA:138,0
DA:139,0
DA:140,0
DA:141,0
DA:148,0
DA:155,0
DA:156,0
DA:157,0
DA:158,0
DA:159,0
DA:160,0
DA:164,0
DA:165,0
DA:166,0
DA:167,0
DA:168,0
DA:169,0
DA:176,0
DA:177,0
DA:178,0
DA:179,0
DA:180,0
DA:182,0
DA:183,0
DA:185,0
DA:187,0
DA:194,0
DA:195,0
DA:201,0
DA:213,0
DA:215,0
DA:216,0
DA:217,0
DA:218,0
DA:220,0
DA:222,0
DA:223,0
DA:224,0
DA:225,0
DA:226,0
DA:227,0
DA:230,0
DA:231,0
DA:234,0
DA:235,0
DA:238,0
DA:239,0
DA:240,0
DA:242,0
DA:243,0
DA:244,0
DA:245,0
DA:247,0
DA:248,0
DA:250,0
DA:252,0
DA:253,0
DA:256,0
DA:257,0
DA:261,0
DA:262,0
DA:263,0
DA:264,0
DA:267,0
DA:268,0
DA:270,0
DA:273,0
DA:275,0
DA:276,0
DA:283,0
DA:284,0
DA:285,0
DA:286,0
DA:287,0
DA:288,0
DA:289,0
DA:297,0
DA:298,0
DA:300,0
DA:301,0
DA:302,0
DA:303,0
DA:304,0
DA:305,0
DA:306,0
DA:307,0
DA:313,0
DA:321,0
DA:323,0
DA:325,0
DA:326,0
DA:327,0
DA:328,0
DA:329,0
DA:330,0
DA:331,0
DA:332,0
DA:333,0
DA:336,0
DA:339,0
DA:341,0
DA:345,0
DA:346,0
DA:347,0
DA:354,0
DA:378,0
DA:380,0
DA:386,0
DA:388,0
DA:389,0
DA:392,0
DA:394,0
DA:395,0
DA:396,0
DA:400,0
DA:402,0
DA:403,0
DA:405,0
DA:406,0
DA:407,0
DA:408,0
DA:409,0
DA:410,0
DA:413,0
DA:414,0
DA:415,0
DA:416,0
DA:418,0
DA:419,0
DA:421,0
DA:422,0
DA:424,0
DA:425,0
DA:426,0
DA:427,0
DA:429,0
DA:433,0
DA:435,0
DA:436,0
DA:437,0
DA:438,0
DA:441,0
DA:442,0
DA:444,0
DA:445,0
DA:448,0
DA:449,0
DA:450,0
DA:451,0
DA:452,0
DA:454,0
DA:455,0
DA:459,0
DA:460,0
DA:463,0
DA:464,0
DA:465,0
DA:466,0
DA:467,0
DA:468,0
DA:469,0
LF:218
LH:0
end_of_record
SF:lib\features\flow\ui\widgets\flow_chore_action_bar.dart
DA:4,0
DA:14,0
DA:16,0
DA:20,0
DA:21,0
DA:23,0
DA:24,0
DA:25,0
DA:26,0
DA:27,0
DA:28,0
DA:31,0
DA:36,0
DA:48,0
DA:49,0
DA:50,0
DA:53,0
DA:57,0
DA:61,0
DA:62,0
DA:63,0
DA:64,0
LF:22
LH:0
end_of_record
SF:lib\features\flow\ui\widgets\flow_chore_photo_picker.dart
DA:4,0
DA:18,0
DA:20,0
DA:21,0
DA:22,0
DA:24,0
DA:25,0
DA:26,0
DA:27,0
DA:29,0
DA:30,0
DA:31,0
DA:33,0
DA:34,0
DA:35,0
DA:36,0
DA:37,0
DA:40,0
DA:41,0
DA:42,0
DA:43,0
DA:44,0
DA:51,0
DA:52,0
DA:54,0
DA:55,0
DA:58,0
DA:61,0
DA:62,0
DA:63,0
DA:64,0
DA:71,0
DA:72,0
DA:73,0
DA:74,0
DA:76,0
DA:78,0
DA:80,0
DA:88,0
DA:90,0
DA:91,0
DA:92,0
DA:93,0
DA:94,0
DA:95,0
DA:96,0
LF:46
LH:0
end_of_record
SF:lib\features\flow\ui\widgets\flow_chore_error.dart
DA:7,0
DA:9,0
DA:11,0
DA:12,0
DA:13,0
DA:15,0
DA:16,0
DA:18,0
DA:20,0
DA:21,0
LF:10
LH:0
end_of_record
SF:lib\features\flow\ui\flow_chore_screen.dart
DA:49,0
DA:53,0
DA:54,0
DA:64,0
DA:66,0
DA:67,0
DA:68,0
DA:69,0
DA:70,0
DA:73,0
DA:74,0
DA:75,0
DA:76,0
DA:77,0
DA:78,0
DA:79,0
DA:82,0
DA:83,0
DA:84,0
DA:85,0
DA:89,0
DA:91,0
DA:92,0
DA:93,0
DA:94,0
DA:95,0
DA:96,0
DA:97,0
DA:98,0
DA:99,0
DA:100,0
DA:101,0
DA:102,0
DA:103,0
DA:104,0
DA:105,0
DA:106,0
DA:107,0
DA:108,0
DA:109,0
DA:110,0
DA:113,0
DA:115,0
DA:116,0
DA:118,0
DA:119,0
DA:122,0
DA:123,0
DA:125,0
DA:127,0
DA:128,0
DA:129,0
DA:130,0
DA:131,0
DA:132,0
DA:133,0
DA:137,0
DA:138,0
DA:139,0
DA:140,0
DA:141,0
DA:142,0
DA:148,0
DA:149,0
DA:151,0
DA:153,0
DA:154,0
DA:157,0
DA:158,0
DA:159,0
DA:160,0
DA:163,0
DA:164,0
DA:165,0
DA:166,0
DA:167,0
DA:170,0
DA:179,0
DA:180,0
DA:181,0
DA:182,0
DA:183,0
DA:184,0
DA:187,0
DA:188,0
DA:189,0
DA:190,0
DA:191,0
DA:192,0
DA:196,0
DA:197,0
DA:200,0
DA:204,0
DA:205,0
DA:217,0
DA:218,0
DA:219,0
DA:222,0
DA:223,0
DA:225,0
DA:226,0
DA:228,0
DA:232,0
DA:241,0
DA:249,0
DA:252,0
DA:253,0
DA:254,0
DA:256,0
DA:259,0
DA:260,0
DA:261,0
DA:262,0
DA:263,0
DA:267,0
DA:269,0
DA:271,0
DA:278,0
DA:279,0
DA:280,0
DA:282,0
DA:283,0
DA:284,0
DA:287,0
DA:288,0
DA:289,0
DA:293,0
DA:294,0
DA:295,0
DA:301,0
DA:302,0
DA:303,0
DA:304,0
DA:305,0
DA:306,0
DA:307,0
DA:308,0
DA:311,0
DA:312,0
DA:314,0
DA:315,0
DA:318,0
LF:142
LH:0
end_of_record
SF:lib\features\flow\ui\flow_list_screen.dart
DA:25,1
DA:36,1
DA:38,1
DA:39,1
DA:40,1
DA:41,1
DA:42,1
DA:43,1
DA:45,1
DA:46,1
DA:47,1
DA:48,1
DA:49,2
DA:51,1
DA:52,0
DA:55,1
DA:56,1
DA:57,2
DA:58,1
DA:59,1
DA:66,0
DA:67,0
DA:68,0
DA:70,0
DA:71,0
DA:72,0
DA:73,0
DA:76,0
DA:77,0
DA:80,1
DA:85,0
DA:86,0
DA:87,0
DA:88,0
DA:89,0
DA:94,2
DA:95,1
DA:97,2
DA:99,0
DA:100,0
DA:101,0
DA:102,0
DA:107,1
DA:109,2
DA:111,0
DA:112,0
DA:113,0
DA:114,0
DA:118,1
DA:119,1
DA:120,1
DA:121,1
DA:122,1
DA:123,2
DA:126,2
DA:127,0
DA:128,0
DA:130,0
DA:133,2
DA:134,2
DA:135,1
DA:136,0
DA:138,1
DA:139,0
DA:140,2
DA:141,0
DA:143,0
DA:145,1
DA:149,1
DA:155,2
DA:156,1
DA:161,1
DA:162,1
DA:163,2
DA:164,3
DA:166,0
DA:169,0
DA:170,0
DA:174,0
DA:175,0
DA:177,0
DA:178,0
DA:179,0
DA:181,0
DA:186,0
DA:187,0
DA:189,0
DA:194,0
DA:195,0
DA:197,0
DA:203,1
DA:205,1
DA:206,1
DA:207,2
DA:209,5
DA:210,1
DA:213,1
DA:214,1
DA:216,3
DA:217,1
DA:218,1
DA:220,3
DA:221,1
DA:222,0
DA:229,0
DA:233,0
DA:235,0
DA:236,0
DA:238,0
DA:239,0
DA:241,0
DA:242,0
DA:243,0
DA:244,0
DA:248,0
DA:249,0
DA:250,0
DA:251,0
DA:256,0
DA:258,0
DA:259,0
DA:268,0
DA:273,0
DA:275,0
DA:276,0
DA:277,0
DA:279,0
DA:280,0
DA:281,0
DA:282,0
DA:283,0
DA:288,0
DA:290,0
DA:291,0
LF:134
LH:58
end_of_record
SF:lib\features\flow\ui\widgets\flow_list_view.dart
DA:18,1
DA:31,1
DA:33,1
DA:34,1
DA:35,1
DA:36,1
DA:37,1
DA:38,1
DA:40,1
DA:41,1
DA:42,1
DA:43,1
DA:45,1
DA:46,2
DA:47,0
DA:48,1
DA:49,2
DA:50,1
DA:53,1
DA:54,3
DA:64,1
DA:76,1
DA:78,1
DA:79,1
DA:80,1
DA:81,1
DA:83,1
DA:84,4
DA:85,1
DA:86,4
DA:87,4
DA:88,4
DA:90,1
DA:91,2
DA:93,1
DA:94,2
DA:95,1
DA:96,1
DA:97,1
DA:98,1
DA:100,1
DA:101,2
DA:102,1
DA:104,1
DA:105,1
DA:107,1
DA:108,1
DA:109,5
DA:111,3
DA:114,2
DA:115,1
DA:116,1
DA:117,1
DA:120,2
DA:122,2
DA:123,1
DA:125,3
DA:128,1
DA:129,1
DA:132,1
DA:133,2
DA:134,1
DA:135,1
DA:150,1
DA:155,1
DA:157,1
DA:159,2
DA:160,2
DA:163,1
DA:164,2
DA:166,1
LF:71
LH:70
end_of_record
SF:lib\features\harmony\bloc\gratitude_wall_state.dart
DA:14,1
DA:26,3
DA:37,1
DA:49,1
DA:50,1
DA:51,1
DA:52,1
DA:53,1
DA:54,1
DA:55,1
DA:56,1
DA:57,1
DA:58,1
DA:62,1
DA:63,1
DA:64,1
DA:65,1
DA:66,1
DA:67,1
DA:68,1
DA:69,1
DA:70,1
DA:71,1
DA:72,1
LF:24
LH:24
end_of_record
SF:lib\features\harmony\bloc\gratitude_wall_cubit.dart
DA:14,1
DA:23,1
DA:30,1
DA:31,2
DA:32,3
DA:34,3
DA:35,3
DA:40,4
DA:41,1
DA:42,2
DA:44,1
DA:45,1
DA:46,1
DA:49,1
DA:52,3
DA:54,4
DA:58,1
DA:59,4
DA:60,3
DA:62,2
DA:63,1
DA:64,2
DA:65,2
DA:67,4
DA:68,2
DA:69,2
DA:70,1
DA:71,2
DA:74,1
DA:75,1
DA:82,4
DA:86,1
DA:88,2
DA:91,1
DA:94,2
LF:35
LH:35
end_of_record
SF:lib\features\harmony\bloc\harmony_state.dart
DA:12,4
DA:22,1
DA:32,1
DA:34,1
DA:35,1
DA:36,1
DA:37,1
DA:38,1
DA:40,1
DA:44,1
DA:45,1
DA:46,1
DA:47,1
DA:48,1
DA:49,1
DA:50,1
DA:51,1
DA:52,1
LF:18
LH:18
end_of_record
SF:lib\features\harmony\bloc\harmony_cubit.dart
DA:12,2
DA:15,2
DA:20,1
DA:21,3
DA:24,3
DA:25,4
DA:26,1
DA:27,2
DA:29,1
DA:31,2
DA:32,2
DA:40,1
DA:42,6
DA:43,4
DA:44,1
DA:45,2
DA:47,1
DA:48,2
DA:50,2
DA:58,1
DA:59,6
DA:60,3
DA:63,1
DA:64,2
DA:65,2
DA:66,3
DA:68,2
DA:69,1
DA:71,2
DA:73,6
DA:75,1
DA:76,2
DA:78,3
DA:83,0
DA:87,1
DA:88,2
DA:90,1
DA:91,2
DA:93,1
DA:100,1
DA:101,1
DA:111,0
DA:112,0
DA:113,0
DA:114,0
DA:116,0
DA:117,0
DA:119,0
DA:120,0
DA:122,0
LF:50
LH:40
end_of_record
SF:lib\features\harmony\data\supabase\supabase_mood_repository.dart
DA:18,2
DA:19,2
DA:22,0
DA:23,0
DA:25,0
DA:27,0
DA:29,0
DA:31,0
DA:32,0
DA:33,0
DA:34,0
DA:39,1
DA:47,2
DA:49,1
DA:50,1
DA:51,2
DA:52,1
DA:53,1
DA:56,1
DA:57,0
DA:59,1
DA:60,0
DA:62,2
DA:63,1
DA:64,1
DA:65,1
DA:67,0
DA:68,0
DA:76,0
DA:77,0
DA:81,0
DA:88,0
DA:90,0
DA:91,0
DA:92,0
DA:94,0
DA:95,0
DA:98,0
DA:100,0
DA:101,0
DA:102,0
DA:105,0
DA:108,0
DA:109,0
DA:110,0
DA:111,0
DA:113,0
DA:125,0
DA:127,0
DA:129,0
DA:132,0
DA:133,0
DA:134,0
DA:136,0
DA:137,0
DA:139,0
DA:140,0
DA:150,0
DA:152,0
DA:154,0
DA:158,0
DA:160,0
DA:162,0
DA:165,0
DA:166,0
DA:167,0
DA:169,0
DA:170,0
DA:172,0
DA:173,0
DA:179,0
DA:181,0
DA:183,0
DA:185,0
DA:189,0
DA:192,0
DA:194,0
DA:197,0
LF:78
LH:15
end_of_record
SF:lib\features\harmony\ui\gratitude_wall\gratitude_wall_provider.dart
DA:14,0
DA:21,0
DA:23,0
DA:25,0
DA:26,0
DA:27,0
DA:28,0
DA:29,0
LF:8
LH:0
end_of_record
SF:lib\features\harmony\ui\harmony_page.dart
DA:12,0
DA:14,1
DA:16,2
DA:18,1
DA:20,1
DA:21,1
DA:22,2
DA:23,1
DA:25,1
DA:29,1
DA:30,1
DA:31,1
DA:32,2
DA:33,2
DA:41,2
LF:15
LH:14
end_of_record
SF:lib\features\harmony\ui\harmony_provider.dart
DA:13,0
DA:20,0
DA:22,0
DA:24,0
DA:25,0
LF:5
LH:0
end_of_record
SF:lib\features\harmony\ui\gratitude_wall\gratitude_wall_content.dart
DA:14,0
DA:18,0
DA:20,0
DA:21,0
DA:22,0
DA:24,0
DA:25,0
DA:26,0
DA:27,0
DA:28,0
DA:29,0
DA:30,0
DA:31,0
DA:38,0
DA:39,0
DA:40,0
DA:41,0
DA:42,0
DA:43,0
DA:47,0
DA:48,0
DA:49,0
DA:51,0
DA:52,0
DA:56,0
DA:60,0
DA:64,0
DA:68,0
DA:69,0
DA:70,0
DA:71,0
DA:72,0
DA:75,0
DA:76,0
DA:77,0
DA:78,0
DA:86,0
DA:87,0
DA:88,0
DA:97,0
DA:102,0
DA:104,0
DA:106,0
DA:108,0
DA:109,0
DA:110,0
DA:111,0
DA:112,0
DA:113,0
DA:114,0
DA:115,0
DA:116,0
DA:117,0
DA:118,0
DA:122,0
DA:124,0
DA:125,0
DA:126,0
DA:127,0
DA:128,0
DA:129,0
DA:132,0
DA:133,0
DA:134,0
DA:135,0
DA:136,0
DA:143,0
DA:144,0
LF:68
LH:0
end_of_record
SF:lib\features\harmony\ui\gratitude_wall\gratitude_wall_widgets.dart
DA:17,0
DA:21,0
DA:23,0
DA:25,0
DA:26,0
DA:27,0
DA:29,0
DA:30,0
DA:31,0
DA:32,0
DA:34,0
DA:42,0
DA:51,0
DA:53,0
DA:54,0
DA:55,0
DA:56,0
DA:58,0
DA:59,0
DA:60,0
DA:61,0
DA:62,0
DA:64,0
DA:68,0
DA:69,0
DA:70,0
DA:72,0
DA:74,0
DA:75,0
DA:77,0
DA:78,0
DA:79,0
DA:81,0
DA:82,0
DA:83,0
DA:89,0
DA:90,0
DA:91,0
DA:92,0
DA:93,0
DA:95,0
DA:97,0
DA:98,0
DA:100,0
DA:101,0
DA:102,0
DA:103,0
DA:106,0
DA:107,0
DA:108,0
DA:110,0
DA:111,0
DA:115,0
DA:116,0
DA:117,0
DA:120,0
DA:121,0
DA:122,0
DA:130,0
DA:131,0
DA:132,0
DA:133,0
DA:137,0
DA:138,0
DA:139,0
DA:140,0
DA:142,0
DA:145,0
DA:154,0
DA:155,0
DA:156,0
DA:157,0
DA:162,3
DA:164,0
DA:166,0
DA:167,0
DA:168,0
DA:170,0
DA:173,0
DA:174,0
DA:175,0
DA:176,0
DA:179,0
DA:180,0
DA:181,0
DA:182,0
DA:183,0
DA:193,0
DA:202,0
DA:204,0
DA:205,0
DA:207,0
DA:208,0
DA:210,0
DA:211,0
DA:212,0
DA:213,0
DA:214,0
DA:215,0
DA:224,0
DA:233,0
DA:235,0
DA:236,0
DA:237,0
DA:238,0
DA:240,0
DA:241,0
DA:242,0
DA:244,0
DA:246,0
DA:247,0
DA:249,0
DA:253,0
DA:254,0
DA:255,0
DA:256,0
DA:257,0
DA:260,0
DA:267,3
DA:269,0
DA:271,0
DA:272,0
DA:273,0
DA:275,0
DA:276,0
DA:277,0
DA:278,0
DA:279,0
DA:280,0
DA:281,0
DA:287,0
DA:288,0
DA:289,0
DA:290,0
DA:292,0
DA:293,0
DA:295,0
DA:296,0
DA:304,0
DA:309,0
DA:311,0
DA:312,0
DA:313,0
DA:314,0
DA:317,0
DA:322,0
DA:323,0
DA:324,0
DA:327,0
LF:149
LH:2
end_of_record
SF:lib\features\harmony\ui\gratitude_wall\gratitude_wall_screen.dart
DA:13,3
DA:15,0
DA:17,0
DA:19,0
DA:22,0
DA:24,0
DA:25,0
DA:27,0
DA:28,0
DA:29,0
DA:31,0
DA:32,0
DA:33,0
DA:35,0
DA:36,0
DA:37,0
DA:38,0
DA:39,0
DA:40,0
DA:47,0
LF:20
LH:1
end_of_record
SF:lib\features\harmony\ui\harmony_screen.dart
DA:24,1
DA:30,1
DA:32,1
DA:34,1
DA:36,0
DA:37,0
DA:38,0
DA:39,0
DA:41,0
DA:43,0
DA:44,0
DA:45,0
DA:47,0
DA:51,0
DA:52,0
DA:53,0
DA:54,0
DA:57,1
DA:58,1
DA:59,1
DA:60,1
DA:61,2
DA:63,1
DA:65,1
DA:68,1
DA:69,2
DA:70,1
DA:71,2
DA:73,1
DA:74,2
DA:75,1
DA:76,2
DA:77,1
DA:86,0
DA:87,0
DA:89,0
DA:90,0
DA:91,0
DA:92,0
DA:94,0
DA:102,3
DA:104,1
DA:106,1
DA:108,1
DA:109,1
DA:110,1
DA:112,0
DA:114,0
DA:115,0
DA:117,0
DA:119,0
DA:120,0
DA:122,0
DA:127,0
DA:130,1
DA:132,1
DA:133,1
DA:134,1
DA:138,1
DA:139,0
DA:151,1
DA:155,1
DA:157,1
DA:158,1
DA:160,1
DA:162,1
DA:163,3
DA:164,1
DA:165,1
DA:166,3
DA:176,1
DA:178,1
DA:180,1
DA:181,1
DA:183,1
DA:186,1
DA:188,1
DA:191,1
DA:193,1
DA:196,1
DA:198,1
DA:201,1
DA:203,1
DA:208,1
DA:209,1
DA:210,1
DA:212,1
DA:213,0
DA:222,1
DA:224,1
DA:226,1
DA:227,1
DA:228,1
DA:229,1
DA:230,1
DA:233,2
DA:241,1
DA:243,1
DA:245,1
DA:246,1
DA:248,2
DA:249,2
DA:250,3
DA:252,1
DA:253,1
DA:255,0
DA:256,1
LF:107
LH:76
end_of_record
SF:lib\features\home\data\supabase\supabase_home_repository.dart
DA:8,1
DA:9,2
DA:13,0
DA:16,0
DA:18,0
DA:20,0
DA:22,0
DA:26,0
DA:29,0
DA:31,0
DA:33,0
DA:35,0
DA:39,0
DA:42,0
DA:44,0
DA:46,0
DA:48,0
DA:52,0
DA:54,0
DA:57,0
DA:60,0
DA:62,0
DA:65,0
DA:66,0
DA:67,0
DA:68,0
DA:70,0
DA:74,0
DA:80,0
DA:82,0
DA:85,0
DA:89,0
DA:95,0
DA:97,0
DA:100,0
DA:104,0
DA:107,0
DA:109,0
DA:111,0
DA:113,0
DA:117,0
DA:123,0
DA:125,0
DA:127,0
DA:129,0
DA:137,0
DA:140,0
DA:142,0
DA:144,0
DA:146,0
DA:150,0
DA:153,0
DA:155,0
DA:157,0
DA:159,0
DA:163,0
DA:170,0
DA:172,0
DA:183,0
DA:186,0
DA:188,0
DA:195,0
DA:200,0
DA:202,0
DA:203,0
DA:204,0
DA:205,0
DA:207,0
DA:209,0
DA:211,0
DA:212,0
DA:222,0
DA:224,0
DA:225,0
DA:226,0
DA:227,0
DA:228,0
DA:229,0
DA:231,0
DA:234,0
DA:235,0
DA:237,0
DA:238,0
DA:239,0
DA:242,0
DA:245,0
DA:246,0
DA:249,0
DA:250,0
LF:89
LH:2
end_of_record
SF:lib\features\paywall\bloc\paywall_event.dart
DA:4,5
DA:8,2
DA:12,0
DA:13,0
DA:17,3
DA:22,0
DA:23,0
DA:27,3
DA:30,0
DA:31,0
DA:35,3
DA:38,0
DA:39,0
LF:13
LH:5
end_of_record
SF:lib\features\paywall\bloc\paywall_bloc.dart
DA:23,3
DA:38,3
DA:39,6
DA:40,6
DA:41,6
DA:42,6
DA:53,3
DA:57,3
DA:58,9
DA:60,3
DA:61,3
DA:62,6
DA:64,3
DA:65,6
DA:73,0
DA:77,2
DA:81,4
DA:83,4
DA:85,6
DA:86,2
DA:87,4
DA:91,2
DA:93,0
DA:101,4
DA:102,12
DA:106,4
DA:108,2
DA:109,2
DA:110,2
DA:114,4
DA:115,0
DA:116,0
DA:119,0
DA:123,4
DA:124,2
DA:125,2
DA:126,6
DA:127,1
DA:128,0
DA:129,0
DA:130,0
DA:131,0
DA:135,0
DA:136,0
DA:138,0
DA:142,4
DA:146,1
DA:150,2
DA:152,2
DA:154,1
DA:155,2
DA:158,2
DA:159,1
DA:160,1
DA:161,3
DA:162,0
DA:163,0
DA:164,0
DA:165,0
DA:166,0
DA:170,0
DA:171,0
DA:173,0
DA:177,0
DA:181,0
DA:186,0
DA:190,3
DA:191,6
DA:192,3
DA:198,2
DA:200,4
DA:201,0
DA:202,0
DA:203,0
DA:204,0
DA:208,4
DA:209,2
DA:217,2
DA:218,4
DA:222,0
DA:226,3
DA:228,3
DA:229,6
DA:230,15
DA:236,3
DA:238,6
DA:239,3
DA:242,0
DA:246,0
DA:251,0
DA:253,0
DA:254,0
DA:256,0
DA:257,0
DA:258,0
DA:260,0
DA:261,0
DA:265,0
DA:274,3
DA:276,6
DA:277,3
DA:281,0
DA:291,3
DA:293,3
LF:104
LH:64
end_of_record
SF:lib\features\paywall\bloc\paywall_state.dart
DA:15,3
DA:24,3
DA:32,3
DA:33,6
DA:34,6
DA:36,3
DA:44,3
DA:45,2
DA:46,3
DA:47,3
DA:48,3
DA:50,3
DA:54,3
DA:55,3
DA:56,3
DA:57,3
DA:58,3
DA:59,3
DA:60,3
DA:61,3
LF:20
LH:20
end_of_record
SF:lib\features\paywall\domain\paywall_models.dart
DA:5,0
DA:7,0
DA:8,0
DA:9,0
DA:10,0
DA:22,0
DA:30,0
DA:31,0
DA:32,0
DA:33,0
DA:34,0
DA:35,0
DA:36,0
DA:47,0
DA:54,0
DA:55,0
DA:56,0
DA:58,0
DA:59,0
DA:60,0
DA:61,0
DA:63,0
DA:64,0
DA:67,0
DA:69,0
DA:70,0
DA:72,0
LF:27
LH:0
end_of_record
SF:lib\features\paywall\data\supabase\supabase_paywall_repository.dart
DA:7,1
DA:8,2
DA:12,0
DA:18,0
DA:20,0
DA:22,0
DA:28,0
DA:31,0
DA:37,0
DA:39,0
DA:41,0
DA:43,0
DA:45,0
LF:13
LH:2
end_of_record
SF:lib\features\paywall\ui\paywall_screen.dart
DA:21,2
DA:36,2
DA:38,2
DA:40,4
DA:41,4
DA:42,4
DA:43,4
DA:44,4
DA:45,2
DA:46,4
DA:47,2
DA:48,8
DA:49,2
DA:50,2
DA:51,2
DA:52,2
DA:53,2
DA:54,2
DA:55,2
DA:56,2
DA:59,0
DA:60,0
DA:61,0
DA:64,2
DA:65,2
DA:66,2
DA:67,4
DA:68,4
DA:69,4
DA:75,2
DA:76,2
DA:77,4
DA:83,2
DA:84,2
DA:86,2
DA:87,6
DA:88,6
DA:89,2
DA:91,4
DA:105,1
DA:106,2
DA:107,3
DA:108,2
DA:109,1
DA:110,0
DA:114,2
DA:120,2
DA:121,1
DA:122,2
DA:124,0
DA:125,0
DA:128,0
DA:129,0
DA:132,2
DA:135,2
DA:139,4
DA:140,2
DA:143,2
DA:144,2
DA:145,4
DA:146,6
DA:148,0
DA:151,0
DA:152,0
DA:167,2
DA:173,2
DA:175,4
DA:177,2
DA:178,0
DA:180,2
DA:181,1
DA:183,2
DA:184,1
DA:186,2
DA:187,2
DA:191,6
DA:194,2
DA:199,2
DA:200,2
DA:201,8
DA:202,6
DA:204,2
DA:207,2
DA:212,2
DA:213,4
DA:214,4
DA:215,4
DA:216,4
DA:219,2
DA:220,2
DA:222,2
DA:223,4
DA:225,2
DA:230,4
LF:94
LH:82
end_of_record
SF:lib\features\paywall\ui\paywall_surface_contract.dart
DA:7,2
DA:23,2
DA:37,2
LF:3
LH:3
end_of_record
SF:lib\features\paywall\ui\paywall_surface_registry.dart
DA:9,3
DA:21,9
DA:24,3
DA:25,6
DA:27,3
DA:28,6
DA:29,6
DA:32,3
DA:35,3
DA:38,1
DA:39,2
DA:43,3
DA:44,3
DA:45,3
DA:48,4
LF:15
LH:15
end_of_record
SF:lib\features\paywall\ui\paywall_launcher.dart
DA:13,3
DA:15,1
DA:24,1
DA:34,1
DA:42,1
DA:44,1
DA:53,0
DA:54,0
DA:56,0
DA:58,0
DA:62,0
LF:11
LH:6
end_of_record
SF:lib\features\paywall\ui\widgets\paywall_content.dart
DA:26,2
DA:30,2
DA:32,4
DA:33,4
DA:34,4
DA:37,4
DA:38,0
DA:40,2
DA:41,2
DA:42,4
DA:43,2
DA:44,2
DA:45,6
DA:46,6
DA:47,6
DA:48,2
DA:49,4
DA:55,2
DA:75,2
DA:77,2
DA:78,2
DA:79,2
DA:80,2
DA:81,2
DA:82,2
DA:84,2
DA:86,8
DA:87,6
DA:89,4
DA:91,0
DA:93,0
DA:95,4
DA:97,4
DA:99,4
DA:100,2
DA:101,6
DA:102,6
DA:105,2
DA:106,2
DA:107,2
DA:109,1
DA:110,0
DA:112,2
DA:113,2
DA:114,2
DA:115,2
DA:116,2
DA:117,2
DA:119,2
DA:121,2
DA:122,2
DA:123,4
DA:125,4
DA:126,4
DA:128,4
DA:129,2
DA:131,4
DA:132,2
DA:133,2
DA:136,4
DA:137,0
DA:138,0
DA:140,2
DA:142,2
DA:143,2
DA:145,2
DA:146,2
DA:147,2
DA:148,2
DA:149,2
DA:151,2
DA:153,2
DA:154,2
DA:155,2
DA:157,4
DA:158,0
DA:159,2
DA:160,2
DA:161,2
DA:170,4
DA:171,2
DA:172,2
DA:174,4
DA:175,2
DA:177,2
DA:178,4
DA:179,4
DA:195,2
DA:209,2
DA:211,2
DA:212,2
DA:213,4
DA:214,2
DA:215,2
DA:216,2
DA:217,6
DA:220,4
DA:221,2
DA:222,2
DA:224,2
DA:226,2
DA:227,2
DA:228,4
DA:229,4
DA:230,2
DA:232,2
DA:233,2
DA:236,2
DA:240,2
DA:246,4
DA:247,2
DA:248,2
DA:250,2
DA:257,2
DA:263,2
DA:281,2
DA:283,2
DA:284,2
DA:285,2
DA:286,2
DA:287,2
DA:288,2
DA:290,8
DA:291,2
DA:292,0
DA:293,2
DA:294,6
DA:295,2
DA:297,2
DA:298,2
DA:299,6
DA:300,6
DA:301,6
DA:302,6
DA:304,2
DA:305,2
DA:306,2
DA:310,4
DA:311,2
DA:312,2
DA:313,6
DA:314,2
DA:315,2
DA:316,4
DA:320,2
DA:322,2
DA:323,2
DA:324,2
DA:325,4
DA:326,2
DA:329,4
DA:330,4
DA:331,4
DA:333,5
DA:334,2
DA:335,1
DA:336,1
DA:337,1
DA:339,1
DA:342,4
DA:343,0
DA:344,0
DA:345,0
DA:346,0
DA:347,0
DA:348,0
DA:349,0
DA:351,0
DA:353,0
DA:355,0
DA:365,0
DA:370,0
DA:372,0
DA:373,0
DA:375,0
DA:376,0
DA:378,0
LF:177
LH:152
end_of_record
SF:lib\features\preferences\data\supabase\supabase_house_vibe_repository.dart
DA:7,0
DA:8,0
DA:12,0
DA:18,0
DA:20,0
DA:26,0
DA:28,0
DA:30,0
DA:33,0
DA:34,0
DA:35,0
LF:11
LH:0
end_of_record
SF:lib\features\preferences\data\supabase\supabase_preference_reports_repository.dart
DA:8,0
DA:9,0
DA:13,0
DA:17,0
DA:19,0
DA:21,0
DA:23,0
DA:25,0
DA:28,0
DA:30,0
DA:32,0
DA:36,0
DA:42,0
DA:44,0
DA:50,0
DA:52,0
DA:54,0
DA:57,0
DA:64,0
DA:66,0
DA:73,0
DA:75,0
DA:77,0
DA:79,0
DA:80,0
DA:81,0
DA:83,0
DA:86,0
DA:92,0
DA:94,0
DA:100,0
DA:102,0
DA:104,0
DA:105,0
DA:107,0
DA:108,0
DA:109,0
DA:110,0
[...]
DA:276,4
DA:277,4
DA:278,4
DA:279,4
DA:285,4
DA:294,1
DA:302,1
DA:303,1
DA:304,1
DA:305,1
DA:306,2
DA:313,1
DA:314,1
DA:315,2
DA:316,1
DA:318,1
DA:319,1
DA:320,1
DA:321,1
DA:322,2
DA:326,1
DA:327,9
DA:330,1
DA:335,3
DA:336,2
DA:337,1
DA:339,2
DA:340,1
DA:343,1
DA:344,1
DA:345,1
DA:347,1
DA:349,1
DA:350,0
DA:351,0
DA:353,0
DA:355,1
DA:356,1
DA:358,1
DA:359,1
DA:360,1
DA:366,1
DA:370,1
DA:375,2
DA:377,6
DA:383,1
DA:391,0
DA:393,0
DA:402,1
DA:403,3
DA:404,1
DA:405,2
DA:406,1
DA:411,1
DA:412,1
DA:413,0
DA:415,0
DA:416,0
DA:417,0
DA:418,0
DA:419,0
DA:420,0
DA:421,0
DA:422,0
DA:423,0
DA:424,0
DA:425,0
DA:427,0
DA:428,0
DA:429,0
DA:430,0
DA:431,0
DA:435,2
DA:436,0
DA:438,0
DA:439,0
DA:440,0
DA:441,0
DA:442,0
DA:443,0
DA:444,0
DA:445,0
DA:446,0
DA:447,0
DA:448,0
DA:449,0
DA:450,0
DA:451,0
DA:453,0
DA:454,0
DA:455,0
DA:456,0
DA:457,0
DA:461,1
DA:462,1
DA:463,1
DA:464,1
DA:465,1
DA:466,1
DA:468,1
DA:469,1
DA:470,1
DA:471,1
DA:472,1
DA:473,1
DA:474,1
DA:475,1
DA:476,1
DA:477,1
DA:478,1
DA:479,1
DA:480,1
DA:481,1
DA:485,1
DA:486,1
DA:487,1
DA:488,1
DA:489,1
DA:490,1
DA:491,1
DA:492,1
DA:493,1
DA:494,1
DA:495,1
DA:496,1
DA:497,1
DA:498,1
DA:499,1
DA:501,1
DA:503,1
DA:504,1
DA:505,1
DA:509,0
DA:510,0
DA:511,0
DA:512,0
DA:513,0
DA:514,0
DA:515,0
DA:516,0
DA:517,0
DA:518,0
DA:519,0
DA:520,0
DA:521,0
DA:522,0
DA:523,0
DA:524,0
DA:525,0
DA:527,0
DA:529,0
DA:530,0
DA:531,0
DA:535,0
DA:536,0
DA:537,0
DA:538,0
DA:539,0
DA:540,0
DA:541,0
DA:542,0
DA:543,0
DA:544,0
DA:545,0
DA:546,0
DA:547,0
DA:548,0
DA:549,0
DA:550,0
DA:551,0
DA:553,0
DA:554,0
DA:555,0
DA:559,1
DA:560,1
DA:561,1
DA:562,1
DA:563,1
DA:564,1
DA:565,1
DA:566,1
DA:567,1
DA:568,1
DA:569,1
DA:570,1
DA:571,1
DA:572,1
DA:574,1
DA:575,1
DA:576,1
DA:577,1
DA:581,0
DA:582,0
DA:583,0
DA:584,0
DA:585,0
DA:586,0
DA:587,0
DA:588,0
DA:589,0
DA:590,0
DA:591,0
DA:592,0
DA:593,0
DA:594,0
DA:595,0
DA:596,0
DA:597,0
DA:599,0
DA:600,0
DA:601,0
DA:602,0
DA:606,0
DA:607,0
DA:608,0
DA:609,0
DA:610,0
DA:611,0
DA:612,0
DA:613,0
DA:614,0
DA:615,0
DA:616,0
DA:617,0
DA:618,0
DA:619,0
DA:620,0
DA:621,0
DA:623,0
DA:624,0
DA:625,0
DA:626,0
DA:630,1
DA:631,1
DA:632,1
DA:633,1
DA:634,1
DA:635,1
DA:636,1
DA:637,1
DA:638,1
DA:639,1
DA:640,1
DA:641,1
DA:642,1
DA:643,1
DA:644,1
DA:646,1
DA:647,1
DA:648,1
DA:650,1
DA:654,0
DA:655,0
DA:656,0
DA:657,0
DA:658,0
DA:659,0
DA:660,0
DA:661,0
DA:662,0
DA:663,0
DA:664,0
DA:665,0
DA:666,0
DA:667,0
DA:668,0
DA:669,0
DA:670,0
DA:672,0
DA:673,0
DA:674,0
DA:676,0
DA:680,0
DA:681,0
DA:682,0
DA:683,0
DA:684,0
DA:685,0
DA:686,0
DA:687,0
DA:688,0
DA:689,0
DA:690,0
DA:691,0
DA:692,0
DA:693,0
DA:694,0
DA:695,0
DA:696,0
DA:697,0
DA:698,0
DA:700,0
DA:704,1
DA:709,2
DA:712,1
DA:715,2
DA:722,3
DA:725,1
DA:730,2
DA:732,1
DA:733,1
DA:736,0
DA:743,3
DA:746,1
DA:751,2
DA:753,1
DA:754,1
DA:757,0
DA:764,3
DA:767,1
DA:772,3
DA:774,2
DA:781,3
DA:784,2
DA:786,4
DA:787,2
DA:792,1
LF:418
LH:246
end_of_record
SF:lib\foundation\surfaces\today\bloc\today_event.dart
DA:4,3
DA:6,1
DA:7,1
DA:11,2
DA:15,2
DA:19,1
DA:23,1
DA:24,2
DA:29,2
DA:34,2
DA:39,1
DA:40,2
DA:45,2
DA:49,1
DA:50,2
DA:54,2
LF:16
LH:16
end_of_record
SF:lib\foundation\surfaces\today\bloc\today_state.dart
DA:28,6
DA:54,4
DA:72,4
DA:95,3
DA:116,3
DA:140,2
DA:161,2
DA:187,18
DA:188,4
DA:189,8
DA:190,8
DA:191,8
DA:192,10
DA:193,2
DA:194,6
DA:195,4
DA:197,3
DA:198,3
DA:199,3
DA:200,3
DA:201,3
DA:202,3
DA:203,3
DA:204,3
DA:205,3
DA:206,3
DA:207,3
DA:208,3
DA:209,3
DA:210,3
DA:211,3
DA:212,3
DA:213,3
DA:214,3
DA:215,3
DA:216,3
DA:217,3
DA:218,3
DA:219,3
DA:220,3
DA:221,3
LF:41
LH:41
end_of_record
SF:lib\foundation\surfaces\today\domain\models.dart
DA:12,1
DA:19,0
DA:25,0
DA:26,0
DA:27,0
DA:28,0
DA:29,0
DA:33,0
DA:34,0
DA:36,1
DA:37,5
DA:47,1
DA:54,1
DA:55,5
LF:14
LH:6
end_of_record
SF:lib\foundation\surfaces\today\today_provider.dart
DA:26,0
DA:39,0
DA:41,0
DA:43,0
DA:44,0
DA:45,0
DA:46,0
DA:47,0
DA:48,0
DA:49,0
DA:50,0
DA:51,0
DA:52,0
LF:13
LH:0
end_of_record
SF:lib\foundation\surfaces\today\today_surface.dart
DA:57,3
DA:61,3
DA:62,3
DA:71,3
DA:73,3
DA:74,6
DA:79,3
DA:81,6
DA:82,3
DA:85,6
DA:87,3
DA:89,3
DA:90,3
DA:91,3
DA:92,3
DA:93,3
DA:94,3
DA:95,3
DA:97,8
DA:99,3
DA:100,3
DA:102,3
DA:103,3
DA:104,3
DA:105,2
DA:106,2
DA:108,3
DA:110,1
DA:111,3
DA:112,0
DA:113,0
DA:115,3
DA:117,1
DA:118,3
DA:119,0
DA:120,0
DA:121,0
DA:122,0
DA:123,0
DA:127,3
DA:129,1
DA:130,3
DA:131,0
DA:132,0
DA:133,0
DA:134,0
DA:135,0
DA:140,3
DA:142,3
DA:143,3
DA:144,3
DA:145,3
DA:146,3
DA:147,3
DA:148,3
DA:149,3
DA:151,3
DA:153,3
DA:154,3
DA:156,6
DA:157,1
DA:160,3
DA:162,3
DA:163,3
DA:164,3
DA:165,3
DA:166,3
DA:167,3
DA:170,3
DA:172,6
DA:173,3
DA:174,3
DA:175,3
DA:176,3
DA:177,3
DA:178,3
DA:179,3
DA:180,6
DA:182,3
DA:183,3
DA:184,3
DA:203,3
DA:204,3
DA:205,3
DA:206,3
DA:207,6
DA:208,6
DA:209,3
DA:210,3
DA:216,3
DA:217,0
DA:218,0
DA:221,0
DA:222,0
DA:228,3
DA:230,0
DA:232,0
DA:234,0
DA:235,0
DA:237,0
DA:238,0
DA:248,2
DA:250,0
DA:253,0
DA:255,0
DA:256,0
DA:258,0
DA:259,0
DA:261,0
DA:262,0
DA:264,0
DA:267,0
DA:269,0
DA:272,0
DA:274,0
DA:277,0
DA:279,0
DA:280,0
DA:282,0
DA:283,0
DA:285,0
DA:286,0
DA:288,1
DA:289,1
DA:291,1
DA:294,1
DA:296,0
DA:297,0
DA:299,1
DA:301,1
DA:303,0
DA:304,0
DA:306,3
DA:313,3
DA:317,3
DA:318,3
DA:319,3
DA:321,6
DA:323,7
DA:324,3
DA:325,3
DA:336,2
DA:337,2
DA:338,1
DA:339,2
DA:340,1
DA:343,0
DA:345,0
DA:346,0
DA:347,0
DA:349,0
DA:351,0
DA:352,0
DA:355,0
DA:358,0
DA:359,0
DA:360,0
DA:361,0
DA:362,0
DA:365,0
DA:367,0
DA:368,0
DA:369,0
DA:372,0
DA:374,0
DA:375,0
DA:376,0
DA:379,0
DA:381,0
DA:382,0
DA:383,0
DA:385,0
DA:387,2
DA:391,4
DA:395,2
DA:397,4
DA:398,2
DA:401,2
DA:402,2
DA:403,2
DA:405,2
DA:409,2
DA:410,2
DA:411,6
DA:413,4
DA:414,6
DA:417,6
DA:418,4
DA:419,2
DA:420,4
DA:427,2
DA:429,2
DA:431,2
DA:432,0
DA:433,2
DA:434,0
DA:435,2
DA:436,2
DA:437,0
DA:438,0
DA:442,2
DA:443,2
DA:444,2
DA:445,2
LF:204
LH:128
end_of_record
SF:lib\foundation\surfaces\today\today_surface_flow_helpers.dart
DA:3,0
DA:4,0
DA:6,0
DA:8,0
DA:10,0
DA:11,0
DA:12,0
DA:17,0
DA:19,0
DA:20,0
DA:21,0
DA:25,0
DA:27,0
DA:29,0
DA:30,0
DA:33,0
DA:37,0
DA:39,0
DA:41,0
DA:42,0
DA:43,0
DA:44,0
DA:46,0
DA:47,0
DA:49,0
DA:53,0
DA:57,0
DA:58,0
DA:59,0
DA:61,0
DA:62,0
DA:63,0
DA:65,0
DA:68,0
DA:69,0
DA:71,0
DA:75,0
LF:37
LH:0
end_of_record
SF:lib\foundation\surfaces\today\today_surface_helpers.dart
DA:3,3
DA:4,3
DA:5,3
DA:6,3
DA:10,1
DA:11,1
DA:13,1
DA:14,1
DA:16,1
DA:18,1
DA:19,1
DA:24,1
DA:25,0
DA:26,1
DA:29,1
DA:30,2
DA:33,1
DA:38,1
DA:40,0
DA:42,0
DA:43,0
DA:47,0
DA:49,0
DA:50,0
DA:51,0
DA:53,0
DA:54,0
DA:55,0
DA:56,0
DA:57,0
DA:60,0
DA:61,0
DA:62,0
DA:63,0
DA:66,0
DA:67,0
DA:68,0
DA:69,0
DA:70,0
DA:78,1
DA:79,1
DA:80,2
DA:81,1
DA:83,0
DA:84,0
DA:85,0
DA:88,0
DA:89,0
DA:90,0
DA:91,0
DA:95,0
DA:96,0
DA:99,1
DA:103,1
DA:104,2
DA:105,1
DA:110,1
DA:111,1
DA:112,1
DA:113,1
DA:114,1
DA:115,1
DA:116,1
DA:117,1
DA:118,1
DA:119,1
DA:120,2
DA:121,1
DA:122,1
DA:123,1
DA:124,1
DA:125,1
DA:126,1
DA:127,1
DA:130,0
DA:131,0
DA:136,6
DA:138,1
DA:139,1
DA:141,0
DA:145,0
DA:146,0
DA:148,0
DA:152,0
DA:155,0
DA:157,0
DA:158,0
DA:160,0
DA:161,0
DA:163,0
DA:164,0
DA:166,0
DA:169,0
DA:171,0
DA:174,0
DA:176,0
DA:179,0
DA:181,0
DA:182,0
DA:184,0
DA:185,0
DA:187,0
DA:188,0
DA:190,1
DA:191,1
DA:193,1
DA:196,1
DA:198,0
DA:201,0
DA:203,1
DA:204,1
DA:205,1
DA:206,2
DA:209,0
DA:210,0
LF:115
LH:54
end_of_record
SF:lib\foundation\surfaces\today\today_surface_notifications_helpers.dart
DA:3,1
DA:7,1
DA:9,1
DA:18,1
DA:28,2
DA:37,2
DA:38,1
DA:39,2
DA:42,2
DA:43,2
DA:44,0
DA:47,2
DA:48,2
DA:51,2
DA:52,4
DA:53,6
DA:54,2
DA:57,2
DA:59,2
DA:60,2
DA:65,2
DA:67,0
DA:74,2
DA:76,2
DA:85,2
DA:86,1
DA:93,1
LF:27
LH:25
end_of_record
SF:lib\foundation\surfaces\today\today_surface_share_helpers.dart
DA:3,0
DA:4,0
DA:5,0
DA:6,0
DA:7,0
DA:8,0
DA:10,0
DA:11,0
DA:13,0
DA:19,0
DA:23,0
DA:24,0
DA:25,0
DA:26,0
DA:28,0
DA:29,0
DA:31,0
DA:34,0
DA:38,0
DA:42,0
DA:44,0
DA:47,0
DA:48,0
DA:50,0
DA:51,0
DA:52,0
DA:53,0
DA:54,0
DA:55,0
DA:57,0
DA:60,0
DA:64,0
DA:68,0
DA:69,0
DA:70,0
DA:73,0
DA:75,0
DA:76,0
DA:80,0
DA:81,0
DA:82,0
DA:83,0
DA:87,1
DA:94,0
DA:95,0
DA:98,0
DA:101,1
DA:102,1
DA:103,1
DA:105,1
DA:106,2
DA:112,1
DA:115,1
DA:122,1
DA:123,2
DA:127,0
DA:128,0
DA:129,0
DA:130,0
DA:131,0
DA:134,0
DA:140,0
DA:141,0
DA:147,0
DA:149,0
DA:152,0
DA:155,0
DA:157,0
DA:160,1
DA:167,1
LF:70
LH:12
end_of_record
SF:lib\foundation\surfaces\today\today_registry.dart
DA:14,4
DA:30,12
DA:33,3
DA:34,6
DA:36,4
DA:37,8
DA:38,24
DA:41,4
DA:44,4
DA:47,1
DA:48,2
DA:52,4
DA:53,4
DA:54,4
DA:62,4
DA:63,4
DA:67,6
DA:71,4
DA:72,4
DA:76,6
DA:80,4
DA:81,4
DA:85,4
DA:86,4
DA:87,4
DA:89,6
DA:93,4
DA:94,4
DA:99,2
DA:100,2
DA:101,2
DA:102,2
DA:103,2
DA:105,6
DA:109,4
DA:110,4
DA:115,1
DA:116,3
DA:117,6
DA:123,2
DA:124,4
DA:125,3
DA:126,4
DA:129,1
DA:130,2
DA:131,1
DA:132,2
DA:134,1
DA:135,2
DA:136,0
DA:138,1
DA:139,2
DA:141,2
DA:142,2
DA:143,4
DA:144,2
DA:148,1
DA:149,1
DA:151,1
DA:152,0
DA:153,2
DA:155,1
DA:156,0
DA:157,2
DA:159,1
DA:162,2
DA:163,2
DA:164,0
DA:165,1
DA:169,0
DA:170,0
DA:171,0
DA:172,0
DA:173,0
DA:174,0
LF:75
LH:65
end_of_record
SF:lib\foundation\surfaces\today\today_slots.dart
DA:11,2
DA:27,2
DA:39,2
DA:69,2
LF:4
LH:4
end_of_record
SF:lib\foundation\surfaces\today\widgets\today_flow_section\today_flow_section_container.dart
DA:17,2
DA:23,2
DA:25,2
DA:26,2
DA:28,2
DA:30,1
DA:31,3
DA:32,3
DA:33,3
DA:34,0
DA:35,2
DA:36,2
DA:40,2
DA:41,0
DA:42,0
DA:43,0
DA:44,0
DA:45,0
DA:52,2
DA:53,2
DA:54,2
DA:55,2
DA:56,2
LF:23
LH:17
end_of_record
SF:lib\foundation\surfaces\today\widgets\today_gratitude_section.dart
DA:12,1
DA:16,1
DA:18,1
DA:19,1
DA:20,1
DA:21,1
DA:23,1
DA:24,1
DA:26,1
DA:27,1
DA:28,1
DA:29,1
DA:31,1
DA:32,4
DA:33,2
DA:35,1
DA:37,1
DA:38,1
DA:39,1
DA:40,3
DA:46,1
LF:21
LH:21
end_of_record
SF:lib\foundation\surfaces\today\widgets\today_invite_prompt.dart
DA:9,1
DA:26,1
DA:28,1
DA:29,1
DA:30,1
DA:31,1
DA:32,1
DA:34,1
DA:36,1
DA:37,1
DA:38,1
DA:40,1
DA:41,1
DA:42,1
DA:43,1
DA:44,1
DA:46,1
DA:48,1
DA:49,4
DA:50,2
DA:51,1
DA:52,1
DA:53,3
DA:54,2
DA:57,2
DA:58,1
DA:59,1
DA:60,1
DA:61,1
DA:62,1
DA:63,1
DA:66,1
DA:67,2
DA:68,1
DA:69,1
LF:35
LH:35
end_of_record
SF:lib\foundation\surfaces\today\widgets\today_share_section\today_share_section_container.dart
DA:11,1
DA:24,1
DA:26,1
DA:28,0
DA:29,0
DA:30,0
DA:31,0
DA:32,0
DA:33,0
DA:34,1
DA:36,1
DA:41,1
DA:42,1
DA:43,1
DA:44,1
DA:45,1
DA:46,1
DA:47,1
DA:48,1
DA:49,1
LF:20
LH:14
end_of_record
SF:lib\foundation\surfaces\today\widgets\today_add_sheet.dart
DA:17,0
DA:24,0
DA:30,0
DA:34,0
DA:35,0
DA:43,0
DA:45,0
DA:46,0
DA:47,0
DA:49,0
DA:50,0
DA:54,0
DA:57,0
DA:58,0
DA:59,0
DA:60,0
DA:63,0
DA:64,0
DA:65,0
DA:66,0
DA:69,0
DA:70,0
DA:71,0
DA:72,0
DA:75,0
DA:76,0
DA:77,0
DA:78,0
LF:28
LH:0
end_of_record
SF:lib\foundation\surfaces\today\widgets\today_empty_state_card.dart
DA:12,2
DA:14,2
DA:16,2
DA:17,2
DA:18,2
DA:19,2
DA:22,2
DA:24,2
DA:26,2
DA:27,2
DA:28,2
DA:30,2
DA:32,2
DA:33,6
DA:34,2
DA:35,2
DA:36,2
DA:38,0
DA:40,4
DA:41,2
DA:42,2
DA:43,6
DA:44,4
LF:23
LH:22
end_of_record
SF:lib\foundation\surfaces\today\widgets\today_header\today_header_container.dart
DA:16,3
DA:18,3
DA:20,3
DA:22,1
DA:23,3
DA:24,3
DA:25,3
DA:26,3
DA:27,3
DA:28,3
DA:29,0
DA:35,0
DA:39,0
DA:40,0
DA:41,0
DA:45,0
DA:47,0
DA:48,0
DA:51,0
LF:19
LH:10
end_of_record
SF:lib\foundation\surfaces\today\widgets\today_flow_section\today_flow_section.dart
DA:20,2
DA:33,2
DA:34,2
DA:40,2
DA:42,2
DA:43,2
DA:44,2
DA:45,6
DA:47,6
DA:52,0
DA:54,0
DA:56,0
DA:57,0
DA:59,0
DA:62,0
DA:63,0
DA:64,0
DA:66,0
DA:69,0
DA:74,2
DA:76,2
DA:77,2
DA:78,2
DA:79,2
DA:80,2
DA:82,2
DA:83,6
DA:85,6
DA:89,2
DA:95,2
DA:97,2
DA:98,4
DA:99,0
DA:100,0
DA:101,0
DA:102,0
DA:103,0
DA:104,0
DA:106,0
DA:108,0
DA:112,0
DA:113,0
DA:117,0
DA:119,2
DA:123,2
DA:124,2
DA:126,4
DA:131,2
DA:137,2
DA:138,2
DA:139,2
DA:140,4
DA:143,4
DA:144,4
DA:148,0
DA:150,0
DA:151,0
DA:152,0
DA:155,0
DA:156,0
DA:165,2
DA:183,2
DA:186,6
DA:188,2
DA:189,2
DA:190,2
DA:191,2
DA:192,2
DA:193,2
DA:194,2
DA:198,0
DA:199,0
DA:200,0
DA:201,0
DA:202,0
DA:203,0
DA:212,2
DA:226,2
DA:228,2
DA:230,2
DA:231,8
DA:232,0
DA:234,2
DA:235,2
DA:236,4
DA:237,2
DA:238,2
DA:240,2
DA:241,0
DA:242,0
DA:243,2
DA:245,2
DA:246,2
DA:247,0
DA:248,0
DA:249,0
DA:251,2
DA:253,2
DA:255,6
DA:259,0
DA:261,4
DA:269,0
DA:279,0
DA:281,0
DA:283,0
DA:285,0
DA:287,0
DA:288,0
DA:295,0
DA:296,0
DA:297,0
DA:298,0
DA:299,0
LF:113
LH:61
end_of_record
SF:lib\foundation\surfaces\today\widgets\today_section_tabs.dart
DA:10,0
DA:14,3
DA:26,3
DA:31,3
DA:32,3
DA:33,1
DA:34,0
LF:7
LH:5
end_of_record
SF:lib\foundation\surfaces\today\widgets\today_header\today_header.dart
DA:16,3
DA:23,3
DA:25,3
DA:26,3
DA:27,3
DA:28,3
DA:29,10
DA:32,9
DA:34,3
DA:36,3
DA:37,3
DA:38,3
DA:40,3
DA:41,3
DA:43,9
DA:44,3
DA:48,6
DA:50,3
DA:51,6
DA:52,9
DA:53,6
DA:54,3
DA:61,6
DA:62,3
DA:63,3
DA:64,3
DA:65,3
DA:66,9
DA:67,3
DA:68,4
DA:70,4
LF:31
LH:31
end_of_record
SF:lib\foundation\surfaces\today\widgets\today_share_section\today_share_section.dart
DA:21,2
DA:42,2
DA:43,2
DA:49,2
DA:51,2
DA:52,2
DA:53,2
DA:54,6
DA:55,6
DA:56,6
DA:61,0
DA:63,0
DA:65,0
DA:66,0
DA:67,0
DA:68,0
DA:71,0
DA:72,0
DA:73,0
DA:74,0
DA:75,0
DA:78,0
DA:83,2
DA:85,2
DA:86,2
DA:87,2
DA:88,2
DA:89,2
DA:91,2
DA:92,6
DA:93,6
DA:94,6
DA:98,2
DA:104,2
DA:106,2
DA:107,4
DA:108,0
DA:109,0
DA:110,0
DA:111,0
DA:115,5
DA:116,1
DA:117,1
DA:118,3
DA:119,2
DA:120,3
DA:121,2
DA:122,3
DA:123,0
DA:125,1
DA:127,1
DA:131,2
DA:132,1
DA:136,2
DA:138,2
DA:142,2
DA:143,2
DA:145,2
DA:146,2
DA:153,2
DA:158,2
DA:159,2
DA:160,2
DA:161,4
DA:162,4
DA:165,1
DA:166,1
DA:167,2
DA:168,2
DA:172,0
DA:173,0
DA:174,0
DA:175,0
DA:176,0
DA:185,2
DA:195,2
DA:197,4
DA:198,2
DA:200,2
DA:201,8
DA:202,4
DA:203,2
DA:204,2
DA:205,9
DA:207,2
DA:208,2
DA:209,2
DA:211,2
DA:213,2
DA:214,6
DA:215,2
DA:216,4
DA:217,6
DA:218,6
DA:220,0
DA:229,1
DA:241,1
DA:243,2
DA:245,1
DA:246,4
DA:247,2
DA:249,2
DA:250,3
DA:251,2
DA:252,1
DA:253,1
DA:254,4
DA:256,1
DA:257,1
DA:258,1
DA:260,1
DA:262,1
DA:264,1
DA:265,2
DA:266,3
DA:267,3
DA:269,3
DA:278,0
DA:292,0
DA:294,0
DA:295,0
DA:297,0
DA:299,0
DA:300,0
DA:301,0
DA:302,0
DA:303,0
DA:304,0
DA:305,0
DA:306,0
DA:307,0
DA:309,0
DA:311,0
DA:313,0
DA:314,0
DA:315,0
DA:316,0
DA:318,0
DA:320,0
DA:321,0
DA:322,0
DA:323,0
DA:333,2
DA:334,2
DA:335,4
DA:338,0
DA:339,0
DA:340,0
DA:341,0
DA:342,0
LF:150
LH:97
end_of_record
SF:lib\renderer\material\ui\buttons\kinly_option_selector_row.dart
DA:12,1
DA:47,1
DA:49,1
DA:50,1
DA:53,1
DA:54,1
DA:55,1
DA:56,1
DA:57,1
DA:58,2
DA:59,1
DA:61,1
DA:62,0
DA:63,1
DA:64,1
DA:65,1
DA:71,1
DA:78,0
DA:80,0
DA:82,0
DA:83,0
DA:84,0
DA:85,0
DA:87,0
DA:88,0
DA:90,0
DA:96,1
DA:97,1
DA:98,3
DA:101,0
DA:105,0
DA:106,0
DA:109,0
DA:110,0
DA:112,0
DA:114,0
DA:115,0
DA:116,0
DA:117,0
DA:118,0
DA:120,0
DA:121,0
DA:122,0
DA:123,0
DA:126,0
DA:139,0
DA:142,0
DA:143,0
DA:145,0
DA:148,0
DA:149,0
DA:150,0
DA:151,0
DA:158,0
DA:169,0
DA:174,0
DA:175,0
DA:177,0
DA:178,0
DA:182,0
DA:184,0
DA:185,0
DA:187,0
DA:189,0
DA:196,0
DA:198,0
DA:199,0
DA:201,0
DA:203,0
DA:213,1
DA:229,1
DA:246,1
DA:248,1
DA:249,1
DA:251,1
DA:252,0
DA:255,3
DA:258,3
DA:259,4
DA:261,1
DA:265,1
DA:266,1
DA:267,1
DA:269,1
DA:270,1
DA:271,2
DA:272,1
DA:274,1
DA:275,1
DA:277,1
DA:278,1
DA:279,1
DA:282,1
DA:284,1
DA:285,1
DA:286,2
DA:287,2
DA:288,1
DA:289,2
DA:291,3
DA:305,1
DA:306,1
DA:307,1
DA:310,1
DA:311,1
DA:312,1
DA:313,1
DA:317,2
DA:318,0
DA:319,2
DA:320,0
DA:321,0
DA:322,0
DA:324,0
DA:325,0
DA:326,0
DA:335,0
DA:336,0
DA:337,0
DA:340,0
DA:342,0
DA:343,0
DA:344,0
LF:123
LH:58
end_of_record
SF:lib\renderer\material\ui\media\kinly_photo_capture.dart
DA:13,1
DA:30,1
DA:32,1
DA:33,1
DA:34,1
DA:36,1
DA:37,0
DA:38,1
DA:39,1
DA:41,2
DA:43,1
DA:44,1
DA:45,1
DA:46,2
DA:48,1
DA:49,1
DA:50,1
DA:52,0
DA:53,0
DA:54,0
DA:55,0
DA:57,0
DA:58,0
DA:61,0
DA:62,0
DA:63,0
DA:64,0
DA:65,0
DA:66,0
DA:72,1
DA:73,1
DA:75,1
DA:76,1
DA:79,2
DA:80,1
DA:83,2
DA:84,1
DA:85,1
DA:86,1
DA:87,0
DA:88,1
DA:89,2
DA:90,1
DA:99,1
DA:100,0
DA:101,0
DA:102,0
DA:103,0
DA:111,1
DA:113,1
DA:114,3
DA:115,2
DA:116,1
DA:118,1
DA:119,1
DA:120,1
DA:121,2
DA:122,1
DA:124,2
LF:59
LH:41
end_of_record
SF:lib\features\auth\widgets\auth_sign_out_button.dart
DA:10,1
DA:12,1
DA:14,4
DA:15,1
DA:17,2
DA:21,1
DA:22,2
LF:7
LH:7
end_of_record
SF:lib\features\offline\bloc\connectivity_cubit.dart
DA:9,1
DA:17,1
DA:21,1
DA:22,0
DA:23,0
DA:27,1
DA:28,3
DA:32,2
DA:34,2
DA:35,10
DA:41,1
DA:42,2
DA:45,1
DA:46,4
DA:49,2
DA:51,4
DA:52,2
LF:17
LH:15
end_of_record
SF:lib\features\offline\ui\offline_splash.dart
DA:14,1
DA:18,1
DA:20,1
DA:21,1
DA:22,1
DA:23,1
DA:24,1
DA:25,1
DA:27,1
DA:28,1
DA:29,1
DA:30,1
DA:31,2
DA:32,1
DA:35,1
DA:38,1
DA:39,1
DA:40,3
DA:43,1
DA:48,1
DA:49,1
DA:50,3
DA:52,1
DA:53,2
DA:58,1
DA:60,1
DA:62,1
LF:27
LH:27
end_of_record
SF:lib\foundation\registry\surface_entry.dart
DA:6,1
DA:25,1
DA:29,3
DA:30,1
DA:32,5
DA:33,1
DA:35,3
DA:36,1
DA:38,3
DA:39,1
DA:41,3
DA:44,1
DA:46,1
DA:48,1
DA:50,0
LF:15
LH:14
end_of_record
SF:lib\core\auth\fake_auth_repository.dart
DA:5,1
DA:7,2
DA:13,1
DA:14,2
DA:16,1
DA:17,1
DA:19,0
DA:21,0
DA:22,0
DA:25,0
DA:27,0
DA:28,0
DA:31,0
DA:33,0
DA:34,0
LF:15
LH:6
end_of_record
SF:lib\features\home\testing\fake_home_repository.dart
DA:8,0
DA:10,0
DA:13,0
DA:15,0
DA:20,0
DA:21,0
DA:26,0
DA:28,0
DA:31,0
DA:32,0
DA:34,0
DA:39,0
DA:45,0
DA:50,0
DA:51,0
DA:52,0
DA:56,0
DA:58,0
DA:66,0
DA:72,0
DA:73,0
DA:74,0
DA:75,0
DA:76,0
DA:77,0
DA:80,0
DA:82,0
DA:84,0
DA:86,0
DA:88,0
DA:95,0
DA:98,0
DA:101,0
LF:33
LH:0
end_of_record
SF:lib\main.dart
DA:45,0
DA:46,0
DA:49,0
DA:50,0
DA:51,0
DA:53,0
DA:56,0
DA:57,0
DA:62,0
DA:63,0
DA:64,0
DA:65,0
DA:66,0
DA:67,0
DA:68,0
DA:69,0
DA:70,0
DA:72,0
DA:73,0
DA:78,0
DA:82,0
DA:83,0
DA:84,0
DA:86,0
DA:87,0
DA:88,0
DA:93,0
DA:94,0
DA:95,0
DA:96,0
DA:97,0
DA:98,0
DA:100,0
DA:104,1
DA:106,1
DA:107,1
DA:127,1
DA:129,1
DA:130,2
DA:131,2
DA:132,3
DA:133,2
DA:134,2
DA:135,2
DA:136,2
DA:137,2
DA:139,2
DA:144,2
DA:146,1
DA:148,2
DA:149,3
DA:150,2
DA:151,2
DA:153,2
DA:154,1
DA:155,1
DA:156,1
DA:158,4
DA:159,3
DA:161,4
DA:162,2
DA:163,2
DA:166,1
DA:167,2
DA:168,0
DA:171,2
DA:175,1
DA:177,1
DA:178,2
DA:179,2
DA:180,2
DA:183,2
DA:185,0
DA:186,0
DA:191,0
DA:195,1
DA:196,2
DA:198,1
DA:199,1
DA:200,0
DA:204,0
DA:205,0
DA:211,1
DA:213,2
DA:214,2
DA:215,2
DA:216,1
DA:217,1
DA:219,2
DA:221,2
DA:222,2
DA:223,2
DA:224,1
DA:227,0
DA:229,0
DA:230,0
DA:234,1
DA:236,1
DA:237,1
DA:238,2
DA:239,2
DA:240,2
DA:242,1
DA:243,1
DA:244,1
DA:246,1
DA:252,1
DA:253,1
DA:254,1
DA:255,1
DA:256,1
DA:257,1
DA:258,1
DA:262,1
DA:263,1
DA:264,2
DA:265,0
DA:271,0
DA:272,0
DA:274,0
DA:275,0
DA:276,0
DA:278,0
DA:283,0
DA:284,0
DA:286,0
DA:287,0
DA:288,0
DA:291,1
DA:296,0
DA:299,0
DA:303,0
DA:304,0
DA:305,0
DA:306,0
DA:307,0
DA:314,0
DA:315,0
DA:317,0
DA:319,0
DA:320,0
DA:323,0
DA:326,1
DA:327,1
DA:328,1
DA:331,1
DA:332,1
DA:333,1
DA:334,1
DA:336,0
DA:343,0
DA:344,0
DA:347,0
DA:348,0
DA:349,0
DA:352,0
DA:353,0
DA:354,0
DA:355,0
DA:360,0
DA:361,0
DA:369,0
DA:370,0
DA:371,0
DA:372,0
DA:373,0
DA:380,0
DA:381,0
DA:383,0
DA:385,0
DA:386,0
DA:387,0
DA:390,0
DA:392,0
DA:394,0
DA:400,0
DA:401,0
DA:402,0
DA:406,0
DA:407,0
DA:417,0
DA:425,0
DA:426,0
DA:427,0
DA:428,0
DA:429,0
DA:433,0
DA:438,0
DA:439,0
DA:447,0
DA:448,0
DA:450,0
DA:451,0
DA:454,0
DA:455,0
DA:456,0
DA:457,0
DA:461,0
DA:462,0
DA:463,0
DA:464,0
DA:465,0
DA:468,0
DA:469,0
DA:473,1
DA:475,0
DA:477,0
DA:478,0
DA:479,0
DA:481,0
DA:484,0
LF:211
LH:82
end_of_record
SF:lib\app\router\go_router_refresh_stream.dart
DA:7,0
DA:9,1
DA:10,2
DA:11,4
DA:17,1
DA:19,2
DA:20,1
DA:22,1
LF:8
LH:7
end_of_record
SF:lib\core\purchases\revenuecat_initializer.dart
DA:10,0
DA:12,0
DA:14,0
DA:17,0
DA:18,0
DA:21,0
DA:22,0
DA:23,0
DA:25,0
DA:26,0
LF:10
LH:0
end_of_record
SF:lib\core\purchases\revenuecat_user_sync.dart
DA:7,1
DA:9,1
DA:10,0
DA:12,0
DA:15,0
DA:16,0
DA:21,0
DA:22,0
DA:23,0
DA:29,0
DA:30,0
DA:31,0
DA:35,0
DA:36,0
LF:14
LH:2
end_of_record
SF:lib\core\supabase\supabase_init.dart
DA:4,0
DA:5,0
DA:8,0
LF:3
LH:0
end_of_record
SF:lib\features\offline\ui\connectivity_gate.dart
DA:9,1
DA:13,1
DA:15,1
DA:16,3
DA:18,1
DA:19,0
DA:20,0
DA:23,1
LF:8
LH:6
end_of_record
SF:lib\renderer\material\kinly_app.dart
DA:8,1
DA:13,1
DA:15,1
DA:16,3
DA:17,1
DA:18,1
DA:19,1
DA:20,1
DA:27,1
LF:9
LH:9
end_of_record
